{"total": {"lines":{"total":5293,"covered":1039,"skipped":0,"pct":19.62},"statements":{"total":6016,"covered":1131,"skipped":0,"pct":18.79},"functions":{"total":1393,"covered":203,"skipped":0,"pct":14.57},"branches":{"total":4042,"covered":496,"skipped":0,"pct":12.27},"branchesTrue":{"total":0,"covered":0,"skipped":0,"pct":100}}
,"C:/Users/Dr Pacheco/Downloads/SwapWeb-PF-main/SwapWeb-PF-main/Frontend/src/App.jsx": {"lines":{"total":4,"covered":4,"skipped":0,"pct":100},"functions":{"total":2,"covered":2,"skipped":0,"pct":100},"statements":{"total":4,"covered":4,"skipped":0,"pct":100},"branches":{"total":3,"covered":3,"skipped":0,"pct":100}}
,"C:/Users/Dr Pacheco/Downloads/SwapWeb-PF-main/SwapWeb-PF-main/Frontend/src/categorias.js": {"lines":{"total":1,"covered":1,"skipped":0,"pct":100},"functions":{"total":0,"covered":0,"skipped":0,"pct":100},"statements":{"total":1,"covered":1,"skipped":0,"pct":100},"branches":{"total":0,"covered":0,"skipped":0,"pct":100}}
,"C:/Users/Dr Pacheco/Downloads/SwapWeb-PF-main/SwapWeb-PF-main/Frontend/src/config.js": {"lines":{"total":1,"covered":1,"skipped":0,"pct":100},"functions":{"total":0,"covered":0,"skipped":0,"pct":100},"statements":{"total":1,"covered":1,"skipped":0,"pct":100},"branches":{"total":0,"covered":0,"skipped":0,"pct":100}}
,"C:/Users/Dr Pacheco/Downloads/SwapWeb-PF-main/SwapWeb-PF-main/Frontend/src/main.jsx": {"lines":{"total":1,"covered":1,"skipped":0,"pct":100},"functions":{"total":0,"covered":0,"skipped":0,"pct":100},"statements":{"total":1,"covered":1,"skipped":0,"pct":100},"branches":{"total":0,"covered":0,"skipped":0,"pct":100}}
,"C:/Users/Dr Pacheco/Downloads/SwapWeb-PF-main/SwapWeb-PF-main/Frontend/src/Pages/Calificaciones.jsx": {"lines":{"total":61,"covered":7,"skipped":0,"pct":11.47},"functions":{"total":15,"covered":1,"skipped":0,"pct":6.66},"statements":{"total":68,"covered":8,"skipped":0,"pct":11.76},"branches":{"total":76,"covered":4,"skipped":0,"pct":5.26}}
,"C:/Users/Dr Pacheco/Downloads/SwapWeb-PF-main/SwapWeb-PF-main/Frontend/src/Pages/ComoFunciona.jsx": {"lines":{"total":13,"covered":6,"skipped":0,"pct":46.15},"functions":{"total":5,"covered":1,"skipped":0,"pct":20},"statements":{"total":16,"covered":6,"skipped":0,"pct":37.5},"branches":{"total":7,"covered":3,"skipped":0,"pct":42.85}}
,"C:/Users/Dr Pacheco/Downloads/SwapWeb-PF-main/SwapWeb-PF-main/Frontend/src/Pages/Configuracion.jsx": {"lines":{"total":96,"covered":9,"skipped":0,"pct":9.37},"functions":{"total":34,"covered":1,"skipped":0,"pct":2.94},"statements":{"total":120,"covered":10,"skipped":0,"pct":8.33},"branches":{"total":75,"covered":4,"skipped":0,"pct":5.33}}
,"C:/Users/Dr Pacheco/Downloads/SwapWeb-PF-main/SwapWeb-PF-main/Frontend/src/Pages/Contactanos.jsx": {"lines":{"total":57,"covered":5,"skipped":0,"pct":8.77},"functions":{"total":8,"covered":1,"skipped":0,"pct":12.5},"statements":{"total":66,"covered":6,"skipped":0,"pct":9.09},"branches":{"total":64,"covered":4,"skipped":0,"pct":6.25}}
,"C:/Users/Dr Pacheco/Downloads/SwapWeb-PF-main/SwapWeb-PF-main/Frontend/src/Pages/ContactarDonador.jsx": {"lines":{"total":57,"covered":6,"skipped":0,"pct":10.52},"functions":{"total":10,"covered":1,"skipped":0,"pct":10},"statements":{"total":62,"covered":7,"skipped":0,"pct":11.29},"branches":{"total":34,"covered":6,"skipped":0,"pct":17.64}}
,"C:/Users/Dr Pacheco/Downloads/SwapWeb-PF-main/SwapWeb-PF-main/Frontend/src/Pages/DetalleProducto.jsx": {"lines":{"total":156,"covered":8,"skipped":0,"pct":5.12},"functions":{"total":47,"covered":1,"skipped":0,"pct":2.12},"statements":{"total":186,"covered":9,"skipped":0,"pct":4.83},"branches":{"total":159,"covered":4,"skipped":0,"pct":2.51}}
,"C:/Users/Dr Pacheco/Downloads/SwapWeb-PF-main/SwapWeb-PF-main/Frontend/src/Pages/DonationCreateNew.jsx": {"lines":{"total":164,"covered":6,"skipped":0,"pct":3.65},"functions":{"total":51,"covered":1,"skipped":0,"pct":1.96},"statements":{"total":186,"covered":7,"skipped":0,"pct":3.76},"branches":{"total":64,"covered":6,"skipped":0,"pct":9.37}}
,"C:/Users/Dr Pacheco/Downloads/SwapWeb-PF-main/SwapWeb-PF-main/Frontend/src/Pages/DonationDetail.jsx": {"lines":{"total":138,"covered":9,"skipped":0,"pct":6.52},"functions":{"total":45,"covered":1,"skipped":0,"pct":2.22},"statements":{"total":168,"covered":10,"skipped":0,"pct":5.95},"branches":{"total":142,"covered":6,"skipped":0,"pct":4.22}}
,"C:/Users/Dr Pacheco/Downloads/SwapWeb-PF-main/SwapWeb-PF-main/Frontend/src/Pages/DonationsList.jsx": {"lines":{"total":42,"covered":5,"skipped":0,"pct":11.9},"functions":{"total":17,"covered":1,"skipped":0,"pct":5.88},"statements":{"total":48,"covered":6,"skipped":0,"pct":12.5},"branches":{"total":35,"covered":4,"skipped":0,"pct":11.42}}
,"C:/Users/Dr Pacheco/Downloads/SwapWeb-PF-main/SwapWeb-PF-main/Frontend/src/Pages/Editar.jsx": {"lines":{"total":199,"covered":12,"skipped":0,"pct":6.03},"functions":{"total":32,"covered":1,"skipped":0,"pct":3.12},"statements":{"total":210,"covered":13,"skipped":0,"pct":6.19},"branches":{"total":111,"covered":4,"skipped":0,"pct":3.6}}
,"C:/Users/Dr Pacheco/Downloads/SwapWeb-PF-main/SwapWeb-PF-main/Frontend/src/Pages/EditarDonacion.jsx": {"lines":{"total":211,"covered":7,"skipped":0,"pct":3.31},"functions":{"total":64,"covered":1,"skipped":0,"pct":1.56},"statements":{"total":248,"covered":8,"skipped":0,"pct":3.22},"branches":{"total":102,"covered":6,"skipped":0,"pct":5.88}}
,"C:/Users/Dr Pacheco/Downloads/SwapWeb-PF-main/SwapWeb-PF-main/Frontend/src/Pages/EditarProducto.jsx": {"lines":{"total":204,"covered":7,"skipped":0,"pct":3.43},"functions":{"total":60,"covered":1,"skipped":0,"pct":1.66},"statements":{"total":241,"covered":8,"skipped":0,"pct":3.31},"branches":{"total":89,"covered":4,"skipped":0,"pct":4.49}}
,"C:/Users/Dr Pacheco/Downloads/SwapWeb-PF-main/SwapWeb-PF-main/Frontend/src/Pages/EditarSolicitud.jsx": {"lines":{"total":144,"covered":6,"skipped":0,"pct":4.16},"functions":{"total":47,"covered":1,"skipped":0,"pct":2.12},"statements":{"total":164,"covered":7,"skipped":0,"pct":4.26},"branches":{"total":53,"covered":4,"skipped":0,"pct":7.54}}
,"C:/Users/Dr Pacheco/Downloads/SwapWeb-PF-main/SwapWeb-PF-main/Frontend/src/Pages/Favoritos.jsx": {"lines":{"total":25,"covered":5,"skipped":0,"pct":20},"functions":{"total":11,"covered":1,"skipped":0,"pct":9.09},"statements":{"total":32,"covered":6,"skipped":0,"pct":18.75},"branches":{"total":17,"covered":4,"skipped":0,"pct":23.52}}
,"C:/Users/Dr Pacheco/Downloads/SwapWeb-PF-main/SwapWeb-PF-main/Frontend/src/Pages/ForgotPassword.jsx": {"lines":{"total":20,"covered":4,"skipped":0,"pct":20},"functions":{"total":4,"covered":1,"skipped":0,"pct":25},"statements":{"total":23,"covered":5,"skipped":0,"pct":21.73},"branches":{"total":10,"covered":3,"skipped":0,"pct":30}}
,"C:/Users/Dr Pacheco/Downloads/SwapWeb-PF-main/SwapWeb-PF-main/Frontend/src/Pages/Home.jsx": {"lines":{"total":202,"covered":36,"skipped":0,"pct":17.82},"functions":{"total":59,"covered":3,"skipped":0,"pct":5.08},"statements":{"total":222,"covered":40,"skipped":0,"pct":18.01},"branches":{"total":203,"covered":26,"skipped":0,"pct":12.8}}
,"C:/Users/Dr Pacheco/Downloads/SwapWeb-PF-main/SwapWeb-PF-main/Frontend/src/Pages/Intercambiar.jsx": {"lines":{"total":91,"covered":6,"skipped":0,"pct":6.59},"functions":{"total":24,"covered":1,"skipped":0,"pct":4.16},"statements":{"total":102,"covered":7,"skipped":0,"pct":6.86},"branches":{"total":49,"covered":4,"skipped":0,"pct":8.16}}
,"C:/Users/Dr Pacheco/Downloads/SwapWeb-PF-main/SwapWeb-PF-main/Frontend/src/Pages/Login.jsx": {"lines":{"total":33,"covered":28,"skipped":0,"pct":84.84},"functions":{"total":10,"covered":6,"skipped":0,"pct":60},"statements":{"total":40,"covered":31,"skipped":0,"pct":77.5},"branches":{"total":21,"covered":10,"skipped":0,"pct":47.61}}
,"C:/Users/Dr Pacheco/Downloads/SwapWeb-PF-main/SwapWeb-PF-main/Frontend/src/Pages/PerfilPublico.jsx": {"lines":{"total":63,"covered":6,"skipped":0,"pct":9.52},"functions":{"total":17,"covered":1,"skipped":0,"pct":5.88},"statements":{"total":70,"covered":7,"skipped":0,"pct":10},"branches":{"total":40,"covered":4,"skipped":0,"pct":10}}
,"C:/Users/Dr Pacheco/Downloads/SwapWeb-PF-main/SwapWeb-PF-main/Frontend/src/Pages/PerfilUsuario.jsx": {"lines":{"total":1440,"covered":329,"skipped":0,"pct":22.84},"functions":{"total":309,"covered":61,"skipped":0,"pct":19.74},"statements":{"total":1633,"covered":348,"skipped":0,"pct":21.31},"branches":{"total":1305,"covered":129,"skipped":0,"pct":9.88}}
,"C:/Users/Dr Pacheco/Downloads/SwapWeb-PF-main/SwapWeb-PF-main/Frontend/src/Pages/Privacidad.jsx": {"lines":{"total":10,"covered":4,"skipped":0,"pct":40},"functions":{"total":4,"covered":1,"skipped":0,"pct":25},"statements":{"total":13,"covered":4,"skipped":0,"pct":30.76},"branches":{"total":7,"covered":3,"skipped":0,"pct":42.85}}
,"C:/Users/Dr Pacheco/Downloads/SwapWeb-PF-main/SwapWeb-PF-main/Frontend/src/Pages/PublicarProducto.jsx": {"lines":{"total":234,"covered":142,"skipped":0,"pct":60.68},"functions":{"total":52,"covered":28,"skipped":0,"pct":53.84},"statements":{"total":255,"covered":151,"skipped":0,"pct":59.21},"branches":{"total":71,"covered":25,"skipped":0,"pct":35.21}}
,"C:/Users/Dr Pacheco/Downloads/SwapWeb-PF-main/SwapWeb-PF-main/Frontend/src/Pages/Register.jsx": {"lines":{"total":60,"covered":5,"skipped":0,"pct":8.33},"functions":{"total":20,"covered":1,"skipped":0,"pct":5},"statements":{"total":71,"covered":5,"skipped":0,"pct":7.04},"branches":{"total":39,"covered":3,"skipped":0,"pct":7.69}}
,"C:/Users/Dr Pacheco/Downloads/SwapWeb-PF-main/SwapWeb-PF-main/Frontend/src/Pages/RequestCreateNew.jsx": {"lines":{"total":145,"covered":6,"skipped":0,"pct":4.13},"functions":{"total":43,"covered":1,"skipped":0,"pct":2.32},"statements":{"total":163,"covered":7,"skipped":0,"pct":4.29},"branches":{"total":61,"covered":6,"skipped":0,"pct":9.83}}
,"C:/Users/Dr Pacheco/Downloads/SwapWeb-PF-main/SwapWeb-PF-main/Frontend/src/Pages/RequestDetail.jsx": {"lines":{"total":5,"covered":4,"skipped":0,"pct":80},"functions":{"total":2,"covered":1,"skipped":0,"pct":50},"statements":{"total":5,"covered":4,"skipped":0,"pct":80},"branches":{"total":3,"covered":3,"skipped":0,"pct":100}}
,"C:/Users/Dr Pacheco/Downloads/SwapWeb-PF-main/SwapWeb-PF-main/Frontend/src/Pages/RequestsList.jsx": {"lines":{"total":69,"covered":6,"skipped":0,"pct":8.69},"functions":{"total":23,"covered":1,"skipped":0,"pct":4.34},"statements":{"total":77,"covered":7,"skipped":0,"pct":9.09},"branches":{"total":55,"covered":6,"skipped":0,"pct":10.9}}
,"C:/Users/Dr Pacheco/Downloads/SwapWeb-PF-main/SwapWeb-PF-main/Frontend/src/Pages/ResetPassword.jsx": {"lines":{"total":28,"covered":5,"skipped":0,"pct":17.85},"functions":{"total":10,"covered":1,"skipped":0,"pct":10},"statements":{"total":37,"covered":5,"skipped":0,"pct":13.51},"branches":{"total":21,"covered":3,"skipped":0,"pct":14.28}}
,"C:/Users/Dr Pacheco/Downloads/SwapWeb-PF-main/SwapWeb-PF-main/Frontend/src/Pages/SobreNosotros.jsx": {"lines":{"total":20,"covered":4,"skipped":0,"pct":20},"functions":{"total":8,"covered":1,"skipped":0,"pct":12.5},"statements":{"total":23,"covered":4,"skipped":0,"pct":17.39},"branches":{"total":7,"covered":3,"skipped":0,"pct":42.85}}
,"C:/Users/Dr Pacheco/Downloads/SwapWeb-PF-main/SwapWeb-PF-main/Frontend/src/components/ArticuloCard.jsx": {"lines":{"total":19,"covered":13,"skipped":0,"pct":68.42},"functions":{"total":6,"covered":2,"skipped":0,"pct":33.33},"statements":{"total":19,"covered":13,"skipped":0,"pct":68.42},"branches":{"total":43,"covered":23,"skipped":0,"pct":53.48}}
,"C:/Users/Dr Pacheco/Downloads/SwapWeb-PF-main/SwapWeb-PF-main/Frontend/src/components/BackButton.jsx": {"lines":{"total":12,"covered":8,"skipped":0,"pct":66.66},"functions":{"total":4,"covered":3,"skipped":0,"pct":75},"statements":{"total":18,"covered":11,"skipped":0,"pct":61.11},"branches":{"total":12,"covered":5,"skipped":0,"pct":41.66}}
,"C:/Users/Dr Pacheco/Downloads/SwapWeb-PF-main/SwapWeb-PF-main/Frontend/src/components/Carousel.jsx": {"lines":{"total":72,"covered":24,"skipped":0,"pct":33.33},"functions":{"total":22,"covered":2,"skipped":0,"pct":9.09},"statements":{"total":90,"covered":27,"skipped":0,"pct":30},"branches":{"total":28,"covered":4,"skipped":0,"pct":14.28}}
,"C:/Users/Dr Pacheco/Downloads/SwapWeb-PF-main/SwapWeb-PF-main/Frontend/src/components/ChatBubble.jsx": {"lines":{"total":225,"covered":6,"skipped":0,"pct":2.66},"functions":{"total":52,"covered":1,"skipped":0,"pct":1.92},"statements":{"total":256,"covered":7,"skipped":0,"pct":2.73},"branches":{"total":291,"covered":4,"skipped":0,"pct":1.37}}
,"C:/Users/Dr Pacheco/Downloads/SwapWeb-PF-main/SwapWeb-PF-main/Frontend/src/components/ConfirmModal.jsx": {"lines":{"total":8,"covered":5,"skipped":0,"pct":62.5},"functions":{"total":3,"covered":2,"skipped":0,"pct":66.66},"statements":{"total":9,"covered":6,"skipped":0,"pct":66.66},"branches":{"total":8,"covered":4,"skipped":0,"pct":50}}
,"C:/Users/Dr Pacheco/Downloads/SwapWeb-PF-main/SwapWeb-PF-main/Frontend/src/components/DeleteModal.jsx": {"lines":{"total":6,"covered":5,"skipped":0,"pct":83.33},"functions":{"total":2,"covered":2,"skipped":0,"pct":100},"statements":{"total":7,"covered":6,"skipped":0,"pct":85.71},"branches":{"total":4,"covered":4,"skipped":0,"pct":100}}
,"C:/Users/Dr Pacheco/Downloads/SwapWeb-PF-main/SwapWeb-PF-main/Frontend/src/components/DonationCard.jsx": {"lines":{"total":52,"covered":5,"skipped":0,"pct":9.61},"functions":{"total":22,"covered":1,"skipped":0,"pct":4.54},"statements":{"total":62,"covered":5,"skipped":0,"pct":8.06},"branches":{"total":85,"covered":3,"skipped":0,"pct":3.52}}
,"C:/Users/Dr Pacheco/Downloads/SwapWeb-PF-main/SwapWeb-PF-main/Frontend/src/components/Footer.jsx": {"lines":{"total":21,"covered":17,"skipped":0,"pct":80.95},"functions":{"total":6,"covered":5,"skipped":0,"pct":83.33},"statements":{"total":24,"covered":20,"skipped":0,"pct":83.33},"branches":{"total":8,"covered":6,"skipped":0,"pct":75}}
,"C:/Users/Dr Pacheco/Downloads/SwapWeb-PF-main/SwapWeb-PF-main/Frontend/src/components/Header.jsx": {"lines":{"total":250,"covered":88,"skipped":0,"pct":35.2},"functions":{"total":68,"covered":20,"skipped":0,"pct":29.41},"statements":{"total":266,"covered":96,"skipped":0,"pct":36.09},"branches":{"total":189,"covered":73,"skipped":0,"pct":38.62}}
,"C:/Users/Dr Pacheco/Downloads/SwapWeb-PF-main/SwapWeb-PF-main/Frontend/src/components/Logo.jsx": {"lines":{"total":8,"covered":7,"skipped":0,"pct":87.5},"functions":{"total":4,"covered":3,"skipped":0,"pct":75},"statements":{"total":11,"covered":10,"skipped":0,"pct":90.9},"branches":{"total":13,"covered":8,"skipped":0,"pct":61.53}}
,"C:/Users/Dr Pacheco/Downloads/SwapWeb-PF-main/SwapWeb-PF-main/Frontend/src/components/Notification.jsx": {"lines":{"total":9,"covered":4,"skipped":0,"pct":44.44},"functions":{"total":5,"covered":1,"skipped":0,"pct":20},"statements":{"total":12,"covered":5,"skipped":0,"pct":41.66},"branches":{"total":5,"covered":3,"skipped":0,"pct":60}}
,"C:/Users/Dr Pacheco/Downloads/SwapWeb-PF-main/SwapWeb-PF-main/Frontend/src/components/NotificationDropdown.jsx": {"lines":{"total":82,"covered":5,"skipped":0,"pct":6.09},"functions":{"total":21,"covered":1,"skipped":0,"pct":4.76},"statements":{"total":97,"covered":6,"skipped":0,"pct":6.18},"branches":{"total":62,"covered":4,"skipped":0,"pct":6.45}}
,"C:/Users/Dr Pacheco/Downloads/SwapWeb-PF-main/SwapWeb-PF-main/Frontend/src/components/Pagination.jsx": {"lines":{"total":14,"covered":6,"skipped":0,"pct":42.85},"functions":{"total":7,"covered":1,"skipped":0,"pct":14.28},"statements":{"total":15,"covered":6,"skipped":0,"pct":40},"branches":{"total":12,"covered":3,"skipped":0,"pct":25}}
,"C:/Users/Dr Pacheco/Downloads/SwapWeb-PF-main/SwapWeb-PF-main/Frontend/src/components/PerfilDetallesBox.jsx": {"lines":{"total":5,"covered":5,"skipped":0,"pct":100},"functions":{"total":2,"covered":2,"skipped":0,"pct":100},"statements":{"total":5,"covered":5,"skipped":0,"pct":100},"branches":{"total":13,"covered":9,"skipped":0,"pct":69.23}}
,"C:/Users/Dr Pacheco/Downloads/SwapWeb-PF-main/SwapWeb-PF-main/Frontend/src/components/ProductCard.jsx": {"lines":{"total":38,"covered":5,"skipped":0,"pct":13.15},"functions":{"total":11,"covered":1,"skipped":0,"pct":9.09},"statements":{"total":44,"covered":6,"skipped":0,"pct":13.63},"branches":{"total":35,"covered":4,"skipped":0,"pct":11.42}}
,"C:/Users/Dr Pacheco/Downloads/SwapWeb-PF-main/SwapWeb-PF-main/Frontend/src/components/ProductsPerPage.jsx": {"lines":{"total":7,"covered":4,"skipped":0,"pct":57.14},"functions":{"total":4,"covered":1,"skipped":0,"pct":25},"statements":{"total":7,"covered":4,"skipped":0,"pct":57.14},"branches":{"total":4,"covered":3,"skipped":0,"pct":75}}
,"C:/Users/Dr Pacheco/Downloads/SwapWeb-PF-main/SwapWeb-PF-main/Frontend/src/components/ProtectedRoute.jsx": {"lines":{"total":8,"covered":7,"skipped":0,"pct":87.5},"functions":{"total":2,"covered":2,"skipped":0,"pct":100},"statements":{"total":8,"covered":7,"skipped":0,"pct":87.5},"branches":{"total":6,"covered":5,"skipped":0,"pct":83.33}}
,"C:/Users/Dr Pacheco/Downloads/SwapWeb-PF-main/SwapWeb-PF-main/Frontend/src/components/QuienesSomos.jsx": {"lines":{"total":5,"covered":5,"skipped":0,"pct":100},"functions":{"total":2,"covered":2,"skipped":0,"pct":100},"statements":{"total":5,"covered":5,"skipped":0,"pct":100},"branches":{"total":3,"covered":3,"skipped":0,"pct":100}}
,"C:/Users/Dr Pacheco/Downloads/SwapWeb-PF-main/SwapWeb-PF-main/Frontend/src/components/RatingModal.jsx": {"lines":{"total":44,"covered":4,"skipped":0,"pct":9.09},"functions":{"total":11,"covered":1,"skipped":0,"pct":9.09},"statements":{"total":50,"covered":6,"skipped":0,"pct":12},"branches":{"total":24,"covered":4,"skipped":0,"pct":16.66}}
,"C:/Users/Dr Pacheco/Downloads/SwapWeb-PF-main/SwapWeb-PF-main/Frontend/src/components/StepperIntercambio.jsx": {"lines":{"total":12,"covered":3,"skipped":0,"pct":25},"functions":{"total":4,"covered":1,"skipped":0,"pct":25},"statements":{"total":12,"covered":3,"skipped":0,"pct":25},"branches":{"total":21,"covered":3,"skipped":0,"pct":14.28}}
,"C:/Users/Dr Pacheco/Downloads/SwapWeb-PF-main/SwapWeb-PF-main/Frontend/src/components/ThanksModal.jsx": {"lines":{"total":12,"covered":12,"skipped":0,"pct":100},"functions":{"total":5,"covered":5,"skipped":0,"pct":100},"statements":{"total":16,"covered":16,"skipped":0,"pct":100},"branches":{"total":8,"covered":6,"skipped":0,"pct":75}}
,"C:/Users/Dr Pacheco/Downloads/SwapWeb-PF-main/SwapWeb-PF-main/Frontend/src/components/ToastProvider.jsx": {"lines":{"total":28,"covered":15,"skipped":0,"pct":53.57},"functions":{"total":15,"covered":4,"skipped":0,"pct":26.66},"statements":{"total":39,"covered":21,"skipped":0,"pct":53.84},"branches":{"total":10,"covered":4,"skipped":0,"pct":40}}
,"C:/Users/Dr Pacheco/Downloads/SwapWeb-PF-main/SwapWeb-PF-main/Frontend/src/components/TransactionCard.jsx": {"lines":{"total":40,"covered":4,"skipped":0,"pct":10},"functions":{"total":8,"covered":1,"skipped":0,"pct":12.5},"statements":{"total":40,"covered":4,"skipped":0,"pct":10},"branches":{"total":91,"covered":3,"skipped":0,"pct":3.29}}
,"C:/Users/Dr Pacheco/Downloads/SwapWeb-PF-main/SwapWeb-PF-main/Frontend/src/hooks/useDarkMode.js": {"lines":{"total":12,"covered":10,"skipped":0,"pct":83.33},"functions":{"total":5,"covered":3,"skipped":0,"pct":60},"statements":{"total":13,"covered":10,"skipped":0,"pct":76.92},"branches":{"total":4,"covered":3,"skipped":0,"pct":75}}
,"C:/Users/Dr Pacheco/Downloads/SwapWeb-PF-main/SwapWeb-PF-main/Frontend/src/hooks/useNotifications.js": {"lines":{"total":60,"covered":27,"skipped":0,"pct":45},"functions":{"total":20,"covered":5,"skipped":0,"pct":25},"statements":{"total":71,"covered":28,"skipped":0,"pct":39.43},"branches":{"total":11,"covered":2,"skipped":0,"pct":18.18}}
,"C:/Users/Dr Pacheco/Downloads/SwapWeb-PF-main/SwapWeb-PF-main/Frontend/src/hooks/useProducts.js": {"lines":{"total":74,"covered":13,"skipped":0,"pct":17.56},"functions":{"total":18,"covered":1,"skipped":0,"pct":5.55},"statements":{"total":79,"covered":13,"skipped":0,"pct":16.45},"branches":{"total":52,"covered":0,"skipped":0,"pct":0}}
,"C:/Users/Dr Pacheco/Downloads/SwapWeb-PF-main/SwapWeb-PF-main/Frontend/src/services/api.js": {"lines":{"total":34,"covered":5,"skipped":0,"pct":14.7},"functions":{"total":5,"covered":0,"skipped":0,"pct":0},"statements":{"total":35,"covered":5,"skipped":0,"pct":14.28},"branches":{"total":4,"covered":0,"skipped":0,"pct":0}}
,"C:/Users/Dr Pacheco/Downloads/SwapWeb-PF-main/SwapWeb-PF-main/Frontend/src/services/notificationService.js": {"lines":{"total":66,"covered":7,"skipped":0,"pct":10.6},"functions":{"total":10,"covered":1,"skipped":0,"pct":10},"statements":{"total":66,"covered":7,"skipped":0,"pct":10.6},"branches":{"total":32,"covered":5,"skipped":0,"pct":15.62}}
,"C:/Users/Dr Pacheco/Downloads/SwapWeb-PF-main/SwapWeb-PF-main/Frontend/src/utils/darkModeDetector.js": {"lines":{"total":12,"covered":7,"skipped":0,"pct":58.33},"functions":{"total":3,"covered":2,"skipped":0,"pct":66.66},"statements":{"total":12,"covered":7,"skipped":0,"pct":58.33},"branches":{"total":5,"covered":1,"skipped":0,"pct":20}}
,"C:/Users/Dr Pacheco/Downloads/SwapWeb-PF-main/SwapWeb-PF-main/Frontend/src/utils/getProductImageUrl.js": {"lines":{"total":28,"covered":12,"skipped":0,"pct":42.85},"functions":{"total":1,"covered":1,"skipped":0,"pct":100},"statements":{"total":33,"covered":12,"skipped":0,"pct":36.36},"branches":{"total":23,"covered":3,"skipped":0,"pct":13.04}}
,"C:/Users/Dr Pacheco/Downloads/SwapWeb-PF-main/SwapWeb-PF-main/Frontend/src/utils/normalizeImageUrl.js": {"lines":{"total":7,"covered":2,"skipped":0,"pct":28.57},"functions":{"total":1,"covered":0,"skipped":0,"pct":0},"statements":{"total":10,"covered":2,"skipped":0,"pct":20},"branches":{"total":9,"covered":0,"skipped":0,"pct":0}}
,"C:/Users/Dr Pacheco/Downloads/SwapWeb-PF-main/SwapWeb-PF-main/Frontend/src/utils/productEvents.js": {"lines":{"total":29,"covered":9,"skipped":0,"pct":31.03},"functions":{"total":11,"covered":2,"skipped":0,"pct":18.18},"statements":{"total":29,"covered":9,"skipped":0,"pct":31.03},"branches":{"total":4,"covered":0,"skipped":0,"pct":0}}
}
