TN:
SF:src\App.jsx
FN:1,(anonymous_0)
FN:33,App
FNF:2
FNH:2
FNDA:2,(anonymous_0)
FNDA:4,App
DA:1,16
DA:34,4
DA:88,2
DA:90,2
LF:4
LH:4
BRDA:1,0,0,4
BRDA:1,0,1,2
BRDA:1,1,0,2
BRF:3
BRH:3
end_of_record
TN:
SF:src\categorias.js
FNF:0
FNH:0
DA:4,2
LF:1
LH:1
BRF:0
BRH:0
end_of_record
TN:
SF:src\config.js
FNF:0
FNH:0
DA:3,2
LF:1
LH:1
BRF:0
BRH:0
end_of_record
TN:
SF:src\main.jsx
FNF:0
FNH:0
DA:7,2
LF:1
LH:1
BRF:0
BRH:0
end_of_record
TN:
SF:src\Pages\Calificaciones.jsx
FN:1,(anonymous_0)
FN:8,(anonymous_1)
FN:12,(anonymous_2)
FN:18,(anonymous_3)
FN:34,(anonymous_4)
FN:38,(anonymous_5)
FN:40,(anonymous_6)
FN:49,(anonymous_7)
FN:56,(anonymous_8)
FN:70,(anonymous_9)
FN:97,(anonymous_10)
FN:107,(anonymous_11)
FN:133,(anonymous_12)
FN:166,(anonymous_13)
FN:12,(anonymous_14)
FNF:15
FNH:1
FNDA:4,(anonymous_0)
FNDA:0,(anonymous_1)
FNDA:0,(anonymous_2)
FNDA:0,(anonymous_3)
FNDA:0,(anonymous_4)
FNDA:0,(anonymous_5)
FNDA:0,(anonymous_6)
FNDA:0,(anonymous_7)
FNDA:0,(anonymous_8)
FNDA:0,(anonymous_9)
FNDA:0,(anonymous_10)
FNDA:0,(anonymous_11)
FNDA:0,(anonymous_12)
FNDA:0,(anonymous_13)
FNDA:0,(anonymous_14)
DA:1,18
DA:8,2
DA:9,0
DA:10,2
DA:12,2
DA:13,0
DA:14,2
DA:15,0
DA:16,0
DA:18,0
DA:19,0
DA:20,0
DA:21,0
DA:22,0
DA:23,0
DA:24,0
DA:25,0
DA:26,0
DA:27,0
DA:28,0
DA:30,0
DA:34,0
DA:35,0
DA:38,0
DA:40,0
DA:41,0
DA:42,0
DA:43,0
DA:46,0
DA:49,0
DA:50,0
DA:51,0
DA:54,0
DA:56,0
DA:57,0
DA:58,0
DA:62,0
DA:70,0
DA:99,0
DA:100,0
DA:101,0
DA:103,0
DA:104,0
DA:106,0
DA:107,0
DA:108,0
DA:110,0
DA:111,0
DA:113,0
DA:115,0
DA:120,0
DA:133,0
DA:167,0
DA:168,0
DA:169,0
DA:170,0
DA:171,0
DA:173,0
DA:174,0
DA:206,2
DA:208,4
LF:61
LH:7
BRDA:1,0,0,2
BRDA:1,0,1,0
BRDA:1,1,0,2
BRDA:1,2,0,2
BRDA:1,2,1,2
BRDA:9,3,0,0
BRDA:9,3,1,0
BRDA:19,4,0,0
BRDA:22,5,0,0
BRDA:24,6,0,0
BRDA:24,6,1,0
BRDA:25,7,0,0
BRDA:25,7,1,0
BRDA:25,7,2,0
BRDA:25,7,3,0
BRDA:26,8,0,0
BRDA:26,8,1,0
BRDA:26,8,2,0
BRDA:28,9,0,0
BRDA:28,9,1,0
BRDA:28,9,2,0
BRDA:28,9,3,0
BRDA:42,10,0,0
BRDA:42,11,0,0
BRDA:42,11,1,0
BRDA:50,12,0,0
BRDA:80,13,0,0
BRDA:80,13,1,0
BRDA:99,14,0,0
BRDA:99,14,1,0
BRDA:99,14,2,0
BRDA:100,15,0,0
BRDA:100,15,1,0
BRDA:100,15,2,0
BRDA:103,16,0,0
BRDA:104,17,0,0
BRDA:104,17,1,0
BRDA:104,17,2,0
BRDA:106,18,0,0
BRDA:106,18,1,0
BRDA:111,19,0,0
BRDA:111,19,1,0
BRDA:115,20,0,0
BRDA:115,20,1,0
BRDA:123,21,0,0
BRDA:123,21,1,0
BRDA:136,22,0,0
BRDA:136,22,1,0
BRDA:138,23,0,0
BRDA:138,23,1,0
BRDA:138,24,0,0
BRDA:138,24,1,0
BRDA:155,25,0,0
BRDA:155,25,1,0
BRDA:155,26,0,0
BRDA:155,26,1,0
BRDA:158,27,0,0
BRDA:158,27,1,0
BRDA:158,28,0,0
BRDA:158,28,1,0
BRDA:159,29,0,0
BRDA:159,29,1,0
BRDA:160,30,0,0
BRDA:160,30,1,0
BRDA:162,31,0,0
BRDA:162,31,1,0
BRDA:163,32,0,0
BRDA:163,32,1,0
BRDA:169,33,0,0
BRDA:169,33,1,0
BRDA:180,34,0,0
BRDA:180,34,1,0
BRDA:182,35,0,0
BRDA:182,35,1,0
BRDA:188,36,0,0
BRDA:188,36,1,0
BRF:76
BRH:4
end_of_record
TN:
SF:src\Pages\ComoFunciona.jsx
FN:1,(anonymous_0)
FN:6,(anonymous_1)
FN:18,ComoFunciona
FN:21,(anonymous_3)
FN:18,(anonymous_4)
FNF:5
FNH:1
FNDA:4,(anonymous_0)
FNDA:0,(anonymous_1)
FNDA:0,ComoFunciona
FNDA:0,(anonymous_3)
FNDA:0,(anonymous_4)
DA:1,20
DA:6,2
DA:7,0
DA:16,2
DA:18,4
DA:19,2
DA:21,0
DA:22,0
DA:23,0
DA:24,0
DA:25,0
DA:30,0
DA:81,2
LF:13
LH:6
BRDA:1,0,0,4
BRDA:1,0,1,2
BRDA:1,1,0,2
BRDA:22,2,0,0
BRDA:24,3,0,0
BRDA:24,4,0,0
BRDA:24,4,1,0
BRF:7
BRH:3
end_of_record
TN:
SF:src\Pages\Configuracion.jsx
FN:1,(anonymous_0)
FN:10,(anonymous_1)
FN:18,(anonymous_2)
FN:31,(anonymous_3)
FN:53,(anonymous_4)
FN:79,(anonymous_5)
FN:87,(anonymous_6)
FN:91,(anonymous_7)
FN:93,(anonymous_8)
FN:100,(anonymous_9)
FN:104,(anonymous_10)
FN:123,(anonymous_11)
FN:125,(anonymous_12)
FN:131,(anonymous_13)
FN:152,(anonymous_14)
FN:157,(anonymous_15)
FN:194,(anonymous_16)
FN:204,(anonymous_17)
FN:210,(anonymous_18)
FN:212,(anonymous_19)
FN:487,(anonymous_20)
FN:487,(anonymous_21)
FN:488,(anonymous_22)
FN:488,(anonymous_23)
FN:526,(anonymous_24)
FN:526,(anonymous_25)
FN:527,(anonymous_26)
FN:527,(anonymous_27)
FN:565,(anonymous_28)
FN:565,(anonymous_29)
FN:566,(anonymous_30)
FN:566,(anonymous_31)
FN:610,(anonymous_32)
FN:31,(anonymous_33)
FNF:34
FNH:1
FNDA:6,(anonymous_0)
FNDA:0,(anonymous_1)
FNDA:0,(anonymous_2)
FNDA:0,(anonymous_3)
FNDA:0,(anonymous_4)
FNDA:0,(anonymous_5)
FNDA:0,(anonymous_6)
FNDA:0,(anonymous_7)
FNDA:0,(anonymous_8)
FNDA:0,(anonymous_9)
FNDA:0,(anonymous_10)
FNDA:0,(anonymous_11)
FNDA:0,(anonymous_12)
FNDA:0,(anonymous_13)
FNDA:0,(anonymous_14)
FNDA:0,(anonymous_15)
FNDA:0,(anonymous_16)
FNDA:0,(anonymous_17)
FNDA:0,(anonymous_18)
FNDA:0,(anonymous_19)
FNDA:0,(anonymous_20)
FNDA:0,(anonymous_21)
FNDA:0,(anonymous_22)
FNDA:0,(anonymous_23)
FNDA:0,(anonymous_24)
FNDA:0,(anonymous_25)
FNDA:0,(anonymous_26)
FNDA:0,(anonymous_27)
FNDA:0,(anonymous_28)
FNDA:0,(anonymous_29)
FNDA:0,(anonymous_30)
FNDA:0,(anonymous_31)
FNDA:0,(anonymous_32)
FNDA:0,(anonymous_33)
DA:1,20
DA:10,2
DA:17,2
DA:18,2
DA:29,2
DA:31,2
DA:32,2
DA:34,0
DA:53,0
DA:54,0
DA:55,0
DA:56,0
DA:64,0
DA:67,0
DA:69,0
DA:75,0
DA:76,0
DA:77,0
DA:79,0
DA:80,0
DA:81,0
DA:82,0
DA:87,0
DA:88,0
DA:91,0
DA:92,0
DA:93,0
DA:100,0
DA:101,0
DA:102,0
DA:104,0
DA:105,0
DA:106,0
DA:109,0
DA:110,0
DA:111,0
DA:113,0
DA:117,0
DA:119,0
DA:123,0
DA:124,0
DA:125,0
DA:131,0
DA:132,0
DA:133,0
DA:134,0
DA:135,0
DA:137,0
DA:138,0
DA:146,0
DA:147,0
DA:148,0
DA:149,0
DA:150,0
DA:152,0
DA:153,0
DA:154,0
DA:157,0
DA:158,0
DA:159,0
DA:160,0
DA:161,0
DA:162,0
DA:163,0
DA:164,0
DA:167,0
DA:169,0
DA:176,0
DA:182,0
DA:184,0
DA:187,0
DA:188,0
DA:190,0
DA:191,0
DA:194,0
DA:195,0
DA:199,0
DA:200,0
DA:201,0
DA:204,0
DA:205,0
DA:210,0
DA:212,0
DA:213,0
DA:214,0
DA:215,0
DA:219,0
DA:487,0
DA:488,0
DA:526,0
DA:527,0
DA:565,0
DA:566,0
DA:610,0
DA:619,2
DA:621,6
LF:96
LH:9
BRDA:1,0,0,2
BRDA:1,0,1,0
BRDA:1,1,0,2
BRDA:1,2,0,2
BRDA:1,2,1,2
BRDA:10,3,0,0
BRDA:10,3,1,0
BRDA:18,4,0,0
BRDA:18,4,1,0
BRDA:55,5,0,0
BRDA:59,6,0,0
BRDA:59,6,1,0
BRDA:61,7,0,0
BRDA:61,7,1,0
BRDA:81,8,0,0
BRDA:95,9,0,0
BRDA:95,9,1,0
BRDA:110,10,0,0
BRDA:133,11,0,0
BRDA:161,12,0,0
BRDA:182,13,0,0
BRDA:213,14,0,0
BRDA:262,15,0,0
BRDA:262,15,1,0
BRDA:296,16,0,0
BRDA:296,16,1,0
BRDA:307,17,0,0
BRDA:307,17,1,0
BRDA:326,18,0,0
BRDA:326,18,1,0
BRDA:337,19,0,0
BRDA:337,19,1,0
BRDA:356,20,0,0
BRDA:356,20,1,0
BRDA:367,21,0,0
BRDA:367,21,1,0
BRDA:386,22,0,0
BRDA:386,22,1,0
BRDA:397,23,0,0
BRDA:397,23,1,0
BRDA:427,24,0,0
BRDA:427,24,1,0
BRDA:473,25,0,0
BRDA:473,25,1,0
BRDA:485,26,0,0
BRDA:485,26,1,0
BRDA:486,27,0,0
BRDA:486,27,1,0
BRDA:488,28,0,0
BRDA:488,29,0,0
BRDA:488,29,1,0
BRDA:490,30,0,0
BRDA:490,30,1,0
BRDA:512,31,0,0
BRDA:512,31,1,0
BRDA:524,32,0,0
BRDA:524,32,1,0
BRDA:525,33,0,0
BRDA:525,33,1,0
BRDA:527,34,0,0
BRDA:527,35,0,0
BRDA:527,35,1,0
BRDA:529,36,0,0
BRDA:529,36,1,0
BRDA:551,37,0,0
BRDA:551,37,1,0
BRDA:563,38,0,0
BRDA:563,38,1,0
BRDA:564,39,0,0
BRDA:564,39,1,0
BRDA:566,40,0,0
BRDA:566,41,0,0
BRDA:566,41,1,0
BRDA:568,42,0,0
BRDA:568,42,1,0
BRF:75
BRH:4
end_of_record
TN:
SF:src\Pages\Contactanos.jsx
FN:1,(anonymous_0)
FN:17,Contactanos
FN:26,(anonymous_2)
FN:35,(anonymous_3)
FN:45,(anonymous_4)
FN:51,(anonymous_5)
FN:129,(anonymous_6)
FN:17,(anonymous_7)
FNF:8
FNH:1
FNDA:2,(anonymous_0)
FNDA:0,Contactanos
FNDA:0,(anonymous_2)
FNDA:0,(anonymous_3)
FNDA:0,(anonymous_4)
FNDA:0,(anonymous_5)
FNDA:0,(anonymous_6)
FNDA:0,(anonymous_7)
DA:1,16
DA:6,2
DA:17,2
DA:18,0
DA:19,0
DA:20,0
DA:21,0
DA:22,0
DA:24,2
DA:26,0
DA:27,0
DA:28,0
DA:29,0
DA:30,0
DA:35,0
DA:36,0
DA:37,0
DA:38,0
DA:39,0
DA:40,0
DA:41,0
DA:42,0
DA:45,0
DA:46,0
DA:47,0
DA:48,0
DA:51,0
DA:52,0
DA:53,0
DA:54,0
DA:55,0
DA:56,0
DA:57,0
DA:58,0
DA:59,0
DA:60,0
DA:67,0
DA:69,0
DA:71,0
DA:72,0
DA:73,0
DA:75,0
DA:76,0
DA:78,0
DA:81,0
DA:82,0
DA:84,0
DA:85,0
DA:86,0
DA:88,0
DA:91,0
DA:92,0
DA:94,0
DA:97,0
DA:101,0
DA:129,0
DA:148,2
LF:57
LH:5
BRDA:1,0,0,2
BRDA:1,0,1,0
BRDA:1,1,0,2
BRDA:1,2,0,2
BRDA:1,2,1,2
BRDA:27,3,0,0
BRDA:29,4,0,0
BRDA:29,5,0,0
BRDA:29,5,1,0
BRDA:37,6,0,0
BRDA:38,7,0,0
BRDA:38,7,1,0
BRDA:38,8,0,0
BRDA:40,9,0,0
BRDA:41,10,0,0
BRDA:56,11,0,0
BRDA:56,11,1,0
BRDA:69,12,0,0
BRDA:78,13,0,0
BRDA:78,13,1,0
BRDA:84,14,0,0
BRDA:84,14,1,0
BRDA:88,15,0,0
BRDA:88,15,1,0
BRDA:92,16,0,0
BRDA:92,16,1,0
BRDA:111,17,0,0
BRDA:111,17,1,0
BRDA:117,18,0,0
BRDA:117,18,1,0
BRDA:117,19,0,0
BRDA:117,19,1,0
BRDA:117,20,0,0
BRDA:117,20,1,0
BRDA:118,21,0,0
BRDA:118,21,1,0
BRDA:122,22,0,0
BRDA:122,22,1,0
BRDA:122,23,0,0
BRDA:122,23,1,0
BRDA:122,24,0,0
BRDA:122,24,1,0
BRDA:123,25,0,0
BRDA:123,25,1,0
BRDA:127,26,0,0
BRDA:127,26,1,0
BRDA:127,27,0,0
BRDA:127,27,1,0
BRDA:127,28,0,0
BRDA:127,28,1,0
BRDA:131,29,0,0
BRDA:131,29,1,0
BRDA:135,30,0,0
BRDA:135,30,1,0
BRDA:135,31,0,0
BRDA:135,31,1,0
BRDA:135,32,0,0
BRDA:135,32,1,0
BRDA:136,33,0,0
BRDA:136,33,1,0
BRDA:138,34,0,0
BRDA:138,34,1,0
BRDA:139,35,0,0
BRDA:139,35,1,0
BRF:64
BRH:4
end_of_record
TN:
SF:src\Pages\ContactarDonador.jsx
FN:1,(anonymous_0)
FN:9,(anonymous_1)
FN:34,(anonymous_2)
FN:57,(anonymous_3)
FN:59,(anonymous_4)
FN:65,(anonymous_5)
FN:129,(anonymous_6)
FN:305,(anonymous_7)
FN:345,(anonymous_8)
FN:9,(anonymous_9)
FNF:10
FNH:1
FNDA:2,(anonymous_0)
FNDA:0,(anonymous_1)
FNDA:0,(anonymous_2)
FNDA:0,(anonymous_3)
FNDA:0,(anonymous_4)
FNDA:0,(anonymous_5)
FNDA:0,(anonymous_6)
FNDA:0,(anonymous_7)
FNDA:0,(anonymous_8)
FNDA:0,(anonymous_9)
DA:1,16
DA:7,2
DA:9,2
DA:10,0
DA:11,2
DA:21,0
DA:23,0
DA:30,0
DA:31,0
DA:32,0
DA:34,0
DA:35,0
DA:36,0
DA:37,0
DA:38,0
DA:39,0
DA:42,0
DA:43,0
DA:44,0
DA:45,0
DA:48,0
DA:49,0
DA:50,0
DA:51,0
DA:54,0
DA:57,0
DA:58,0
DA:59,0
DA:65,0
DA:66,0
DA:68,0
DA:69,0
DA:70,0
DA:73,0
DA:74,0
DA:75,0
DA:78,0
DA:80,0
DA:82,0
DA:99,0
DA:111,0
DA:119,0
DA:120,0
DA:123,0
DA:126,0
DA:129,0
DA:130,0
DA:138,0
DA:139,0
DA:141,0
DA:145,0
DA:146,0
DA:161,0
DA:305,0
DA:345,0
DA:358,2
DA:360,2
LF:57
LH:6
BRDA:1,0,0,2
BRDA:1,0,1,0
BRDA:1,1,0,2
BRDA:1,2,0,2
BRDA:1,2,1,2
BRDA:7,3,0,2
BRDA:7,3,1,2
BRDA:21,4,0,0
BRDA:21,4,1,0
BRDA:36,5,0,0
BRDA:42,6,0,0
BRDA:42,7,0,0
BRDA:42,7,1,0
BRDA:48,8,0,0
BRDA:68,9,0,0
BRDA:73,10,0,0
BRDA:91,11,0,0
BRDA:91,11,1,0
BRDA:93,12,0,0
BRDA:93,12,1,0
BRDA:119,13,0,0
BRDA:145,14,0,0
BRDA:145,15,0,0
BRDA:145,15,1,0
BRDA:196,16,0,0
BRDA:196,16,1,0
BRDA:196,17,0,0
BRDA:196,17,1,0
BRDA:209,18,0,0
BRDA:209,18,1,0
BRDA:315,19,0,0
BRDA:315,19,1,0
BRDA:335,20,0,0
BRDA:335,20,1,0
BRF:34
BRH:6
end_of_record
TN:
SF:src\Pages\DetalleProducto.jsx
FN:1,(anonymous_0)
FN:13,ImageSlider
FN:18,(anonymous_2)
FN:20,(anonymous_3)
FN:22,(anonymous_4)
FN:24,(anonymous_5)
FN:41,(anonymous_6)
FN:45,(anonymous_7)
FN:54,(anonymous_8)
FN:68,(anonymous_9)
FN:69,(anonymous_10)
FN:96,(anonymous_11)
FN:116,(anonymous_12)
FN:118,(anonymous_13)
FN:123,(anonymous_14)
FN:124,(anonymous_15)
FN:128,(anonymous_16)
FN:136,(anonymous_17)
FN:139,(anonymous_18)
FN:142,(anonymous_19)
FN:169,(anonymous_20)
FN:194,(anonymous_21)
FN:207,(anonymous_22)
FN:217,(anonymous_23)
FN:221,(anonymous_24)
FN:227,(anonymous_25)
FN:239,(anonymous_26)
FN:244,(anonymous_27)
FN:321,(anonymous_28)
FN:321,(anonymous_29)
FN:322,(anonymous_30)
FN:333,(anonymous_31)
FN:334,(anonymous_32)
FN:357,(anonymous_33)
FN:394,(anonymous_34)
FN:419,(anonymous_35)
FN:437,(anonymous_36)
FN:467,(anonymous_37)
FN:468,(anonymous_38)
FN:473,(anonymous_39)
FN:485,(anonymous_40)
FN:502,(anonymous_41)
FN:503,(anonymous_42)
FN:508,(anonymous_43)
FN:530,(anonymous_44)
FN:536,(anonymous_45)
FN:54,(anonymous_46)
FNF:47
FNH:1
FNDA:4,(anonymous_0)
FNDA:0,ImageSlider
FNDA:0,(anonymous_2)
FNDA:0,(anonymous_3)
FNDA:0,(anonymous_4)
FNDA:0,(anonymous_5)
FNDA:0,(anonymous_6)
FNDA:0,(anonymous_7)
FNDA:0,(anonymous_8)
FNDA:0,(anonymous_9)
FNDA:0,(anonymous_10)
FNDA:0,(anonymous_11)
FNDA:0,(anonymous_12)
FNDA:0,(anonymous_13)
FNDA:0,(anonymous_14)
FNDA:0,(anonymous_15)
FNDA:0,(anonymous_16)
FNDA:0,(anonymous_17)
FNDA:0,(anonymous_18)
FNDA:0,(anonymous_19)
FNDA:0,(anonymous_20)
FNDA:0,(anonymous_21)
FNDA:0,(anonymous_22)
FNDA:0,(anonymous_23)
FNDA:0,(anonymous_24)
FNDA:0,(anonymous_25)
FNDA:0,(anonymous_26)
FNDA:0,(anonymous_27)
FNDA:0,(anonymous_28)
FNDA:0,(anonymous_29)
FNDA:0,(anonymous_30)
FNDA:0,(anonymous_31)
FNDA:0,(anonymous_32)
FNDA:0,(anonymous_33)
FNDA:0,(anonymous_34)
FNDA:0,(anonymous_35)
FNDA:0,(anonymous_36)
FNDA:0,(anonymous_37)
FNDA:0,(anonymous_38)
FNDA:0,(anonymous_39)
FNDA:0,(anonymous_40)
FNDA:0,(anonymous_41)
FNDA:0,(anonymous_42)
FNDA:0,(anonymous_43)
FNDA:0,(anonymous_44)
FNDA:0,(anonymous_45)
FNDA:0,(anonymous_46)
DA:1,20
DA:10,2
DA:13,2
DA:14,0
DA:16,0
DA:18,0
DA:19,0
DA:20,0
DA:22,0
DA:23,0
DA:24,0
DA:27,0
DA:42,0
DA:45,0
DA:52,2
DA:54,2
DA:55,0
DA:56,2
DA:57,0
DA:58,0
DA:59,0
DA:60,0
DA:61,0
DA:62,0
DA:63,0
DA:65,0
DA:66,0
DA:68,0
DA:69,0
DA:70,0
DA:71,0
DA:72,0
DA:73,0
DA:87,0
DA:90,0
DA:91,0
DA:92,0
DA:93,0
DA:94,0
DA:96,0
DA:103,0
DA:105,0
DA:106,0
DA:108,0
DA:112,0
DA:116,0
DA:117,0
DA:118,0
DA:119,0
DA:120,0
DA:123,0
DA:124,0
DA:125,0
DA:126,0
DA:127,0
DA:128,0
DA:129,0
DA:130,0
DA:131,0
DA:136,0
DA:137,0
DA:138,0
DA:139,0
DA:142,0
DA:143,0
DA:145,0
DA:146,0
DA:147,0
DA:148,0
DA:151,0
DA:152,0
DA:153,0
DA:156,0
DA:169,0
DA:170,0
DA:171,0
DA:172,0
DA:173,0
DA:176,0
DA:177,0
DA:193,0
DA:194,0
DA:195,0
DA:196,0
DA:198,0
DA:199,0
DA:200,0
DA:204,0
DA:207,0
DA:208,0
DA:209,0
DA:210,0
DA:217,0
DA:218,0
DA:221,0
DA:222,0
DA:223,0
DA:227,0
DA:228,0
DA:229,0
DA:230,0
DA:231,0
DA:232,0
DA:233,0
DA:238,0
DA:239,0
DA:240,0
DA:242,0
DA:244,0
DA:247,0
DA:248,0
DA:249,0
DA:250,0
DA:251,0
DA:252,0
DA:253,0
DA:254,0
DA:262,0
DA:266,0
DA:267,0
DA:268,0
DA:270,0
DA:271,0
DA:275,0
DA:286,0
DA:296,0
DA:306,0
DA:321,0
DA:322,0
DA:333,0
DA:334,0
DA:358,0
DA:359,0
DA:360,0
DA:395,0
DA:419,0
DA:438,0
DA:439,0
DA:440,0
DA:441,0
DA:442,0
DA:443,0
DA:444,0
DA:451,0
DA:467,0
DA:468,0
DA:473,0
DA:485,0
DA:502,0
DA:503,0
DA:508,0
DA:530,0
DA:538,0
DA:539,0
DA:552,2
DA:554,4
LF:156
LH:8
BRDA:1,0,0,2
BRDA:1,0,1,0
BRDA:1,1,0,2
BRDA:1,2,0,2
BRDA:1,2,1,2
BRDA:16,3,0,0
BRDA:16,4,0,0
BRDA:16,4,1,0
BRDA:20,5,0,0
BRDA:20,5,1,0
BRDA:24,6,0,0
BRDA:24,6,1,0
BRDA:44,7,0,0
BRDA:44,7,1,0
BRDA:74,8,0,0
BRDA:74,8,1,0
BRDA:74,8,2,0
BRDA:75,9,0,0
BRDA:75,9,1,0
BRDA:75,9,2,0
BRDA:76,10,0,0
BRDA:76,10,1,0
BRDA:76,10,2,0
BRDA:77,11,0,0
BRDA:77,11,1,0
BRDA:77,11,2,0
BRDA:78,12,0,0
BRDA:78,12,1,0
BRDA:78,12,2,0
BRDA:79,13,0,0
BRDA:79,13,1,0
BRDA:79,14,0,0
BRDA:79,14,1,0
BRDA:80,15,0,0
BRDA:80,15,1,0
BRDA:80,16,0,0
BRDA:80,16,1,0
BRDA:80,17,0,0
BRDA:80,17,1,0
BRDA:81,18,0,0
BRDA:81,18,1,0
BRDA:81,18,2,0
BRDA:81,18,3,0
BRDA:82,19,0,0
BRDA:82,19,1,0
BRDA:82,19,2,0
BRDA:82,19,3,0
BRDA:83,20,0,0
BRDA:83,20,1,0
BRDA:83,20,2,0
BRDA:83,20,3,0
BRDA:83,20,4,0
BRDA:84,21,0,0
BRDA:84,21,1,0
BRDA:84,21,2,0
BRDA:90,22,0,0
BRDA:92,23,0,0
BRDA:96,24,0,0
BRDA:96,24,1,0
BRDA:98,25,0,0
BRDA:98,25,1,0
BRDA:98,25,2,0
BRDA:98,25,3,0
BRDA:117,26,0,0
BRDA:119,27,0,0
BRDA:119,28,0,0
BRDA:119,28,1,0
BRDA:123,29,0,0
BRDA:137,30,0,0
BRDA:138,31,0,0
BRDA:138,31,1,0
BRDA:145,32,0,0
BRDA:151,33,0,0
BRDA:163,34,0,0
BRDA:163,34,1,0
BRDA:164,35,0,0
BRDA:164,35,1,0
BRDA:171,36,0,0
BRDA:176,37,0,0
BRDA:176,37,1,0
BRDA:182,38,0,0
BRDA:182,38,1,0
BRDA:182,39,0,0
BRDA:182,39,1,0
BRDA:186,40,0,0
BRDA:186,40,1,0
BRDA:193,41,0,0
BRDA:193,41,1,0
BRDA:208,42,0,0
BRDA:228,43,0,0
BRDA:228,44,0,0
BRDA:228,44,1,0
BRDA:229,45,0,0
BRDA:229,45,1,0
BRDA:230,46,0,0
BRDA:230,46,1,0
BRDA:230,46,2,0
BRDA:231,47,0,0
BRDA:238,48,0,0
BRDA:240,49,0,0
BRDA:240,49,1,0
BRDA:244,50,0,0
BRDA:244,50,1,0
BRDA:250,51,0,0
BRDA:252,52,0,0
BRDA:255,53,0,0
BRDA:255,53,1,0
BRDA:257,54,0,0
BRDA:257,54,1,0
BRDA:257,55,0,0
BRDA:257,55,1,0
BRDA:271,56,0,0
BRDA:271,56,1,0
BRDA:275,57,0,0
BRDA:286,58,0,0
BRDA:296,59,0,0
BRDA:332,60,0,0
BRDA:332,60,1,0
BRDA:344,61,0,0
BRDA:344,61,1,0
BRDA:344,62,0,0
BRDA:344,62,1,0
BRDA:348,63,0,0
BRDA:348,63,1,0
BRDA:348,64,0,0
BRDA:348,64,1,0
BRDA:358,65,0,0
BRDA:358,65,1,0
BRDA:358,65,2,0
BRDA:362,66,0,0
BRDA:362,66,1,0
BRDA:375,67,0,0
BRDA:375,67,1,0
BRDA:377,68,0,0
BRDA:377,68,1,0
BRDA:390,69,0,0
BRDA:390,69,1,0
BRDA:390,69,2,0
BRDA:414,70,0,0
BRDA:414,70,1,0
BRDA:430,71,0,0
BRDA:430,71,1,0
BRDA:438,72,0,0
BRDA:438,72,1,0
BRDA:439,73,0,0
BRDA:439,73,1,0
BRDA:440,74,0,0
BRDA:440,74,1,0
BRDA:440,74,2,0
BRDA:441,75,0,0
BRDA:441,75,1,0
BRDA:442,76,0,0
BRDA:442,76,1,0
BRDA:442,76,2,0
BRDA:443,77,0,0
BRDA:466,78,0,0
BRDA:466,78,1,0
BRDA:501,79,0,0
BRDA:501,79,1,0
BRF:159
BRH:4
end_of_record
TN:
SF:src\Pages\DonationCreateNew.jsx
FN:1,(anonymous_0)
FN:14,(anonymous_1)
FN:42,(anonymous_2)
FN:59,(anonymous_3)
FN:69,(anonymous_4)
FN:71,(anonymous_5)
FN:74,(anonymous_6)
FN:80,(anonymous_7)
FN:88,(anonymous_8)
FN:115,(anonymous_9)
FN:116,(anonymous_10)
FN:117,(anonymous_11)
FN:123,(anonymous_12)
FN:125,(anonymous_13)
FN:128,(anonymous_14)
FN:143,(anonymous_15)
FN:150,(anonymous_16)
FN:151,(anonymous_17)
FN:155,(anonymous_18)
FN:177,(anonymous_19)
FN:194,(anonymous_20)
FN:215,(anonymous_21)
FN:234,(anonymous_22)
FN:291,(anonymous_23)
FN:292,(anonymous_24)
FN:311,(anonymous_25)
FN:312,(anonymous_26)
FN:323,(anonymous_27)
FN:328,(anonymous_28)
FN:331,(anonymous_29)
FN:334,(anonymous_30)
FN:384,(anonymous_31)
FN:417,(anonymous_32)
FN:418,(anonymous_33)
FN:432,(anonymous_34)
FN:439,(anonymous_35)
FN:447,(anonymous_36)
FN:472,(anonymous_37)
FN:491,(anonymous_38)
FN:521,(anonymous_39)
FN:527,(anonymous_40)
FN:531,(anonymous_41)
FN:538,(anonymous_42)
FN:540,(anonymous_43)
FN:540,(anonymous_44)
FN:541,(anonymous_45)
FN:541,(anonymous_46)
FN:562,(anonymous_47)
FN:582,(anonymous_48)
FN:591,(anonymous_49)
FN:14,(anonymous_50)
FNF:51
FNH:1
FNDA:2,(anonymous_0)
FNDA:0,(anonymous_1)
FNDA:0,(anonymous_2)
FNDA:0,(anonymous_3)
FNDA:0,(anonymous_4)
FNDA:0,(anonymous_5)
FNDA:0,(anonymous_6)
FNDA:0,(anonymous_7)
FNDA:0,(anonymous_8)
FNDA:0,(anonymous_9)
FNDA:0,(anonymous_10)
FNDA:0,(anonymous_11)
FNDA:0,(anonymous_12)
FNDA:0,(anonymous_13)
FNDA:0,(anonymous_14)
FNDA:0,(anonymous_15)
FNDA:0,(anonymous_16)
FNDA:0,(anonymous_17)
FNDA:0,(anonymous_18)
FNDA:0,(anonymous_19)
FNDA:0,(anonymous_20)
FNDA:0,(anonymous_21)
FNDA:0,(anonymous_22)
FNDA:0,(anonymous_23)
FNDA:0,(anonymous_24)
FNDA:0,(anonymous_25)
FNDA:0,(anonymous_26)
FNDA:0,(anonymous_27)
FNDA:0,(anonymous_28)
FNDA:0,(anonymous_29)
FNDA:0,(anonymous_30)
FNDA:0,(anonymous_31)
FNDA:0,(anonymous_32)
FNDA:0,(anonymous_33)
FNDA:0,(anonymous_34)
FNDA:0,(anonymous_35)
FNDA:0,(anonymous_36)
FNDA:0,(anonymous_37)
FNDA:0,(anonymous_38)
FNDA:0,(anonymous_39)
FNDA:0,(anonymous_40)
FNDA:0,(anonymous_41)
FNDA:0,(anonymous_42)
FNDA:0,(anonymous_43)
FNDA:0,(anonymous_44)
FNDA:0,(anonymous_45)
FNDA:0,(anonymous_46)
FNDA:0,(anonymous_47)
FNDA:0,(anonymous_48)
FNDA:0,(anonymous_49)
FNDA:0,(anonymous_50)
DA:1,16
DA:12,2
DA:14,2
DA:15,2
DA:16,0
DA:17,0
DA:18,0
DA:19,0
DA:20,0
DA:21,0
DA:22,0
DA:23,0
DA:26,0
DA:27,0
DA:29,0
DA:39,0
DA:40,0
DA:41,0
DA:42,0
DA:44,0
DA:52,0
DA:59,0
DA:60,0
DA:61,0
DA:62,0
DA:63,0
DA:64,0
DA:66,0
DA:69,0
DA:70,0
DA:71,0
DA:74,0
DA:75,0
DA:76,0
DA:77,0
DA:80,0
DA:81,0
DA:82,0
DA:83,0
DA:84,0
DA:88,0
DA:89,0
DA:90,0
DA:92,0
DA:93,0
DA:94,0
DA:98,0
DA:99,0
DA:100,0
DA:101,0
DA:102,0
DA:103,0
DA:106,0
DA:107,0
DA:109,0
DA:110,0
DA:111,0
DA:114,0
DA:115,0
DA:116,0
DA:117,0
DA:119,0
DA:123,0
DA:124,0
DA:125,0
DA:128,0
DA:129,0
DA:130,0
DA:131,0
DA:132,0
DA:134,0
DA:135,0
DA:136,0
DA:138,0
DA:139,0
DA:140,0
DA:143,0
DA:144,0
DA:145,0
DA:146,0
DA:147,0
DA:150,0
DA:151,0
DA:152,0
DA:155,0
DA:156,0
DA:157,0
DA:158,0
DA:159,0
DA:162,0
DA:164,0
DA:165,0
DA:166,0
DA:169,0
DA:170,0
DA:171,0
DA:172,0
DA:174,0
DA:177,0
DA:178,0
DA:180,0
DA:181,0
DA:182,0
DA:183,0
DA:184,0
DA:185,0
DA:186,0
DA:187,0
DA:188,0
DA:190,0
DA:191,0
DA:194,0
DA:195,0
DA:198,0
DA:203,0
DA:204,0
DA:205,0
DA:208,0
DA:211,0
DA:212,0
DA:215,0
DA:216,0
DA:218,0
DA:227,0
DA:228,0
DA:230,0
DA:234,0
DA:235,0
DA:237,0
DA:291,0
DA:292,0
DA:311,0
DA:312,0
DA:323,0
DA:324,0
DA:328,0
DA:329,0
DA:331,0
DA:332,0
DA:334,0
DA:338,0
DA:385,0
DA:417,0
DA:418,0
DA:433,0
DA:439,0
DA:447,0
DA:473,0
DA:492,0
DA:522,0
DA:523,0
DA:524,0
DA:525,0
DA:527,0
DA:532,0
DA:539,0
DA:540,0
DA:541,0
DA:562,0
DA:582,0
DA:592,0
DA:593,0
DA:602,2
DA:604,2
LF:164
LH:6
BRDA:1,0,0,2
BRDA:1,0,1,0
BRDA:1,1,0,2
BRDA:1,2,0,2
BRDA:1,2,1,2
BRDA:12,3,0,2
BRDA:12,3,1,2
BRDA:62,4,0,0
BRDA:83,5,0,0
BRDA:89,6,0,0
BRDA:89,7,0,0
BRDA:89,7,1,0
BRDA:90,8,0,0
BRDA:100,9,0,0
BRDA:109,10,0,0
BRDA:129,11,0,0
BRDA:130,12,0,0
BRDA:134,13,0,0
BRDA:144,14,0,0
BRDA:157,15,0,0
BRDA:157,16,0,0
BRDA:157,16,1,0
BRDA:157,16,2,0
BRDA:157,16,3,0
BRDA:162,17,0,0
BRDA:162,18,0,0
BRDA:162,18,1,0
BRDA:169,19,0,0
BRDA:190,20,0,0
BRDA:203,21,0,0
BRDA:205,22,0,0
BRDA:205,22,1,0
BRDA:235,23,0,0
BRDA:289,24,0,0
BRDA:289,24,1,0
BRDA:291,25,0,0
BRDA:291,25,1,0
BRDA:292,26,0,0
BRDA:292,26,1,0
BRDA:309,27,0,0
BRDA:309,27,1,0
BRDA:311,28,0,0
BRDA:311,28,1,0
BRDA:312,29,0,0
BRDA:312,29,1,0
BRDA:314,30,0,0
BRDA:314,30,1,0
BRDA:329,31,0,0
BRDA:329,32,0,0
BRDA:329,32,1,0
BRDA:350,33,0,0
BRDA:350,33,1,0
BRDA:352,34,0,0
BRDA:352,34,1,0
BRDA:418,35,0,0
BRDA:426,36,0,0
BRDA:426,36,1,0
BRDA:426,36,2,0
BRDA:457,37,0,0
BRDA:457,37,1,0
BRDA:517,38,0,0
BRDA:517,38,1,0
BRDA:529,39,0,0
BRDA:529,39,1,0
BRF:64
BRH:6
end_of_record
TN:
SF:src\Pages\DonationDetail.jsx
FN:1,(anonymous_0)
FN:13,(anonymous_1)
FN:20,ImageSlider
FN:25,(anonymous_3)
FN:27,(anonymous_4)
FN:29,(anonymous_5)
FN:31,(anonymous_6)
FN:48,(anonymous_7)
FN:52,(anonymous_8)
FN:61,(anonymous_9)
FN:74,(anonymous_10)
FN:80,(anonymous_11)
FN:82,(anonymous_12)
FN:87,(anonymous_13)
FN:88,(anonymous_14)
FN:93,(anonymous_15)
FN:100,(anonymous_16)
FN:132,(anonymous_17)
FN:137,(anonymous_18)
FN:155,(anonymous_19)
FN:167,(anonymous_20)
FN:202,(anonymous_21)
FN:222,(anonymous_22)
FN:233,(anonymous_23)
FN:243,(anonymous_24)
FN:245,(anonymous_25)
FN:249,(anonymous_26)
FN:285,(anonymous_27)
FN:342,(anonymous_28)
FN:342,(anonymous_29)
FN:343,(anonymous_30)
FN:356,(anonymous_31)
FN:358,(anonymous_32)
FN:433,(anonymous_33)
FN:503,(anonymous_34)
FN:575,(anonymous_35)
FN:576,(anonymous_36)
FN:581,(anonymous_37)
FN:603,(anonymous_38)
FN:609,(anonymous_39)
FN:623,(anonymous_40)
FN:624,(anonymous_41)
FN:629,(anonymous_42)
FN:649,(anonymous_43)
FN:61,(anonymous_44)
FNF:45
FNH:1
FNDA:4,(anonymous_0)
FNDA:0,(anonymous_1)
FNDA:0,ImageSlider
FNDA:0,(anonymous_3)
FNDA:0,(anonymous_4)
FNDA:0,(anonymous_5)
FNDA:0,(anonymous_6)
FNDA:0,(anonymous_7)
FNDA:0,(anonymous_8)
FNDA:0,(anonymous_9)
FNDA:0,(anonymous_10)
FNDA:0,(anonymous_11)
FNDA:0,(anonymous_12)
FNDA:0,(anonymous_13)
FNDA:0,(anonymous_14)
FNDA:0,(anonymous_15)
FNDA:0,(anonymous_16)
FNDA:0,(anonymous_17)
FNDA:0,(anonymous_18)
FNDA:0,(anonymous_19)
FNDA:0,(anonymous_20)
FNDA:0,(anonymous_21)
FNDA:0,(anonymous_22)
FNDA:0,(anonymous_23)
FNDA:0,(anonymous_24)
FNDA:0,(anonymous_25)
FNDA:0,(anonymous_26)
FNDA:0,(anonymous_27)
FNDA:0,(anonymous_28)
FNDA:0,(anonymous_29)
FNDA:0,(anonymous_30)
FNDA:0,(anonymous_31)
FNDA:0,(anonymous_32)
FNDA:0,(anonymous_33)
FNDA:0,(anonymous_34)
FNDA:0,(anonymous_35)
FNDA:0,(anonymous_36)
FNDA:0,(anonymous_37)
FNDA:0,(anonymous_38)
FNDA:0,(anonymous_39)
FNDA:0,(anonymous_40)
FNDA:0,(anonymous_41)
FNDA:0,(anonymous_42)
FNDA:0,(anonymous_43)
FNDA:0,(anonymous_44)
DA:1,20
DA:10,2
DA:13,2
DA:14,0
DA:15,0
DA:16,0
DA:20,2
DA:21,0
DA:23,0
DA:25,0
DA:26,0
DA:27,0
DA:29,0
DA:30,0
DA:31,0
DA:34,0
DA:49,0
DA:52,0
DA:59,2
DA:61,2
DA:62,0
DA:63,2
DA:64,0
DA:65,0
DA:66,0
DA:67,0
DA:68,0
DA:69,0
DA:71,0
DA:72,0
DA:74,0
DA:75,0
DA:80,0
DA:81,0
DA:82,0
DA:83,0
DA:84,0
DA:87,0
DA:88,0
DA:89,0
DA:90,0
DA:92,0
DA:93,0
DA:94,0
DA:95,0
DA:96,0
DA:100,0
DA:101,0
DA:102,0
DA:103,0
DA:104,0
DA:105,0
DA:106,0
DA:109,0
DA:110,0
DA:111,0
DA:113,0
DA:114,0
DA:115,0
DA:116,0
DA:121,0
DA:124,0
DA:125,0
DA:127,0
DA:132,0
DA:133,0
DA:137,0
DA:138,0
DA:139,0
DA:140,0
DA:145,0
DA:146,0
DA:147,0
DA:148,0
DA:150,0
DA:151,0
DA:155,0
DA:156,0
DA:157,0
DA:158,0
DA:167,0
DA:168,0
DA:170,0
DA:171,0
DA:172,0
DA:173,0
DA:177,0
DA:178,0
DA:180,0
DA:183,0
DA:184,0
DA:185,0
DA:188,0
DA:202,0
DA:203,0
DA:209,0
DA:210,0
DA:222,0
DA:223,0
DA:230,0
DA:233,0
DA:234,0
DA:240,0
DA:243,0
DA:244,0
DA:245,0
DA:246,0
DA:249,0
DA:250,0
DA:251,0
DA:281,0
DA:285,0
DA:286,0
DA:288,0
DA:289,0
DA:290,0
DA:295,0
DA:306,0
DA:316,0
DA:326,0
DA:342,0
DA:343,0
DA:356,0
DA:358,0
DA:434,0
DA:503,0
DA:575,0
DA:576,0
DA:581,0
DA:603,0
DA:610,0
DA:611,0
DA:623,0
DA:624,0
DA:629,0
DA:649,0
DA:661,2
DA:663,4
LF:138
LH:9
BRDA:1,0,0,2
BRDA:1,0,1,0
BRDA:1,1,0,2
BRDA:1,2,0,2
BRDA:1,2,1,2
BRDA:10,3,0,2
BRDA:10,3,1,2
BRDA:14,4,0,0
BRDA:15,5,0,0
BRDA:23,6,0,0
BRDA:23,7,0,0
BRDA:23,7,1,0
BRDA:27,8,0,0
BRDA:27,8,1,0
BRDA:31,9,0,0
BRDA:31,9,1,0
BRDA:51,10,0,0
BRDA:51,10,1,0
BRDA:81,11,0,0
BRDA:83,12,0,0
BRDA:83,13,0,0
BRDA:83,13,1,0
BRDA:87,14,0,0
BRDA:104,15,0,0
BRDA:104,15,1,0
BRDA:109,16,0,0
BRDA:110,17,0,0
BRDA:110,17,1,0
BRDA:114,18,0,0
BRDA:138,19,0,0
BRDA:138,20,0,0
BRDA:138,20,1,0
BRDA:145,21,0,0
BRDA:156,22,0,0
BRDA:170,23,0,0
BRDA:177,24,0,0
BRDA:177,24,1,0
BRDA:177,25,0,0
BRDA:177,25,1,0
BRDA:178,26,0,0
BRDA:178,26,1,0
BRDA:178,27,0,0
BRDA:178,27,1,0
BRDA:178,28,0,0
BRDA:178,28,1,0
BRDA:180,29,0,0
BRDA:180,29,1,0
BRDA:180,29,2,0
BRDA:180,29,3,0
BRDA:180,29,4,0
BRDA:180,29,5,0
BRDA:183,30,0,0
BRDA:192,31,0,0
BRDA:192,31,1,0
BRDA:192,32,0,0
BRDA:192,32,1,0
BRDA:195,33,0,0
BRDA:195,33,1,0
BRDA:196,34,0,0
BRDA:196,34,1,0
BRDA:196,34,2,0
BRDA:197,35,0,0
BRDA:197,35,1,0
BRDA:209,36,0,0
BRDA:209,36,1,0
BRDA:213,37,0,0
BRDA:213,37,1,0
BRDA:214,38,0,0
BRDA:214,38,1,0
BRDA:215,39,0,0
BRDA:215,39,1,0
BRDA:230,40,0,0
BRDA:230,40,1,0
BRDA:230,40,2,0
BRDA:240,41,0,0
BRDA:240,41,1,0
BRDA:244,42,0,0
BRDA:245,43,0,0
BRDA:245,43,1,0
BRDA:246,44,0,0
BRDA:246,44,1,0
BRDA:281,45,0,0
BRDA:281,45,1,0
BRDA:288,46,0,0
BRDA:288,46,1,0
BRDA:288,47,0,0
BRDA:288,47,1,0
BRDA:289,48,0,0
BRDA:289,48,1,0
BRDA:289,49,0,0
BRDA:289,49,1,0
BRDA:289,50,0,0
BRDA:289,50,1,0
BRDA:290,51,0,0
BRDA:290,51,1,0
BRDA:290,51,2,0
BRDA:290,51,3,0
BRDA:290,51,4,0
BRDA:290,51,5,0
BRDA:290,51,6,0
BRDA:295,52,0,0
BRDA:306,53,0,0
BRDA:316,54,0,0
BRDA:353,55,0,0
BRDA:353,55,1,0
BRDA:366,56,0,0
BRDA:366,56,1,0
BRDA:366,57,0,0
BRDA:366,57,1,0
BRDA:368,58,0,0
BRDA:368,58,1,0
BRDA:368,59,0,0
BRDA:368,59,1,0
BRDA:388,60,0,0
BRDA:388,60,1,0
BRDA:400,61,0,0
BRDA:400,61,1,0
BRDA:404,62,0,0
BRDA:404,62,1,0
BRDA:404,62,2,0
BRDA:498,63,0,0
BRDA:498,63,1,0
BRDA:514,64,0,0
BRDA:514,64,1,0
BRDA:518,65,0,0
BRDA:518,65,1,0
BRDA:531,66,0,0
BRDA:531,66,1,0
BRDA:532,67,0,0
BRDA:532,67,1,0
BRDA:532,68,0,0
BRDA:532,68,1,0
BRDA:548,69,0,0
BRDA:548,69,1,0
BRDA:552,70,0,0
BRDA:552,70,1,0
BRDA:564,71,0,0
BRDA:564,71,1,0
BRDA:574,72,0,0
BRDA:574,72,1,0
BRDA:622,73,0,0
BRDA:622,73,1,0
BRF:142
BRH:6
end_of_record
TN:
SF:src\Pages\DonationsList.jsx
FN:1,(anonymous_0)
FN:8,(anonymous_1)
FN:18,(anonymous_2)
FN:26,(anonymous_3)
FN:30,(anonymous_4)
FN:34,(anonymous_5)
FN:38,(anonymous_6)
FN:40,(anonymous_7)
FN:43,(anonymous_8)
FN:57,(anonymous_9)
FN:89,(anonymous_10)
FN:117,(anonymous_11)
FN:125,(anonymous_12)
FN:155,(anonymous_13)
FN:164,(anonymous_14)
FN:190,(anonymous_15)
FN:8,(anonymous_16)
FNF:17
FNH:1
FNDA:2,(anonymous_0)
FNDA:0,(anonymous_1)
FNDA:0,(anonymous_2)
FNDA:0,(anonymous_3)
FNDA:0,(anonymous_4)
FNDA:0,(anonymous_5)
FNDA:0,(anonymous_6)
FNDA:0,(anonymous_7)
FNDA:0,(anonymous_8)
FNDA:0,(anonymous_9)
FNDA:0,(anonymous_10)
FNDA:0,(anonymous_11)
FNDA:0,(anonymous_12)
FNDA:0,(anonymous_13)
FNDA:0,(anonymous_14)
FNDA:0,(anonymous_15)
FNDA:0,(anonymous_16)
DA:1,16
DA:8,2
DA:9,0
DA:10,0
DA:11,0
DA:12,0
DA:13,0
DA:14,0
DA:15,2
DA:18,0
DA:19,0
DA:20,0
DA:21,0
DA:23,0
DA:26,0
DA:27,0
DA:30,0
DA:34,0
DA:35,0
DA:38,0
DA:40,0
DA:43,0
DA:44,0
DA:45,0
DA:46,0
DA:47,0
DA:48,0
DA:51,0
DA:53,0
DA:57,0
DA:58,0
DA:61,0
DA:62,0
DA:76,0
DA:89,0
DA:117,0
DA:125,0
DA:155,0
DA:165,0
DA:190,0
DA:200,2
DA:202,2
LF:42
LH:5
BRDA:1,0,0,2
BRDA:1,0,1,0
BRDA:1,1,0,2
BRDA:1,2,0,2
BRDA:1,2,1,2
BRDA:19,3,0,0
BRDA:21,4,0,0
BRDA:21,4,1,0
BRDA:45,5,0,0
BRDA:45,5,1,0
BRDA:46,6,0,0
BRDA:61,7,0,0
BRDA:81,8,0,0
BRDA:81,8,1,0
BRDA:139,9,0,0
BRDA:139,9,1,0
BRDA:139,10,0,0
BRDA:139,10,1,0
BRDA:145,11,0,0
BRDA:145,11,1,0
BRDA:171,12,0,0
BRDA:171,12,1,0
BRDA:171,12,2,0
BRDA:171,12,3,0
BRDA:171,12,4,0
BRDA:171,12,5,0
BRDA:182,13,0,0
BRDA:182,13,1,0
BRDA:184,14,0,0
BRDA:184,14,1,0
BRDA:184,15,0,0
BRDA:184,15,1,0
BRDA:186,16,0,0
BRDA:186,16,1,0
BRDA:186,16,2,0
BRF:35
BRH:4
end_of_record
TN:
SF:src\Pages\Editar.jsx
FN:1,(anonymous_0)
FN:18,(anonymous_1)
FN:19,(anonymous_2)
FN:29,(anonymous_3)
FN:32,(anonymous_4)
FN:75,(anonymous_5)
FN:82,(anonymous_6)
FN:86,(anonymous_7)
FN:92,(anonymous_8)
FN:109,(anonymous_9)
FN:119,(anonymous_10)
FN:143,(anonymous_11)
FN:144,(anonymous_12)
FN:202,(anonymous_13)
FN:203,(anonymous_14)
FN:211,(anonymous_15)
FN:213,(anonymous_16)
FN:220,(anonymous_17)
FN:254,(anonymous_18)
FN:255,(anonymous_19)
FN:276,(anonymous_20)
FN:277,(anonymous_21)
FN:291,(anonymous_22)
FN:405,(anonymous_23)
FN:422,(anonymous_24)
FN:471,(anonymous_25)
FN:472,(anonymous_26)
FN:479,(anonymous_27)
FN:489,(anonymous_28)
FN:607,(anonymous_29)
FN:655,(anonymous_30)
FN:119,(anonymous_31)
FNF:32
FNH:1
FNDA:6,(anonymous_0)
FNDA:0,(anonymous_1)
FNDA:0,(anonymous_2)
FNDA:0,(anonymous_3)
FNDA:0,(anonymous_4)
FNDA:0,(anonymous_5)
FNDA:0,(anonymous_6)
FNDA:0,(anonymous_7)
FNDA:0,(anonymous_8)
FNDA:0,(anonymous_9)
FNDA:0,(anonymous_10)
FNDA:0,(anonymous_11)
FNDA:0,(anonymous_12)
FNDA:0,(anonymous_13)
FNDA:0,(anonymous_14)
FNDA:0,(anonymous_15)
FNDA:0,(anonymous_16)
FNDA:0,(anonymous_17)
FNDA:0,(anonymous_18)
FNDA:0,(anonymous_19)
FNDA:0,(anonymous_20)
FNDA:0,(anonymous_21)
FNDA:0,(anonymous_22)
FNDA:0,(anonymous_23)
FNDA:0,(anonymous_24)
FNDA:0,(anonymous_25)
FNDA:0,(anonymous_26)
FNDA:0,(anonymous_27)
FNDA:0,(anonymous_28)
FNDA:0,(anonymous_29)
FNDA:0,(anonymous_30)
FNDA:0,(anonymous_31)
DA:1,20
DA:8,2
DA:11,2
DA:18,2
DA:19,0
DA:21,0
DA:22,0
DA:23,0
DA:24,0
DA:27,0
DA:28,0
DA:29,0
DA:30,0
DA:31,0
DA:32,0
DA:33,0
DA:34,0
DA:35,0
DA:38,0
DA:39,0
DA:40,0
DA:43,0
DA:44,0
DA:45,0
DA:46,0
DA:50,0
DA:51,0
DA:52,0
DA:53,0
DA:56,0
DA:57,0
DA:58,0
DA:59,0
DA:62,0
DA:63,0
DA:64,0
DA:68,0
DA:69,0
DA:70,0
DA:71,0
DA:74,0
DA:76,0
DA:82,0
DA:83,0
DA:86,0
DA:87,0
DA:92,2
DA:93,0
DA:95,0
DA:107,2
DA:109,2
DA:110,0
DA:112,0
DA:117,2
DA:119,2
DA:120,0
DA:121,0
DA:122,0
DA:123,0
DA:124,0
DA:125,0
DA:126,0
DA:135,0
DA:136,2
DA:137,0
DA:138,0
DA:140,0
DA:143,0
DA:144,0
DA:145,0
DA:147,0
DA:148,0
DA:149,0
DA:152,0
DA:153,0
DA:154,0
DA:156,0
DA:157,0
DA:158,0
DA:160,0
DA:163,0
DA:164,0
DA:165,0
DA:167,0
DA:168,0
DA:170,0
DA:174,0
DA:177,0
DA:187,0
DA:188,0
DA:194,0
DA:198,0
DA:202,0
DA:203,0
DA:204,0
DA:205,0
DA:211,0
DA:212,0
DA:213,0
DA:220,0
DA:221,0
DA:222,0
DA:225,0
DA:226,0
DA:231,0
DA:235,0
DA:236,0
DA:241,0
DA:244,0
DA:245,0
DA:247,0
DA:250,0
DA:253,0
DA:254,0
DA:255,0
DA:261,0
DA:264,0
DA:265,0
DA:271,0
DA:276,0
DA:277,0
DA:283,0
DA:285,0
DA:286,0
DA:291,0
DA:292,0
DA:295,0
DA:296,0
DA:297,0
DA:300,0
DA:301,0
DA:303,0
DA:304,0
DA:307,0
DA:315,0
DA:316,0
DA:317,0
DA:318,0
DA:321,0
DA:322,0
DA:323,0
DA:325,0
DA:326,0
DA:336,0
DA:338,0
DA:339,0
DA:340,0
DA:341,0
DA:344,0
DA:345,0
DA:348,0
DA:349,0
DA:352,0
DA:357,0
DA:359,0
DA:364,0
DA:365,0
DA:368,0
DA:369,0
DA:371,0
DA:374,0
DA:375,0
DA:380,0
DA:385,0
DA:386,0
DA:389,0
DA:390,0
DA:391,0
DA:393,0
DA:396,0
DA:402,0
DA:405,0
DA:406,0
DA:407,0
DA:410,0
DA:411,0
DA:417,0
DA:422,0
DA:423,0
DA:426,0
DA:427,0
DA:428,0
DA:429,0
DA:431,0
DA:436,0
DA:445,0
DA:449,0
DA:450,0
DA:458,0
DA:471,0
DA:472,0
DA:480,0
DA:481,0
DA:490,0
DA:491,0
DA:608,0
DA:655,0
DA:674,2
DA:676,6
LF:199
LH:12
BRDA:1,0,0,2
BRDA:1,0,1,0
BRDA:1,1,0,2
BRDA:1,2,0,2
BRDA:1,2,1,2
BRDA:22,3,0,0
BRDA:43,4,0,0
BRDA:50,5,0,0
BRDA:56,6,0,0
BRDA:56,6,1,0
BRDA:57,7,0,0
BRDA:62,8,0,0
BRDA:93,9,0,0
BRDA:110,10,0,0
BRDA:147,11,0,0
BRDA:154,12,0,0
BRDA:164,13,0,0
BRDA:165,14,0,0
BRDA:165,14,1,0
BRDA:165,15,0,0
BRDA:165,15,1,0
BRDA:168,16,0,0
BRDA:170,17,0,0
BRDA:170,17,1,0
BRDA:178,18,0,0
BRDA:178,18,1,0
BRDA:179,19,0,0
BRDA:179,19,1,0
BRDA:180,20,0,0
BRDA:180,20,1,0
BRDA:181,21,0,0
BRDA:181,21,1,0
BRDA:204,22,0,0
BRDA:222,23,0,0
BRDA:225,24,0,0
BRDA:235,25,0,0
BRDA:285,26,0,0
BRDA:295,27,0,0
BRDA:311,28,0,0
BRDA:311,28,1,0
BRDA:315,29,0,0
BRDA:315,29,1,0
BRDA:317,30,0,0
BRDA:330,31,0,0
BRDA:330,31,1,0
BRDA:338,32,0,0
BRDA:354,33,0,0
BRDA:354,33,1,0
BRDA:354,33,2,0
BRDA:355,34,0,0
BRDA:355,34,1,0
BRDA:355,34,2,0
BRDA:389,35,0,0
BRDA:427,36,0,0
BRDA:428,37,0,0
BRDA:428,37,1,0
BRDA:431,38,0,0
BRDA:431,38,1,0
BRDA:437,39,0,0
BRDA:437,39,1,0
BRDA:438,40,0,0
BRDA:438,40,1,0
BRDA:439,41,0,0
BRDA:439,41,1,0
BRDA:440,42,0,0
BRDA:440,42,1,0
BRDA:449,43,0,0
BRDA:463,44,0,0
BRDA:463,44,1,0
BRDA:471,45,0,0
BRDA:471,45,1,0
BRDA:474,46,0,0
BRDA:474,46,1,0
BRDA:496,47,0,0
BRDA:496,47,1,0
BRDA:497,48,0,0
BRDA:497,48,1,0
BRDA:510,49,0,0
BRDA:510,49,1,0
BRDA:523,50,0,0
BRDA:523,50,1,0
BRDA:534,51,0,0
BRDA:534,51,1,0
BRDA:539,52,0,0
BRDA:539,52,1,0
BRDA:549,53,0,0
BRDA:549,53,1,0
BRDA:553,54,0,0
BRDA:553,54,1,0
BRDA:558,55,0,0
BRDA:558,55,1,0
BRDA:568,56,0,0
BRDA:568,56,1,0
BRDA:574,57,0,0
BRDA:574,57,1,0
BRDA:579,58,0,0
BRDA:579,58,1,0
BRDA:593,59,0,0
BRDA:593,59,1,0
BRDA:598,60,0,0
BRDA:598,60,1,0
BRDA:602,61,0,0
BRDA:602,61,1,0
BRDA:614,62,0,0
BRDA:614,62,1,0
BRDA:622,63,0,0
BRDA:622,63,1,0
BRDA:638,64,0,0
BRDA:638,64,1,0
BRDA:665,65,0,0
BRDA:665,65,1,0
BRF:111
BRH:4
end_of_record
TN:
SF:src\Pages\EditarDonacion.jsx
FN:1,(anonymous_0)
FN:12,(anonymous_1)
FN:37,(anonymous_2)
FN:56,(anonymous_3)
FN:57,(anonymous_4)
FN:112,(anonymous_5)
FN:114,(anonymous_6)
FN:119,(anonymous_7)
FN:120,(anonymous_8)
FN:124,(anonymous_9)
FN:131,(anonymous_10)
FN:141,(anonymous_11)
FN:149,(anonymous_12)
FN:153,(anonymous_13)
FN:159,(anonymous_14)
FN:160,(anonymous_15)
FN:162,(anonymous_16)
FN:167,(anonymous_17)
FN:175,(anonymous_18)
FN:177,(anonymous_19)
FN:180,(anonymous_20)
FN:181,(anonymous_21)
FN:186,(anonymous_22)
FN:201,(anonymous_23)
FN:215,(anonymous_24)
FN:216,(anonymous_25)
FN:217,(anonymous_26)
FN:227,(anonymous_27)
FN:228,(anonymous_28)
FN:228,(anonymous_29)
FN:229,(anonymous_30)
FN:229,(anonymous_31)
FN:232,(anonymous_32)
FN:238,(anonymous_33)
FN:244,(anonymous_34)
FN:249,(anonymous_35)
FN:256,(anonymous_36)
FN:299,(anonymous_37)
FN:315,(anonymous_38)
FN:322,(anonymous_39)
FN:326,(anonymous_40)
FN:338,(anonymous_41)
FN:373,(anonymous_42)
FN:373,(anonymous_43)
FN:410,(anonymous_44)
FN:436,(anonymous_45)
FN:455,(anonymous_46)
FN:477,(anonymous_47)
FN:483,(anonymous_48)
FN:491,(anonymous_49)
FN:544,(anonymous_50)
FN:545,(anonymous_51)
FN:559,(anonymous_52)
FN:566,(anonymous_53)
FN:574,(anonymous_54)
FN:599,(anonymous_55)
FN:617,(anonymous_56)
FN:648,(anonymous_57)
FN:674,(anonymous_58)
FN:681,(anonymous_59)
FN:682,(anonymous_60)
FN:687,(anonymous_61)
FN:727,(anonymous_62)
FN:12,(anonymous_63)
FNF:64
FNH:1
FNDA:2,(anonymous_0)
FNDA:0,(anonymous_1)
FNDA:0,(anonymous_2)
FNDA:0,(anonymous_3)
FNDA:0,(anonymous_4)
FNDA:0,(anonymous_5)
FNDA:0,(anonymous_6)
FNDA:0,(anonymous_7)
FNDA:0,(anonymous_8)
FNDA:0,(anonymous_9)
FNDA:0,(anonymous_10)
FNDA:0,(anonymous_11)
FNDA:0,(anonymous_12)
FNDA:0,(anonymous_13)
FNDA:0,(anonymous_14)
FNDA:0,(anonymous_15)
FNDA:0,(anonymous_16)
FNDA:0,(anonymous_17)
FNDA:0,(anonymous_18)
FNDA:0,(anonymous_19)
FNDA:0,(anonymous_20)
FNDA:0,(anonymous_21)
FNDA:0,(anonymous_22)
FNDA:0,(anonymous_23)
FNDA:0,(anonymous_24)
FNDA:0,(anonymous_25)
FNDA:0,(anonymous_26)
FNDA:0,(anonymous_27)
FNDA:0,(anonymous_28)
FNDA:0,(anonymous_29)
FNDA:0,(anonymous_30)
FNDA:0,(anonymous_31)
FNDA:0,(anonymous_32)
FNDA:0,(anonymous_33)
FNDA:0,(anonymous_34)
FNDA:0,(anonymous_35)
FNDA:0,(anonymous_36)
FNDA:0,(anonymous_37)
FNDA:0,(anonymous_38)
FNDA:0,(anonymous_39)
FNDA:0,(anonymous_40)
FNDA:0,(anonymous_41)
FNDA:0,(anonymous_42)
FNDA:0,(anonymous_43)
FNDA:0,(anonymous_44)
FNDA:0,(anonymous_45)
FNDA:0,(anonymous_46)
FNDA:0,(anonymous_47)
FNDA:0,(anonymous_48)
FNDA:0,(anonymous_49)
FNDA:0,(anonymous_50)
FNDA:0,(anonymous_51)
FNDA:0,(anonymous_52)
FNDA:0,(anonymous_53)
FNDA:0,(anonymous_54)
FNDA:0,(anonymous_55)
FNDA:0,(anonymous_56)
FNDA:0,(anonymous_57)
FNDA:0,(anonymous_58)
FNDA:0,(anonymous_59)
FNDA:0,(anonymous_60)
FNDA:0,(anonymous_61)
FNDA:0,(anonymous_62)
FNDA:0,(anonymous_63)
DA:1,16
DA:9,2
DA:10,2
DA:12,2
DA:13,0
DA:14,2
DA:16,0
DA:28,0
DA:29,0
DA:30,0
DA:31,0
DA:32,0
DA:33,0
DA:34,0
DA:35,0
DA:36,0
DA:37,0
DA:38,0
DA:41,0
DA:49,0
DA:56,0
DA:57,0
DA:58,0
DA:59,0
DA:60,0
DA:61,0
DA:62,0
DA:65,0
DA:67,0
DA:75,0
DA:83,0
DA:84,0
DA:85,0
DA:87,0
DA:88,0
DA:91,0
DA:92,0
DA:95,0
DA:99,0
DA:100,0
DA:102,0
DA:103,0
DA:104,0
DA:108,0
DA:112,0
DA:113,0
DA:114,0
DA:115,0
DA:116,0
DA:119,0
DA:120,0
DA:121,0
DA:122,0
DA:123,0
DA:124,0
DA:125,0
DA:126,0
DA:127,0
DA:131,0
DA:132,0
DA:133,0
DA:134,0
DA:135,0
DA:137,0
DA:138,0
DA:139,0
DA:141,0
DA:145,0
DA:146,0
DA:149,0
DA:150,0
DA:151,0
DA:152,0
DA:153,0
DA:159,0
DA:160,0
DA:162,0
DA:164,0
DA:167,0
DA:168,0
DA:169,0
DA:175,0
DA:176,0
DA:177,0
DA:180,0
DA:181,0
DA:182,0
DA:183,0
DA:184,0
DA:186,0
DA:187,0
DA:188,0
DA:189,0
DA:191,0
DA:193,0
DA:196,0
DA:197,0
DA:201,0
DA:202,0
DA:203,0
DA:204,0
DA:205,0
DA:207,0
DA:208,0
DA:209,0
DA:210,0
DA:212,0
DA:213,0
DA:214,0
DA:215,0
DA:216,0
DA:217,0
DA:219,0
DA:221,0
DA:222,0
DA:227,0
DA:228,0
DA:229,0
DA:232,0
DA:233,0
DA:234,0
DA:235,0
DA:238,0
DA:239,0
DA:240,0
DA:241,0
DA:244,0
DA:245,0
DA:246,0
DA:249,0
DA:250,0
DA:251,0
DA:252,0
DA:253,0
DA:256,0
DA:257,0
DA:259,0
DA:260,0
DA:261,0
DA:264,0
DA:266,0
DA:271,0
DA:272,0
DA:273,0
DA:274,0
DA:275,0
DA:276,0
DA:277,0
DA:278,0
DA:279,0
DA:280,0
DA:282,0
DA:285,0
DA:286,0
DA:287,0
DA:288,0
DA:291,0
DA:292,0
DA:293,0
DA:294,0
DA:299,0
DA:301,0
DA:306,0
DA:307,0
DA:310,0
DA:312,0
DA:313,0
DA:315,0
DA:317,0
DA:318,0
DA:322,0
DA:323,0
DA:326,0
DA:327,0
DA:328,0
DA:331,0
DA:332,0
DA:334,0
DA:335,0
DA:337,0
DA:338,0
DA:340,0
DA:341,0
DA:345,0
DA:346,0
DA:357,0
DA:373,0
DA:410,0
DA:437,0
DA:455,0
DA:478,0
DA:479,0
DA:480,0
DA:481,0
DA:483,0
DA:491,0
DA:544,0
DA:545,0
DA:560,0
DA:566,0
DA:574,0
DA:600,0
DA:618,0
DA:649,0
DA:674,0
DA:681,0
DA:682,0
DA:687,0
DA:727,0
DA:741,2
DA:743,2
LF:211
LH:7
BRDA:1,0,0,2
BRDA:1,0,1,0
BRDA:1,1,0,2
BRDA:1,2,0,2
BRDA:1,2,1,2
BRDA:9,3,0,2
BRDA:9,3,1,2
BRDA:37,4,0,0
BRDA:37,4,1,0
BRDA:61,5,0,0
BRDA:84,6,0,0
BRDA:84,7,0,0
BRDA:84,7,1,0
BRDA:87,8,0,0
BRDA:87,9,0,0
BRDA:87,9,1,0
BRDA:91,10,0,0
BRDA:92,11,0,0
BRDA:92,11,1,0
BRDA:97,12,0,0
BRDA:97,12,1,0
BRDA:97,13,0,0
BRDA:97,13,1,0
BRDA:99,14,0,0
BRDA:99,14,1,0
BRDA:99,15,0,0
BRDA:99,15,1,0
BRDA:113,16,0,0
BRDA:115,17,0,0
BRDA:115,18,0,0
BRDA:115,18,1,0
BRDA:119,19,0,0
BRDA:132,20,0,0
BRDA:133,21,0,0
BRDA:133,22,0,0
BRDA:133,22,1,0
BRDA:137,23,0,0
BRDA:143,24,0,0
BRDA:143,24,1,0
BRDA:150,25,0,0
BRDA:162,26,0,0
BRDA:162,26,1,0
BRDA:180,27,0,0
BRDA:180,28,0,0
BRDA:203,29,0,0
BRDA:208,30,0,0
BRDA:221,31,0,0
BRDA:221,31,1,0
BRDA:222,32,0,0
BRDA:259,33,0,0
BRDA:259,34,0,0
BRDA:259,34,1,0
BRDA:266,35,0,0
BRDA:266,35,1,0
BRDA:266,36,0,0
BRDA:266,36,1,0
BRDA:267,37,0,0
BRDA:267,37,1,0
BRDA:273,38,0,0
BRDA:275,39,0,0
BRDA:276,40,0,0
BRDA:277,41,0,0
BRDA:278,42,0,0
BRDA:279,43,0,0
BRDA:282,44,0,0
BRDA:287,45,0,0
BRDA:287,45,1,0
BRDA:291,46,0,0
BRDA:291,46,1,0
BRDA:292,47,0,0
BRDA:306,48,0,0
BRDA:331,49,0,0
BRDA:345,50,0,0
BRDA:360,51,0,0
BRDA:360,51,1,0
BRDA:393,52,0,0
BRDA:393,52,1,0
BRDA:434,53,0,0
BRDA:434,53,1,0
BRDA:440,54,0,0
BRDA:440,54,1,0
BRDA:441,55,0,0
BRDA:441,55,1,0
BRDA:443,56,0,0
BRDA:443,56,1,0
BRDA:473,57,0,0
BRDA:473,57,1,0
BRDA:545,58,0,0
BRDA:546,59,0,0
BRDA:546,59,1,0
BRDA:553,60,0,0
BRDA:553,60,1,0
BRDA:553,60,2,0
BRDA:553,60,3,0
BRDA:559,61,0,0
BRDA:559,61,1,0
BRDA:582,62,0,0
BRDA:582,62,1,0
BRDA:584,63,0,0
BRDA:584,63,1,0
BRDA:680,64,0,0
BRDA:680,64,1,0
BRF:102
BRH:6
end_of_record
TN:
SF:src\Pages\EditarProducto.jsx
FN:1,(anonymous_0)
FN:14,(anonymous_1)
FN:15,(anonymous_2)
FN:24,(anonymous_3)
FN:27,(anonymous_4)
FN:61,(anonymous_5)
FN:63,(anonymous_6)
FN:65,(anonymous_7)
FN:85,(anonymous_8)
FN:87,(anonymous_9)
FN:91,(anonymous_10)
FN:116,(anonymous_11)
FN:117,(anonymous_12)
FN:141,(anonymous_13)
FN:142,(anonymous_14)
FN:148,(anonymous_15)
FN:151,(anonymous_16)
FN:159,(anonymous_17)
FN:161,(anonymous_18)
FN:164,(anonymous_19)
FN:179,(anonymous_20)
FN:180,(anonymous_21)
FN:181,(anonymous_22)
FN:191,(anonymous_23)
FN:192,(anonymous_24)
FN:192,(anonymous_25)
FN:193,(anonymous_26)
FN:193,(anonymous_27)
FN:196,(anonymous_28)
FN:201,(anonymous_29)
FN:209,(anonymous_30)
FN:211,(anonymous_31)
FN:221,(anonymous_32)
FN:229,(anonymous_33)
FN:233,(anonymous_34)
FN:236,(anonymous_35)
FN:237,(anonymous_36)
FN:239,(anonymous_37)
FN:243,(anonymous_38)
FN:246,(anonymous_39)
FN:251,(anonymous_40)
FN:253,(anonymous_41)
FN:295,(anonymous_42)
FN:324,(anonymous_43)
FN:362,(anonymous_44)
FN:362,(anonymous_45)
FN:374,(anonymous_46)
FN:386,(anonymous_47)
FN:393,(anonymous_48)
FN:416,(anonymous_49)
FN:422,(anonymous_50)
FN:430,(anonymous_51)
FN:465,(anonymous_52)
FN:466,(anonymous_53)
FN:474,(anonymous_54)
FN:481,(anonymous_55)
FN:485,(anonymous_56)
FN:520,(anonymous_57)
FN:547,(anonymous_58)
FN:91,(anonymous_59)
FNF:60
FNH:1
FNDA:2,(anonymous_0)
FNDA:0,(anonymous_1)
FNDA:0,(anonymous_2)
FNDA:0,(anonymous_3)
FNDA:0,(anonymous_4)
FNDA:0,(anonymous_5)
FNDA:0,(anonymous_6)
FNDA:0,(anonymous_7)
FNDA:0,(anonymous_8)
FNDA:0,(anonymous_9)
FNDA:0,(anonymous_10)
FNDA:0,(anonymous_11)
FNDA:0,(anonymous_12)
FNDA:0,(anonymous_13)
FNDA:0,(anonymous_14)
FNDA:0,(anonymous_15)
FNDA:0,(anonymous_16)
FNDA:0,(anonymous_17)
FNDA:0,(anonymous_18)
FNDA:0,(anonymous_19)
FNDA:0,(anonymous_20)
FNDA:0,(anonymous_21)
FNDA:0,(anonymous_22)
FNDA:0,(anonymous_23)
FNDA:0,(anonymous_24)
FNDA:0,(anonymous_25)
FNDA:0,(anonymous_26)
FNDA:0,(anonymous_27)
FNDA:0,(anonymous_28)
FNDA:0,(anonymous_29)
FNDA:0,(anonymous_30)
FNDA:0,(anonymous_31)
FNDA:0,(anonymous_32)
FNDA:0,(anonymous_33)
FNDA:0,(anonymous_34)
FNDA:0,(anonymous_35)
FNDA:0,(anonymous_36)
FNDA:0,(anonymous_37)
FNDA:0,(anonymous_38)
FNDA:0,(anonymous_39)
FNDA:0,(anonymous_40)
FNDA:0,(anonymous_41)
FNDA:0,(anonymous_42)
FNDA:0,(anonymous_43)
FNDA:0,(anonymous_44)
FNDA:0,(anonymous_45)
FNDA:0,(anonymous_46)
FNDA:0,(anonymous_47)
FNDA:0,(anonymous_48)
FNDA:0,(anonymous_49)
FNDA:0,(anonymous_50)
FNDA:0,(anonymous_51)
FNDA:0,(anonymous_52)
FNDA:0,(anonymous_53)
FNDA:0,(anonymous_54)
FNDA:0,(anonymous_55)
FNDA:0,(anonymous_56)
FNDA:0,(anonymous_57)
FNDA:0,(anonymous_58)
FNDA:0,(anonymous_59)
DA:1,16
DA:11,2
DA:14,2
DA:15,0
DA:16,0
DA:17,0
DA:18,0
DA:19,0
DA:22,0
DA:23,0
DA:24,0
DA:25,0
DA:26,0
DA:27,0
DA:28,0
DA:29,0
DA:30,0
DA:33,0
DA:34,0
DA:35,0
DA:37,0
DA:38,0
DA:40,0
DA:41,0
DA:43,0
DA:44,0
DA:48,0
DA:49,0
DA:51,0
DA:54,0
DA:55,0
DA:56,0
DA:57,0
DA:58,0
DA:59,0
DA:61,0
DA:62,0
DA:64,0
DA:65,0
DA:66,0
DA:67,0
DA:68,0
DA:69,0
DA:70,0
DA:71,0
DA:73,0
DA:76,0
DA:83,0
DA:85,0
DA:87,0
DA:91,2
DA:92,0
DA:93,2
DA:95,0
DA:105,0
DA:106,0
DA:108,0
DA:109,0
DA:110,0
DA:111,0
DA:112,0
DA:113,0
DA:114,0
DA:116,0
DA:117,0
DA:118,0
DA:119,0
DA:120,0
DA:121,0
DA:122,0
DA:125,0
DA:126,0
DA:127,0
DA:128,0
DA:130,0
DA:131,0
DA:133,0
DA:137,0
DA:141,0
DA:142,0
DA:143,0
DA:144,0
DA:147,0
DA:148,0
DA:151,0
DA:152,0
DA:153,0
DA:159,0
DA:160,0
DA:161,0
DA:164,0
DA:165,0
DA:166,0
DA:167,0
DA:168,0
DA:170,0
DA:171,0
DA:172,0
DA:173,0
DA:175,0
DA:177,0
DA:178,0
DA:179,0
DA:180,0
DA:181,0
DA:183,0
DA:185,0
DA:186,0
DA:191,0
DA:192,0
DA:193,0
DA:196,0
DA:197,0
DA:198,0
DA:199,0
DA:201,0
DA:202,0
DA:203,0
DA:204,0
DA:209,0
DA:211,0
DA:212,0
DA:213,0
DA:214,0
DA:215,0
DA:217,0
DA:218,0
DA:219,0
DA:221,0
DA:225,0
DA:226,0
DA:229,0
DA:230,0
DA:231,0
DA:232,0
DA:233,0
DA:236,0
DA:237,0
DA:239,0
DA:243,0
DA:244,0
DA:246,0
DA:247,0
DA:248,0
DA:251,0
DA:252,0
DA:253,0
DA:254,0
DA:255,0
DA:258,0
DA:259,0
DA:260,0
DA:262,0
DA:263,0
DA:264,0
DA:266,0
DA:267,0
DA:268,0
DA:269,0
DA:271,0
DA:278,0
DA:279,0
DA:281,0
DA:284,0
DA:286,0
DA:288,0
DA:290,0
DA:291,0
DA:295,0
DA:296,0
DA:300,0
DA:302,0
DA:303,0
DA:310,0
DA:311,0
DA:315,0
DA:317,0
DA:324,0
DA:325,0
DA:329,0
DA:330,0
DA:339,0
DA:340,0
DA:343,0
DA:362,0
DA:374,0
DA:387,0
DA:394,0
DA:395,0
DA:417,0
DA:418,0
DA:419,0
DA:420,0
DA:422,0
DA:430,0
DA:465,0
DA:466,0
DA:475,0
DA:481,0
DA:485,0
DA:521,0
DA:549,0
DA:563,2
DA:565,2
LF:204
LH:7
BRDA:1,0,0,2
BRDA:1,0,1,0
BRDA:1,1,0,2
BRDA:1,2,0,2
BRDA:1,2,1,2
BRDA:17,3,0,0
BRDA:37,4,0,0
BRDA:40,5,0,0
BRDA:43,6,0,0
BRDA:48,7,0,0
BRDA:48,7,1,0
BRDA:49,8,0,0
BRDA:51,9,0,0
BRDA:68,10,0,0
BRDA:68,10,1,0
BRDA:68,11,0,0
BRDA:68,11,1,0
BRDA:70,12,0,0
BRDA:70,12,1,0
BRDA:121,13,0,0
BRDA:126,14,0,0
BRDA:126,14,1,0
BRDA:126,15,0,0
BRDA:126,15,1,0
BRDA:127,16,0,0
BRDA:127,16,1,0
BRDA:127,17,0,0
BRDA:127,17,1,0
BRDA:143,18,0,0
BRDA:143,19,0,0
BRDA:143,19,1,0
BRDA:166,20,0,0
BRDA:171,21,0,0
BRDA:185,22,0,0
BRDA:185,22,1,0
BRDA:186,23,0,0
BRDA:209,24,0,0
BRDA:209,24,1,0
BRDA:212,25,0,0
BRDA:213,26,0,0
BRDA:213,27,0,0
BRDA:213,27,1,0
BRDA:217,28,0,0
BRDA:223,29,0,0
BRDA:223,29,1,0
BRDA:230,30,0,0
BRDA:231,31,0,0
BRDA:231,31,1,0
BRDA:239,32,0,0
BRDA:239,32,1,0
BRDA:247,33,0,0
BRDA:247,34,0,0
BRDA:247,34,1,0
BRDA:247,34,2,0
BRDA:258,35,0,0
BRDA:258,36,0,0
BRDA:258,36,1,0
BRDA:262,37,0,0
BRDA:268,38,0,0
BRDA:268,39,0,0
BRDA:268,39,1,0
BRDA:278,40,0,0
BRDA:300,41,0,0
BRDA:310,42,0,0
BRDA:339,43,0,0
BRDA:350,44,0,0
BRDA:350,44,1,0
BRDA:369,45,0,0
BRDA:369,45,1,0
BRDA:384,46,0,0
BRDA:384,46,1,0
BRDA:412,47,0,0
BRDA:412,47,1,0
BRDA:466,48,0,0
BRDA:467,49,0,0
BRDA:467,49,1,0
BRDA:467,50,0,0
BRDA:467,50,1,0
BRDA:469,51,0,0
BRDA:469,51,1,0
BRDA:469,51,2,0
BRDA:469,52,0,0
BRDA:469,52,1,0
BRDA:474,53,0,0
BRDA:474,53,1,0
BRDA:490,54,0,0
BRDA:490,54,1,0
BRDA:492,55,0,0
BRDA:492,55,1,0
BRF:89
BRH:4
end_of_record
TN:
SF:src\Pages\EditarSolicitud.jsx
FN:1,(anonymous_0)
FN:9,(anonymous_1)
FN:44,(anonymous_2)
FN:45,(anonymous_3)
FN:71,(anonymous_4)
FN:79,(anonymous_5)
FN:81,(anonymous_6)
FN:84,(anonymous_7)
FN:90,(anonymous_8)
FN:97,(anonymous_9)
FN:98,(anonymous_10)
FN:100,(anonymous_11)
FN:104,(anonymous_12)
FN:105,(anonymous_13)
FN:110,(anonymous_14)
FN:125,(anonymous_15)
FN:139,(anonymous_16)
FN:140,(anonymous_17)
FN:141,(anonymous_18)
FN:151,(anonymous_19)
FN:152,(anonymous_20)
FN:152,(anonymous_21)
FN:153,(anonymous_22)
FN:153,(anonymous_23)
FN:156,(anonymous_24)
FN:162,(anonymous_25)
FN:168,(anonymous_26)
FN:173,(anonymous_27)
FN:180,(anonymous_28)
FN:190,(anonymous_29)
FN:195,(anonymous_30)
FN:197,(anonymous_31)
FN:218,(anonymous_32)
FN:225,(anonymous_33)
FN:233,(anonymous_34)
FN:289,(anonymous_35)
FN:319,(anonymous_36)
FN:322,(anonymous_37)
FN:336,(anonymous_38)
FN:341,(anonymous_39)
FN:374,(anonymous_40)
FN:419,(anonymous_41)
FN:427,(anonymous_42)
FN:434,(anonymous_43)
FN:444,(anonymous_44)
FN:455,(anonymous_45)
FN:9,(anonymous_46)
FNF:47
FNH:1
FNDA:2,(anonymous_0)
FNDA:0,(anonymous_1)
FNDA:0,(anonymous_2)
FNDA:0,(anonymous_3)
FNDA:0,(anonymous_4)
FNDA:0,(anonymous_5)
FNDA:0,(anonymous_6)
FNDA:0,(anonymous_7)
FNDA:0,(anonymous_8)
FNDA:0,(anonymous_9)
FNDA:0,(anonymous_10)
FNDA:0,(anonymous_11)
FNDA:0,(anonymous_12)
FNDA:0,(anonymous_13)
FNDA:0,(anonymous_14)
FNDA:0,(anonymous_15)
FNDA:0,(anonymous_16)
FNDA:0,(anonymous_17)
FNDA:0,(anonymous_18)
FNDA:0,(anonymous_19)
FNDA:0,(anonymous_20)
FNDA:0,(anonymous_21)
FNDA:0,(anonymous_22)
FNDA:0,(anonymous_23)
FNDA:0,(anonymous_24)
FNDA:0,(anonymous_25)
FNDA:0,(anonymous_26)
FNDA:0,(anonymous_27)
FNDA:0,(anonymous_28)
FNDA:0,(anonymous_29)
FNDA:0,(anonymous_30)
FNDA:0,(anonymous_31)
FNDA:0,(anonymous_32)
FNDA:0,(anonymous_33)
FNDA:0,(anonymous_34)
FNDA:0,(anonymous_35)
FNDA:0,(anonymous_36)
FNDA:0,(anonymous_37)
FNDA:0,(anonymous_38)
FNDA:0,(anonymous_39)
FNDA:0,(anonymous_40)
FNDA:0,(anonymous_41)
FNDA:0,(anonymous_42)
FNDA:0,(anonymous_43)
FNDA:0,(anonymous_44)
FNDA:0,(anonymous_45)
FNDA:0,(anonymous_46)
DA:1,16
DA:7,2
DA:9,2
DA:10,0
DA:11,2
DA:13,0
DA:25,0
DA:26,0
DA:27,0
DA:28,0
DA:29,0
DA:30,0
DA:32,0
DA:38,0
DA:44,0
DA:45,0
DA:46,0
DA:47,0
DA:48,0
DA:49,0
DA:50,0
DA:53,0
DA:54,0
DA:59,0
DA:60,0
DA:62,0
DA:63,0
DA:64,0
DA:68,0
DA:71,0
DA:72,0
DA:73,0
DA:79,0
DA:80,0
DA:81,0
DA:84,0
DA:85,0
DA:86,0
DA:87,0
DA:88,0
DA:90,0
DA:94,0
DA:97,0
DA:98,0
DA:100,0
DA:104,0
DA:105,0
DA:106,0
DA:107,0
DA:108,0
DA:110,0
DA:111,0
DA:112,0
DA:113,0
DA:115,0
DA:117,0
DA:120,0
DA:121,0
DA:125,0
DA:126,0
DA:127,0
DA:128,0
DA:129,0
DA:131,0
DA:132,0
DA:133,0
DA:134,0
DA:136,0
DA:137,0
DA:138,0
DA:139,0
DA:140,0
DA:141,0
DA:143,0
DA:145,0
DA:146,0
DA:151,0
DA:152,0
DA:153,0
DA:156,0
DA:157,0
DA:158,0
DA:159,0
DA:162,0
DA:163,0
DA:164,0
DA:165,0
DA:168,0
DA:169,0
DA:170,0
DA:173,0
DA:174,0
DA:175,0
DA:176,0
DA:177,0
DA:180,0
DA:181,0
DA:183,0
DA:184,0
DA:185,0
DA:188,0
DA:190,0
DA:191,0
DA:192,0
DA:195,0
DA:196,0
DA:197,0
DA:198,0
DA:199,0
DA:203,0
DA:205,0
DA:213,0
DA:214,0
DA:217,0
DA:218,0
DA:220,0
DA:221,0
DA:225,0
DA:226,0
DA:227,0
DA:228,0
DA:231,0
DA:232,0
DA:233,0
DA:235,0
DA:236,0
DA:240,0
DA:241,0
DA:252,0
DA:290,0
DA:319,0
DA:323,0
DA:324,0
DA:325,0
DA:337,0
DA:341,0
DA:375,0
DA:419,0
DA:427,0
DA:435,0
DA:444,0
DA:455,0
DA:470,2
DA:472,2
LF:144
LH:6
BRDA:1,0,0,2
BRDA:1,0,1,0
BRDA:1,1,0,2
BRDA:1,2,0,2
BRDA:1,2,1,2
BRDA:49,3,0,0
BRDA:56,4,0,0
BRDA:56,4,1,0
BRDA:57,5,0,0
BRDA:57,5,1,0
BRDA:59,6,0,0
BRDA:59,6,1,0
BRDA:75,7,0,0
BRDA:75,7,1,0
BRDA:85,8,0,0
BRDA:86,9,0,0
BRDA:104,10,0,0
BRDA:104,11,0,0
BRDA:127,12,0,0
BRDA:132,13,0,0
BRDA:145,14,0,0
BRDA:145,14,1,0
BRDA:146,15,0,0
BRDA:183,16,0,0
BRDA:183,17,0,0
BRDA:183,17,1,0
BRDA:191,18,0,0
BRDA:191,19,0,0
BRDA:191,19,1,0
BRDA:191,19,2,0
BRDA:213,20,0,0
BRDA:226,21,0,0
BRDA:231,22,0,0
BRDA:240,23,0,0
BRDA:256,24,0,0
BRDA:256,24,1,0
BRDA:273,25,0,0
BRDA:273,25,1,0
BRDA:323,26,0,0
BRDA:334,27,0,0
BRDA:334,27,1,0
BRDA:414,28,0,0
BRDA:414,28,1,0
BRDA:432,29,0,0
BRDA:432,29,1,0
BRDA:437,30,0,0
BRDA:437,30,1,0
BRDA:437,31,0,0
BRDA:437,31,1,0
BRDA:438,32,0,0
BRDA:438,32,1,0
BRDA:438,33,0,0
BRDA:438,33,1,0
BRF:53
BRH:4
end_of_record
TN:
SF:src\Pages\Favoritos.jsx
FN:1,(anonymous_0)
FN:7,(anonymous_1)
FN:12,(anonymous_2)
FN:13,(anonymous_3)
FN:22,(anonymous_4)
FN:24,(anonymous_5)
FN:28,(anonymous_6)
FN:30,(anonymous_7)
FN:43,(anonymous_8)
FN:59,(anonymous_9)
FN:7,(anonymous_10)
FNF:11
FNH:1
FNDA:2,(anonymous_0)
FNDA:0,(anonymous_1)
FNDA:0,(anonymous_2)
FNDA:0,(anonymous_3)
FNDA:0,(anonymous_4)
FNDA:0,(anonymous_5)
FNDA:0,(anonymous_6)
FNDA:0,(anonymous_7)
FNDA:0,(anonymous_8)
FNDA:0,(anonymous_9)
FNDA:0,(anonymous_10)
DA:1,16
DA:7,2
DA:8,2
DA:9,0
DA:12,0
DA:13,0
DA:14,0
DA:15,0
DA:16,0
DA:18,0
DA:21,0
DA:22,0
DA:23,0
DA:24,0
DA:28,0
DA:29,0
DA:30,0
DA:31,0
DA:32,0
DA:33,0
DA:36,0
DA:44,0
DA:59,0
DA:69,2
DA:71,2
LF:25
LH:5
BRDA:1,0,0,2
BRDA:1,0,1,0
BRDA:1,1,0,2
BRDA:1,2,0,2
BRDA:1,2,1,2
BRDA:15,3,0,0
BRDA:15,3,1,0
BRDA:16,4,0,0
BRDA:16,4,1,0
BRDA:29,5,0,0
BRDA:29,5,1,0
BRDA:40,6,0,0
BRDA:40,6,1,0
BRDA:52,7,0,0
BRDA:52,7,1,0
BRDA:53,8,0,0
BRDA:53,8,1,0
BRF:17
BRH:4
end_of_record
TN:
SF:src\Pages\ForgotPassword.jsx
FN:1,(anonymous_0)
FN:7,(anonymous_1)
FN:12,(anonymous_2)
FN:54,(anonymous_3)
FNF:4
FNH:1
FNDA:2,(anonymous_0)
FNDA:0,(anonymous_1)
FNDA:0,(anonymous_2)
FNDA:0,(anonymous_3)
DA:1,18
DA:7,2
DA:8,0
DA:9,0
DA:10,0
DA:12,0
DA:13,0
DA:14,0
DA:15,0
DA:16,0
DA:17,0
DA:22,0
DA:23,0
DA:24,0
DA:26,0
DA:28,0
DA:33,0
DA:54,0
DA:69,2
DA:71,2
LF:20
LH:4
BRDA:1,0,0,4
BRDA:1,0,1,2
BRDA:1,1,0,2
BRDA:23,2,0,0
BRDA:23,3,0,0
BRDA:23,3,1,0
BRDA:48,4,0,0
BRDA:48,4,1,0
BRDA:59,5,0,0
BRDA:59,5,1,0
BRF:10
BRH:3
end_of_record
TN:
SF:src\Pages\Home.jsx
FN:1,(anonymous_0)
FN:16,(anonymous_1)
FN:37,(anonymous_2)
FN:38,(anonymous_3)
FN:45,(anonymous_4)
FN:54,(anonymous_5)
FN:58,(anonymous_6)
FN:64,(anonymous_7)
FN:66,(anonymous_8)
FN:87,(anonymous_9)
FN:164,(anonymous_10)
FN:185,(anonymous_11)
FN:196,(anonymous_12)
FN:203,(anonymous_13)
FN:208,(anonymous_14)
FN:212,(anonymous_15)
FN:222,(anonymous_16)
FN:226,(anonymous_17)
FN:229,(anonymous_18)
FN:241,(anonymous_19)
FN:249,(anonymous_20)
FN:250,(anonymous_21)
FN:253,(anonymous_22)
FN:267,(anonymous_23)
FN:269,(anonymous_24)
FN:273,(anonymous_25)
FN:274,(anonymous_26)
FN:277,(anonymous_27)
FN:296,(anonymous_28)
FN:303,(anonymous_29)
FN:304,(anonymous_30)
FN:309,(anonymous_31)
FN:310,(anonymous_32)
FN:312,(anonymous_33)
FN:322,(anonymous_34)
FN:326,(anonymous_35)
FN:327,(anonymous_36)
FN:332,(anonymous_37)
FN:334,(anonymous_38)
FN:344,(anonymous_39)
FN:426,(anonymous_40)
FN:431,(anonymous_41)
FN:484,(anonymous_42)
FN:496,(anonymous_43)
FN:506,(anonymous_44)
FN:518,(anonymous_45)
FN:528,(anonymous_46)
FN:540,(anonymous_47)
FN:573,(anonymous_48)
FN:591,(anonymous_49)
FN:594,(anonymous_50)
FN:605,(anonymous_51)
FN:637,(anonymous_52)
FN:649,(anonymous_53)
FN:667,(anonymous_54)
FN:679,(anonymous_55)
FN:701,(anonymous_56)
FN:717,(anonymous_57)
FN:16,(anonymous_58)
FNF:59
FNH:3
FNDA:2,(anonymous_0)
FNDA:2,(anonymous_1)
FNDA:0,(anonymous_2)
FNDA:0,(anonymous_3)
FNDA:0,(anonymous_4)
FNDA:0,(anonymous_5)
FNDA:0,(anonymous_6)
FNDA:0,(anonymous_7)
FNDA:0,(anonymous_8)
FNDA:0,(anonymous_9)
FNDA:0,(anonymous_10)
FNDA:0,(anonymous_11)
FNDA:0,(anonymous_12)
FNDA:0,(anonymous_13)
FNDA:0,(anonymous_14)
FNDA:0,(anonymous_15)
FNDA:0,(anonymous_16)
FNDA:0,(anonymous_17)
FNDA:0,(anonymous_18)
FNDA:0,(anonymous_19)
FNDA:0,(anonymous_20)
FNDA:0,(anonymous_21)
FNDA:0,(anonymous_22)
FNDA:0,(anonymous_23)
FNDA:0,(anonymous_24)
FNDA:0,(anonymous_25)
FNDA:0,(anonymous_26)
FNDA:0,(anonymous_27)
FNDA:0,(anonymous_28)
FNDA:0,(anonymous_29)
FNDA:0,(anonymous_30)
FNDA:0,(anonymous_31)
FNDA:0,(anonymous_32)
FNDA:0,(anonymous_33)
FNDA:0,(anonymous_34)
FNDA:0,(anonymous_35)
FNDA:0,(anonymous_36)
FNDA:0,(anonymous_37)
FNDA:0,(anonymous_38)
FNDA:0,(anonymous_39)
FNDA:0,(anonymous_40)
FNDA:0,(anonymous_41)
FNDA:0,(anonymous_42)
FNDA:0,(anonymous_43)
FNDA:0,(anonymous_44)
FNDA:0,(anonymous_45)
FNDA:0,(anonymous_46)
FNDA:0,(anonymous_47)
FNDA:0,(anonymous_48)
FNDA:0,(anonymous_49)
FNDA:0,(anonymous_50)
FNDA:0,(anonymous_51)
FNDA:0,(anonymous_52)
FNDA:0,(anonymous_53)
FNDA:0,(anonymous_54)
FNDA:0,(anonymous_55)
FNDA:0,(anonymous_56)
FNDA:0,(anonymous_57)
FNDA:1,(anonymous_58)
DA:1,16
DA:16,2
DA:17,2
DA:18,2
DA:20,2
DA:22,2
DA:24,2
DA:25,2
DA:26,2
DA:27,2
DA:30,2
DA:31,2
DA:32,2
DA:33,2
DA:34,2
DA:37,2
DA:38,0
DA:39,0
DA:40,0
DA:41,0
DA:42,0
DA:45,0
DA:46,0
DA:48,0
DA:51,0
DA:54,0
DA:55,0
DA:57,0
DA:58,0
DA:59,0
DA:64,2
DA:66,0
DA:75,0
DA:80,0
DA:82,0
DA:83,0
DA:84,0
DA:87,0
DA:89,0
DA:90,0
DA:93,0
DA:118,0
DA:119,0
DA:120,0
DA:121,0
DA:122,0
DA:123,0
DA:124,0
DA:128,0
DA:129,0
DA:130,0
DA:131,0
DA:132,0
DA:133,0
DA:135,0
DA:137,0
DA:138,0
DA:140,0
DA:141,0
DA:143,0
DA:144,0
DA:146,0
DA:151,0
DA:156,0
DA:160,0
DA:164,2
DA:165,0
DA:167,0
DA:169,0
DA:171,0
DA:173,0
DA:178,2
DA:179,2
DA:180,2
DA:181,2
DA:182,2
DA:185,2
DA:186,0
DA:188,0
DA:192,2
DA:193,2
DA:196,2
DA:197,0
DA:198,0
DA:199,0
DA:203,2
DA:204,0
DA:208,2
DA:209,0
DA:210,0
DA:211,0
DA:212,0
DA:213,0
DA:214,0
DA:215,0
DA:216,0
DA:217,0
DA:218,0
DA:219,0
DA:220,0
DA:222,0
DA:226,2
DA:227,0
DA:229,0
DA:231,0
DA:232,0
DA:233,0
DA:234,0
DA:235,0
DA:236,0
DA:237,0
DA:238,0
DA:239,0
DA:241,0
DA:242,0
DA:243,0
DA:244,0
DA:245,0
DA:246,0
DA:249,0
DA:250,0
DA:251,0
DA:253,0
DA:254,0
DA:255,0
DA:256,0
DA:257,0
DA:258,0
DA:260,0
DA:267,0
DA:269,0
DA:273,2
DA:274,0
DA:275,0
DA:277,0
DA:279,0
DA:280,0
DA:281,0
DA:282,0
DA:283,0
DA:284,0
DA:285,0
DA:286,0
DA:287,0
DA:289,0
DA:296,0
DA:297,0
DA:298,0
DA:299,0
DA:300,0
DA:301,0
DA:303,0
DA:304,0
DA:305,0
DA:309,0
DA:310,0
DA:312,0
DA:313,0
DA:314,0
DA:315,0
DA:320,0
DA:321,0
DA:322,0
DA:326,2
DA:327,0
DA:328,0
DA:332,2
DA:333,0
DA:334,0
DA:335,0
DA:336,0
DA:337,0
DA:338,0
DA:339,0
DA:340,0
DA:341,0
DA:342,0
DA:344,0
DA:347,2
DA:426,0
DA:432,0
DA:484,0
DA:496,0
DA:506,0
DA:518,0
DA:528,0
DA:540,0
DA:573,0
DA:591,0
DA:595,0
DA:605,0
DA:637,0
DA:649,0
DA:668,0
DA:669,0
DA:670,0
DA:671,0
DA:679,0
DA:702,0
DA:717,0
DA:755,2
DA:757,2
LF:202
LH:36
BRDA:1,0,0,2
BRDA:1,0,1,0
BRDA:1,1,0,2
BRDA:1,2,0,2
BRDA:1,2,1,2
BRDA:67,3,0,0
BRDA:67,3,1,0
BRDA:75,4,0,0
BRDA:75,4,1,0
BRDA:75,4,2,0
BRDA:82,5,0,0
BRDA:82,6,0,0
BRDA:82,6,1,0
BRDA:82,6,2,0
BRDA:89,7,0,0
BRDA:95,8,0,0
BRDA:95,8,1,0
BRDA:95,8,2,0
BRDA:95,8,3,0
BRDA:95,8,4,0
BRDA:95,8,5,0
BRDA:95,8,6,0
BRDA:95,8,7,0
BRDA:95,8,8,0
BRDA:95,8,9,0
BRDA:95,8,10,0
BRDA:95,8,11,0
BRDA:95,8,12,0
BRDA:95,8,13,0
BRDA:95,8,14,0
BRDA:95,8,15,0
BRDA:95,8,16,0
BRDA:95,8,17,0
BRDA:95,8,18,0
BRDA:95,8,19,0
BRDA:95,8,20,0
BRDA:95,8,21,0
BRDA:95,8,22,0
BRDA:95,8,23,0
BRDA:95,8,24,0
BRDA:95,8,25,0
BRDA:95,8,26,0
BRDA:95,8,27,0
BRDA:95,8,28,0
BRDA:95,8,29,0
BRDA:95,8,30,0
BRDA:95,8,31,0
BRDA:95,8,32,0
BRDA:95,8,33,0
BRDA:95,8,34,0
BRDA:95,8,35,0
BRDA:95,8,36,0
BRDA:95,8,37,0
BRDA:95,8,38,0
BRDA:95,8,39,0
BRDA:95,8,40,0
BRDA:95,8,41,0
BRDA:118,9,0,0
BRDA:129,10,0,0
BRDA:129,11,0,0
BRDA:129,11,1,0
BRDA:135,12,0,0
BRDA:135,12,1,0
BRDA:135,12,2,0
BRDA:135,12,3,0
BRDA:151,13,0,0
BRDA:151,13,1,0
BRDA:151,13,2,0
BRDA:156,14,0,0
BRDA:156,14,1,0
BRDA:156,14,2,0
BRDA:160,15,0,0
BRDA:160,15,1,0
BRDA:160,15,2,0
BRDA:160,15,3,0
BRDA:160,15,4,0
BRDA:165,16,0,0
BRDA:165,16,1,0
BRDA:165,16,2,0
BRDA:165,16,3,0
BRDA:167,17,0,0
BRDA:167,17,1,0
BRDA:167,18,0,0
BRDA:167,18,1,0
BRDA:171,19,0,0
BRDA:171,19,1,0
BRDA:171,19,2,0
BRDA:171,20,0,0
BRDA:171,20,1,0
BRDA:171,20,2,0
BRDA:210,21,0,0
BRDA:210,21,1,0
BRDA:211,22,0,0
BRDA:213,23,0,0
BRDA:213,23,1,0
BRDA:213,23,2,0
BRDA:214,24,0,0
BRDA:216,25,0,0
BRDA:216,25,1,0
BRDA:218,26,0,0
BRDA:218,26,1,0
BRDA:227,27,0,0
BRDA:234,28,0,0
BRDA:234,28,1,0
BRDA:234,28,2,0
BRDA:236,29,0,0
BRDA:236,29,1,0
BRDA:237,30,0,0
BRDA:241,31,0,0
BRDA:243,32,0,0
BRDA:243,32,1,0
BRDA:254,33,0,0
BRDA:254,33,1,0
BRDA:254,34,0,0
BRDA:254,34,1,0
BRDA:255,35,0,0
BRDA:282,36,0,0
BRDA:282,36,1,0
BRDA:282,36,2,0
BRDA:284,37,0,0
BRDA:284,37,1,0
BRDA:285,38,0,0
BRDA:296,39,0,0
BRDA:298,40,0,0
BRDA:298,40,1,0
BRDA:328,41,0,0
BRDA:328,41,1,0
BRDA:333,42,0,0
BRDA:336,43,0,0
BRDA:338,44,0,0
BRDA:338,44,1,0
BRDA:340,45,0,0
BRDA:340,45,1,0
BRDA:375,46,0,2
BRDA:375,46,1,2
BRDA:375,46,2,2
BRDA:375,46,3,0
BRDA:432,47,0,0
BRDA:432,47,1,0
BRDA:471,48,0,2
BRDA:471,48,1,2
BRDA:471,48,2,2
BRDA:471,48,3,2
BRDA:471,48,4,2
BRDA:471,48,5,2
BRDA:471,48,6,0
BRDA:478,49,0,0
BRDA:478,49,1,0
BRDA:488,50,0,0
BRDA:488,50,1,0
BRDA:500,51,0,0
BRDA:500,51,1,0
BRDA:510,52,0,0
BRDA:510,52,1,0
BRDA:512,53,0,0
BRDA:512,53,1,0
BRDA:513,54,0,0
BRDA:513,54,1,0
BRDA:514,55,0,0
BRDA:514,55,1,0
BRDA:522,56,0,0
BRDA:522,56,1,0
BRDA:532,57,0,0
BRDA:532,57,1,0
BRDA:534,58,0,0
BRDA:534,58,1,0
BRDA:535,59,0,0
BRDA:535,59,1,0
BRDA:536,60,0,0
BRDA:536,60,1,0
BRDA:551,61,0,2
BRDA:551,61,1,0
BRDA:600,62,0,0
BRDA:600,62,1,0
BRDA:694,63,0,2
BRDA:694,63,1,0
BRDA:695,64,0,2
BRDA:695,64,1,0
BRDA:698,65,0,2
BRDA:698,65,1,2
BRDA:698,65,2,2
BRDA:700,66,0,0
BRDA:700,66,1,2
BRDA:710,67,0,0
BRDA:710,67,1,0
BRDA:711,68,0,0
BRDA:711,68,1,0
BRDA:712,69,0,0
BRDA:712,69,1,0
BRDA:713,70,0,0
BRDA:713,70,1,0
BRDA:727,71,0,2
BRDA:727,71,1,2
BRDA:727,71,2,2
BRDA:727,71,3,0
BRDA:738,72,0,2
BRDA:738,72,1,2
BRDA:738,72,2,2
BRDA:738,72,3,0
BRDA:742,73,0,0
BRDA:742,73,1,0
BRDA:743,74,0,0
BRDA:743,74,1,0
BRF:203
BRH:26
end_of_record
TN:
SF:src\Pages\Intercambiar.jsx
FN:1,(anonymous_0)
FN:11,(anonymous_1)
FN:40,(anonymous_2)
FN:42,(anonymous_3)
FN:58,(anonymous_4)
FN:59,(anonymous_5)
FN:74,(anonymous_6)
FN:90,(anonymous_7)
FN:92,(anonymous_8)
FN:99,(anonymous_9)
FN:121,(anonymous_10)
FN:155,(anonymous_11)
FN:175,(anonymous_12)
FN:206,(anonymous_13)
FN:242,(anonymous_14)
FN:249,(anonymous_15)
FN:253,(anonymous_16)
FN:276,(anonymous_17)
FN:276,(anonymous_18)
FN:288,(anonymous_19)
FN:288,(anonymous_20)
FN:307,(anonymous_21)
FN:307,(anonymous_22)
FN:11,(anonymous_23)
FNF:24
FNH:1
FNDA:2,(anonymous_0)
FNDA:0,(anonymous_1)
FNDA:0,(anonymous_2)
FNDA:0,(anonymous_3)
FNDA:0,(anonymous_4)
FNDA:0,(anonymous_5)
FNDA:0,(anonymous_6)
FNDA:0,(anonymous_7)
FNDA:0,(anonymous_8)
FNDA:0,(anonymous_9)
FNDA:0,(anonymous_10)
FNDA:0,(anonymous_11)
FNDA:0,(anonymous_12)
FNDA:0,(anonymous_13)
FNDA:0,(anonymous_14)
FNDA:0,(anonymous_15)
FNDA:0,(anonymous_16)
FNDA:0,(anonymous_17)
FNDA:0,(anonymous_18)
FNDA:0,(anonymous_19)
FNDA:0,(anonymous_20)
FNDA:0,(anonymous_21)
FNDA:0,(anonymous_22)
FNDA:0,(anonymous_23)
DA:1,16
DA:9,2
DA:11,2
DA:12,0
DA:13,2
DA:22,0
DA:24,0
DA:30,0
DA:31,0
DA:32,0
DA:33,0
DA:34,0
DA:35,0
DA:36,0
DA:37,0
DA:38,0
DA:40,0
DA:42,0
DA:43,0
DA:44,0
DA:45,0
DA:46,0
DA:47,0
DA:48,0
DA:49,0
DA:55,0
DA:58,0
DA:59,0
DA:60,0
DA:61,0
DA:62,0
DA:63,0
DA:66,0
DA:67,0
DA:68,0
DA:69,0
DA:70,0
DA:72,0
DA:74,0
DA:75,0
DA:77,0
DA:78,0
DA:80,0
DA:81,0
DA:83,0
DA:87,0
DA:90,0
DA:91,0
DA:92,0
DA:99,0
DA:100,0
DA:102,0
DA:103,0
DA:104,0
DA:107,0
DA:108,0
DA:111,0
DA:112,0
DA:113,0
DA:115,0
DA:116,0
DA:117,0
DA:118,0
DA:121,0
DA:123,0
DA:137,0
DA:145,0
DA:146,0
DA:149,0
DA:152,0
DA:155,0
DA:156,0
DA:158,0
DA:162,0
DA:163,0
DA:165,0
DA:169,0
DA:170,0
DA:175,0
DA:184,0
DA:207,0
DA:208,0
DA:209,0
DA:242,0
DA:250,0
DA:253,0
DA:276,0
DA:288,0
DA:307,0
DA:354,2
DA:356,2
LF:91
LH:6
BRDA:1,0,0,2
BRDA:1,0,1,0
BRDA:1,1,0,2
BRDA:1,2,0,2
BRDA:1,2,1,2
BRDA:22,3,0,0
BRDA:22,3,1,0
BRDA:44,4,0,0
BRDA:46,5,0,0
BRDA:48,6,0,0
BRDA:48,6,1,0
BRDA:48,6,2,0
BRDA:61,7,0,0
BRDA:69,8,0,0
BRDA:75,9,0,0
BRDA:75,9,1,0
BRDA:102,10,0,0
BRDA:107,11,0,0
BRDA:115,12,0,0
BRDA:134,13,0,0
BRDA:134,13,1,0
BRDA:145,14,0,0
BRDA:169,15,0,0
BRDA:206,16,0,0
BRDA:206,16,1,0
BRDA:211,17,0,0
BRDA:211,17,1,0
BRDA:228,18,0,0
BRDA:228,18,1,0
BRDA:233,19,0,0
BRDA:233,19,1,0
BRDA:237,20,0,0
BRDA:237,20,1,0
BRDA:252,21,0,0
BRDA:252,21,1,0
BRDA:256,22,0,0
BRDA:256,22,1,0
BRDA:257,23,0,0
BRDA:257,23,1,0
BRDA:272,24,0,0
BRDA:272,24,1,0
BRDA:299,25,0,0
BRDA:299,25,1,0
BRDA:323,26,0,0
BRDA:323,26,1,0
BRDA:325,27,0,0
BRDA:325,27,1,0
BRDA:339,28,0,0
BRDA:339,28,1,0
BRF:49
BRH:4
end_of_record
TN:
SF:src\Pages\Login.jsx
FN:1,(anonymous_0)
FN:7,(anonymous_1)
FN:17,(anonymous_2)
FN:77,(anonymous_3)
FN:88,(anonymous_4)
FN:99,(anonymous_5)
FN:99,(anonymous_6)
FN:100,(anonymous_7)
FN:100,(anonymous_8)
FN:7,(anonymous_9)
FNF:10
FNH:6
FNDA:2,(anonymous_0)
FNDA:44,(anonymous_1)
FNDA:1,(anonymous_2)
FNDA:15,(anonymous_3)
FNDA:4,(anonymous_4)
FNDA:0,(anonymous_5)
FNDA:0,(anonymous_6)
FNDA:0,(anonymous_7)
FNDA:0,(anonymous_8)
FNDA:1,(anonymous_9)
DA:1,18
DA:7,44
DA:8,44
DA:9,44
DA:10,44
DA:11,44
DA:12,44
DA:13,44
DA:17,44
DA:18,1
DA:19,1
DA:20,1
DA:22,1
DA:23,1
DA:31,1
DA:33,1
DA:34,0
DA:38,1
DA:39,1
DA:40,1
DA:43,1
DA:44,1
DA:47,1
DA:49,0
DA:50,0
DA:52,1
DA:56,44
DA:77,15
DA:88,4
DA:99,0
DA:100,0
DA:133,2
DA:135,2
LF:33
LH:28
BRDA:1,0,0,4
BRDA:1,0,1,2
BRDA:1,1,0,2
BRDA:33,2,0,0
BRDA:34,3,0,0
BRDA:34,3,1,0
BRDA:71,4,0,44
BRDA:71,4,1,0
BRDA:85,5,0,0
BRDA:85,5,1,44
BRDA:97,6,0,0
BRDA:97,6,1,44
BRDA:98,7,0,0
BRDA:98,7,1,44
BRDA:100,8,0,0
BRDA:100,9,0,0
BRDA:100,9,1,0
BRDA:103,10,0,0
BRDA:103,10,1,44
BRDA:122,11,0,2
BRDA:122,11,1,42
BRF:21
BRH:10
end_of_record
TN:
SF:src\Pages\PerfilPublico.jsx
FN:1,(anonymous_0)
FN:13,(anonymous_1)
FN:20,(anonymous_2)
FN:21,(anonymous_3)
FN:28,(anonymous_4)
FN:38,(anonymous_5)
FN:43,(anonymous_6)
FN:44,(anonymous_7)
FN:112,(anonymous_8)
FN:127,(anonymous_9)
FN:160,(anonymous_10)
FN:175,(anonymous_11)
FN:216,(anonymous_12)
FN:218,(anonymous_13)
FN:218,(anonymous_14)
FN:234,(anonymous_15)
FN:13,(anonymous_16)
FNF:17
FNH:1
FNDA:2,(anonymous_0)
FNDA:0,(anonymous_1)
FNDA:0,(anonymous_2)
FNDA:0,(anonymous_3)
FNDA:0,(anonymous_4)
FNDA:0,(anonymous_5)
FNDA:0,(anonymous_6)
FNDA:0,(anonymous_7)
FNDA:0,(anonymous_8)
FNDA:0,(anonymous_9)
FNDA:0,(anonymous_10)
FNDA:0,(anonymous_11)
FNDA:0,(anonymous_12)
FNDA:0,(anonymous_13)
FNDA:0,(anonymous_14)
FNDA:0,(anonymous_15)
FNDA:0,(anonymous_16)
DA:1,16
DA:11,2
DA:13,2
DA:14,0
DA:15,0
DA:16,0
DA:17,0
DA:20,0
DA:21,0
DA:22,0
DA:23,0
DA:24,0
DA:27,0
DA:28,0
DA:32,2
DA:34,0
DA:35,0
DA:38,0
DA:40,0
DA:43,0
DA:44,0
DA:45,0
DA:46,0
DA:47,0
DA:48,0
DA:51,0
DA:52,0
DA:53,0
DA:55,0
DA:56,0
DA:57,0
DA:58,0
DA:61,0
DA:62,0
DA:63,0
DA:66,0
DA:68,0
DA:70,0
DA:71,0
DA:73,0
DA:77,0
DA:78,0
DA:80,0
DA:84,0
DA:85,0
DA:93,0
DA:94,0
DA:102,0
DA:103,0
DA:111,0
DA:112,0
DA:113,0
DA:114,0
DA:118,0
DA:127,0
DA:160,0
DA:175,0
DA:216,0
DA:218,0
DA:219,0
DA:234,0
DA:302,2
DA:304,2
LF:63
LH:6
BRDA:1,0,0,2
BRDA:1,0,1,0
BRDA:1,1,0,2
BRDA:1,2,0,2
BRDA:1,2,1,2
BRDA:23,3,0,0
BRDA:55,4,0,0
BRDA:77,5,0,0
BRDA:77,5,1,0
BRDA:84,6,0,0
BRDA:93,7,0,0
BRDA:102,8,0,0
BRDA:111,9,0,0
BRDA:111,9,1,0
BRDA:112,10,0,0
BRDA:112,10,1,0
BRDA:113,11,0,0
BRDA:113,11,1,0
BRDA:114,12,0,0
BRDA:114,12,1,0
BRDA:123,13,0,0
BRDA:123,13,1,0
BRDA:157,14,0,0
BRDA:157,14,1,0
BRDA:169,15,0,0
BRDA:169,15,1,0
BRDA:169,16,0,0
BRDA:169,16,1,0
BRDA:177,17,0,0
BRDA:177,17,1,0
BRDA:177,17,2,0
BRDA:216,18,0,0
BRDA:216,18,1,0
BRDA:227,19,0,0
BRDA:227,19,1,0
BRDA:228,20,0,0
BRDA:228,20,1,0
BRDA:228,20,2,0
BRDA:254,21,0,0
BRDA:254,21,1,0
BRF:40
BRH:4
end_of_record
TN:
SF:src\Pages\PerfilUsuario.jsx
FN:1,(anonymous_0)
FN:30,(anonymous_1)
FN:37,(anonymous_2)
FN:38,(anonymous_3)
FN:41,(anonymous_4)
FN:42,(anonymous_5)
FN:49,(anonymous_6)
FN:52,(anonymous_7)
FN:55,(anonymous_8)
FN:63,(anonymous_9)
FN:72,(anonymous_10)
FN:73,(anonymous_11)
FN:124,(anonymous_12)
FN:135,(anonymous_13)
FN:136,(anonymous_14)
FN:144,(anonymous_15)
FN:153,(anonymous_16)
FN:159,(anonymous_17)
FN:166,(anonymous_18)
FN:168,(anonymous_19)
FN:208,(anonymous_20)
FN:215,(anonymous_21)
FN:229,(anonymous_22)
FN:236,(anonymous_23)
FN:251,(anonymous_24)
FN:255,(anonymous_25)
FN:256,(anonymous_26)
FN:257,(anonymous_27)
FN:278,(anonymous_28)
FN:291,(anonymous_29)
FN:295,(anonymous_30)
FN:297,(anonymous_31)
FN:337,(anonymous_32)
FN:339,(anonymous_33)
FN:347,(anonymous_34)
FN:364,(anonymous_35)
FN:405,(anonymous_36)
FN:407,(anonymous_37)
FN:409,(anonymous_38)
FN:412,(anonymous_39)
FN:412,(anonymous_40)
FN:413,(anonymous_41)
FN:413,(anonymous_42)
FN:418,(anonymous_43)
FN:426,(anonymous_44)
FN:428,(anonymous_45)
FN:442,(anonymous_46)
FN:451,(anonymous_47)
FN:463,(anonymous_48)
FN:473,(anonymous_49)
FN:479,(anonymous_50)
FN:499,(anonymous_51)
FN:506,(anonymous_52)
FN:507,(anonymous_53)
FN:518,(anonymous_54)
FN:521,(anonymous_55)
FN:532,(anonymous_56)
FN:536,(anonymous_57)
FN:544,(anonymous_58)
FN:550,(anonymous_59)
FN:550,(anonymous_60)
FN:559,(anonymous_61)
FN:576,(anonymous_62)
FN:584,(anonymous_63)
FN:588,(anonymous_64)
FN:589,(anonymous_65)
FN:616,(anonymous_66)
FN:622,handleEnviarMensaje
FN:656,(anonymous_68)
FN:707,(anonymous_69)
FN:707,(anonymous_70)
FN:710,(anonymous_71)
FN:710,(anonymous_72)
FN:716,(anonymous_73)
FN:731,(anonymous_74)
FN:737,(anonymous_75)
FN:739,(anonymous_76)
FN:746,(anonymous_77)
FN:746,(anonymous_78)
FN:746,(anonymous_79)
FN:749,(anonymous_80)
FN:756,(anonymous_81)
FN:763,(anonymous_82)
FN:769,(anonymous_83)
FN:770,(anonymous_84)
FN:777,(anonymous_85)
FN:818,(anonymous_86)
FN:835,(anonymous_87)
FN:888,(anonymous_88)
FN:897,(anonymous_89)
FN:901,(anonymous_90)
FN:916,(anonymous_91)
FN:957,(anonymous_92)
FN:961,(anonymous_93)
FN:1018,(anonymous_94)
FN:1090,(anonymous_95)
FN:1094,(anonymous_96)
FN:1100,(anonymous_97)
FN:1103,(anonymous_98)
FN:1104,(anonymous_99)
FN:1115,(anonymous_100)
FN:1126,(anonymous_101)
FN:1133,(anonymous_102)
FN:1147,(anonymous_103)
FN:1147,(anonymous_104)
FN:1163,(anonymous_105)
FN:1171,(anonymous_106)
FN:1176,(anonymous_107)
FN:1205,(anonymous_108)
FN:1206,(anonymous_109)
FN:1212,(anonymous_110)
FN:1234,(anonymous_111)
FN:1256,(anonymous_112)
FN:1259,(anonymous_113)
FN:1265,(anonymous_114)
FN:1274,(anonymous_115)
FN:1274,(anonymous_116)
FN:1295,(anonymous_117)
FN:1302,(anonymous_118)
FN:1317,(anonymous_119)
FN:1364,(anonymous_120)
FN:1365,(anonymous_121)
FN:1367,(anonymous_122)
FN:1395,(anonymous_123)
FN:1396,(anonymous_124)
FN:1398,(anonymous_125)
FN:1404,(anonymous_126)
FN:1411,(anonymous_127)
FN:1421,(anonymous_128)
FN:1423,(anonymous_129)
FN:1436,(anonymous_130)
FN:1451,(anonymous_131)
FN:1478,(anonymous_132)
FN:1515,(anonymous_133)
FN:1522,(anonymous_134)
FN:1524,(anonymous_135)
FN:1529,(anonymous_136)
FN:1558,(anonymous_137)
FN:1561,(anonymous_138)
FN:1562,(anonymous_139)
FN:1566,(anonymous_140)
FN:1574,(anonymous_141)
FN:1594,(anonymous_142)
FN:1595,(anonymous_143)
FN:1596,(anonymous_144)
FN:1601,(anonymous_145)
FN:1603,(anonymous_146)
FN:1609,(anonymous_147)
FN:1619,(anonymous_148)
FN:1620,(anonymous_149)
FN:1624,(anonymous_150)
FN:1665,(anonymous_151)
FN:1671,(anonymous_152)
FN:1681,(anonymous_153)
FN:1688,(anonymous_154)
FN:1696,(anonymous_155)
FN:1715,(anonymous_156)
FN:1718,(anonymous_157)
FN:1722,(anonymous_158)
FN:1724,(anonymous_159)
FN:1730,(anonymous_160)
FN:1735,(anonymous_161)
FN:1741,(anonymous_162)
FN:1748,(anonymous_163)
FN:1755,(anonymous_164)
FN:1773,(anonymous_165)
FN:1807,(anonymous_166)
FN:1812,(anonymous_167)
FN:1819,(anonymous_168)
FN:1820,(anonymous_169)
FN:1836,(anonymous_170)
FN:1851,(anonymous_171)
FN:1856,(anonymous_172)
FN:1856,(anonymous_173)
FN:1874,(anonymous_174)
FN:1901,(anonymous_175)
FN:1911,(anonymous_176)
FN:1912,(anonymous_177)
FN:1916,(anonymous_178)
FN:1919,(anonymous_179)
FN:1923,(anonymous_180)
FN:1929,(anonymous_181)
FN:1943,(anonymous_182)
FN:1971,(anonymous_183)
FN:1980,(anonymous_184)
FN:1980,(anonymous_185)
FN:2027,(anonymous_186)
FN:2053,(anonymous_187)
FN:2062,(anonymous_188)
FN:2063,(anonymous_189)
FN:2070,(anonymous_190)
FN:2081,(anonymous_191)
FN:2103,(anonymous_192)
FN:2119,(anonymous_193)
FN:2126,(anonymous_194)
FN:2133,(anonymous_195)
FN:2139,(anonymous_196)
FN:2145,(anonymous_197)
FN:2165,(anonymous_198)
FN:2181,(anonymous_199)
FN:2197,(anonymous_200)
FN:2202,(anonymous_201)
FN:2203,(anonymous_202)
FN:2209,(anonymous_203)
FN:2231,(anonymous_204)
FN:2232,(anonymous_205)
FN:2248,(anonymous_206)
FN:2255,(anonymous_207)
FN:2298,(anonymous_208)
FN:2302,(anonymous_209)
FN:2304,(anonymous_210)
FN:2311,(anonymous_211)
FN:2317,(anonymous_212)
FN:2320,(anonymous_213)
FN:2330,(anonymous_214)
FN:2336,(anonymous_215)
FN:2349,(anonymous_216)
FN:2358,(anonymous_217)
FN:2365,(anonymous_218)
FN:2373,(anonymous_219)
FN:2417,(anonymous_220)
FN:2434,(anonymous_221)
FN:2453,(anonymous_222)
FN:2457,(anonymous_223)
FN:2473,(anonymous_224)
FN:2474,(anonymous_225)
FN:2480,(anonymous_226)
FN:2485,(anonymous_227)
FN:2505,(anonymous_228)
FN:2524,(anonymous_229)
FN:2553,(anonymous_230)
FN:2556,(anonymous_231)
FN:2565,(anonymous_232)
FN:2584,(anonymous_233)
FN:2596,(anonymous_234)
FN:2597,(anonymous_235)
FN:2616,(anonymous_236)
FN:2616,(anonymous_237)
FN:2636,(anonymous_238)
FN:2644,(anonymous_239)
FN:2656,(anonymous_240)
FN:2660,(anonymous_241)
FN:2668,(anonymous_242)
FN:2674,(anonymous_243)
FN:2679,(anonymous_244)
FN:2701,(anonymous_245)
FN:2727,(anonymous_246)
FN:2730,(anonymous_247)
FN:2754,(anonymous_248)
FN:2777,(anonymous_249)
FN:2804,(anonymous_250)
FN:2808,(anonymous_251)
FN:2808,(anonymous_252)
FN:2811,(anonymous_253)
FN:2837,(anonymous_254)
FN:2859,(anonymous_255)
FN:2931,(anonymous_256)
FN:2941,(anonymous_257)
FN:2949,(anonymous_258)
FN:2966,(anonymous_259)
FN:2967,(anonymous_260)
FN:2975,(anonymous_261)
FN:2978,(anonymous_262)
FN:3006,(anonymous_263)
FN:3009,(anonymous_264)
FN:3024,(anonymous_265)
FN:3087,(anonymous_266)
FN:3144,(anonymous_267)
FN:3192,(anonymous_268)
FN:3210,(anonymous_269)
FN:3231,(anonymous_270)
FN:3245,(anonymous_271)
FN:3249,(anonymous_272)
FN:3263,(anonymous_273)
FN:3266,(anonymous_274)
FN:3314,(anonymous_275)
FN:3333,(anonymous_276)
FN:3335,(anonymous_277)
FN:3423,(anonymous_278)
FN:3427,(anonymous_279)
FN:3429,(anonymous_280)
FN:3441,(anonymous_281)
FN:3447,(anonymous_282)
FN:3472,(anonymous_283)
FN:3480,(anonymous_284)
FN:3481,(anonymous_285)
FN:3487,(anonymous_286)
FN:3488,(anonymous_287)
FN:3495,(anonymous_288)
FN:3495,(anonymous_289)
FN:3569,(anonymous_290)
FN:3579,(anonymous_291)
FN:3594,(anonymous_292)
FN:3624,(anonymous_293)
FN:3626,(anonymous_294)
FN:3663,(anonymous_295)
FN:3666,(anonymous_296)
FN:3734,(anonymous_297)
FN:3735,(anonymous_298)
FN:3740,(anonymous_299)
FN:3769,(anonymous_300)
FN:3777,(anonymous_301)
FN:3806,(anonymous_302)
FN:3814,(anonymous_303)
FN:3815,(anonymous_304)
FN:3823,(anonymous_305)
FN:3823,(anonymous_306)
FN:3844,(anonymous_307)
FN:49,(anonymous_308)
FNF:309
FNH:61
FNDA:2,(anonymous_0)
FNDA:0,(anonymous_1)
FNDA:0,(anonymous_2)
FNDA:0,(anonymous_3)
FNDA:0,(anonymous_4)
FNDA:0,(anonymous_5)
FNDA:10,(anonymous_6)
FNDA:2,(anonymous_7)
FNDA:3,(anonymous_8)
FNDA:2,(anonymous_9)
FNDA:2,(anonymous_10)
FNDA:0,(anonymous_11)
FNDA:1,(anonymous_12)
FNDA:2,(anonymous_13)
FNDA:2,(anonymous_14)
FNDA:0,(anonymous_15)
FNDA:0,(anonymous_16)
FNDA:1,(anonymous_17)
FNDA:0,(anonymous_18)
FNDA:0,(anonymous_19)
FNDA:2,(anonymous_20)
FNDA:0,(anonymous_21)
FNDA:0,(anonymous_22)
FNDA:2,(anonymous_23)
FNDA:0,(anonymous_24)
FNDA:0,(anonymous_25)
FNDA:0,(anonymous_26)
FNDA:0,(anonymous_27)
FNDA:1,(anonymous_28)
FNDA:1,(anonymous_29)
FNDA:0,(anonymous_30)
FNDA:0,(anonymous_31)
FNDA:0,(anonymous_32)
FNDA:0,(anonymous_33)
FNDA:0,(anonymous_34)
FNDA:2,(anonymous_35)
FNDA:2,(anonymous_36)
FNDA:0,(anonymous_37)
FNDA:0,(anonymous_38)
FNDA:0,(anonymous_39)
FNDA:0,(anonymous_40)
FNDA:0,(anonymous_41)
FNDA:0,(anonymous_42)
FNDA:0,(anonymous_43)
FNDA:2,(anonymous_44)
FNDA:0,(anonymous_45)
FNDA:0,(anonymous_46)
FNDA:0,(anonymous_47)
FNDA:3,(anonymous_48)
FNDA:2,(anonymous_49)
FNDA:2,(anonymous_50)
FNDA:2,(anonymous_51)
FNDA:0,(anonymous_52)
FNDA:0,(anonymous_53)
FNDA:0,(anonymous_54)
FNDA:0,(anonymous_55)
FNDA:1,(anonymous_56)
FNDA:3,(anonymous_57)
FNDA:0,(anonymous_58)
FNDA:0,(anonymous_59)
FNDA:0,(anonymous_60)
FNDA:0,(anonymous_61)
FNDA:1,(anonymous_62)
FNDA:1,(anonymous_63)
FNDA:1,(anonymous_64)
FNDA:0,(anonymous_65)
FNDA:0,(anonymous_66)
FNDA:0,handleEnviarMensaje
FNDA:0,(anonymous_68)
FNDA:0,(anonymous_69)
FNDA:0,(anonymous_70)
FNDA:0,(anonymous_71)
FNDA:0,(anonymous_72)
FNDA:2,(anonymous_73)
FNDA:0,(anonymous_74)
FNDA:0,(anonymous_75)
FNDA:0,(anonymous_76)
FNDA:0,(anonymous_77)
FNDA:0,(anonymous_78)
FNDA:0,(anonymous_79)
FNDA:0,(anonymous_80)
FNDA:0,(anonymous_81)
FNDA:0,(anonymous_82)
FNDA:2,(anonymous_83)
FNDA:0,(anonymous_84)
FNDA:0,(anonymous_85)
FNDA:0,(anonymous_86)
FNDA:2,(anonymous_87)
FNDA:1,(anonymous_88)
FNDA:2,(anonymous_89)
FNDA:1,(anonymous_90)
FNDA:1,(anonymous_91)
FNDA:0,(anonymous_92)
FNDA:0,(anonymous_93)
FNDA:2,(anonymous_94)
FNDA:1,(anonymous_95)
FNDA:1,(anonymous_96)
FNDA:2,(anonymous_97)
FNDA:0,(anonymous_98)
FNDA:0,(anonymous_99)
FNDA:3,(anonymous_100)
FNDA:20,(anonymous_101)
FNDA:0,(anonymous_102)
FNDA:0,(anonymous_103)
FNDA:0,(anonymous_104)
FNDA:0,(anonymous_105)
FNDA:0,(anonymous_106)
FNDA:0,(anonymous_107)
FNDA:0,(anonymous_108)
FNDA:0,(anonymous_109)
FNDA:0,(anonymous_110)
FNDA:0,(anonymous_111)
FNDA:2,(anonymous_112)
FNDA:1,(anonymous_113)
FNDA:0,(anonymous_114)
FNDA:0,(anonymous_115)
FNDA:0,(anonymous_116)
FNDA:0,(anonymous_117)
FNDA:0,(anonymous_118)
FNDA:0,(anonymous_119)
FNDA:0,(anonymous_120)
FNDA:0,(anonymous_121)
FNDA:0,(anonymous_122)
FNDA:0,(anonymous_123)
FNDA:0,(anonymous_124)
FNDA:0,(anonymous_125)
FNDA:0,(anonymous_126)
FNDA:0,(anonymous_127)
FNDA:0,(anonymous_128)
FNDA:0,(anonymous_129)
FNDA:0,(anonymous_130)
FNDA:0,(anonymous_131)
FNDA:0,(anonymous_132)
FNDA:0,(anonymous_133)
FNDA:0,(anonymous_134)
FNDA:0,(anonymous_135)
FNDA:0,(anonymous_136)
FNDA:0,(anonymous_137)
FNDA:0,(anonymous_138)
FNDA:0,(anonymous_139)
FNDA:0,(anonymous_140)
FNDA:0,(anonymous_141)
FNDA:0,(anonymous_142)
FNDA:0,(anonymous_143)
FNDA:0,(anonymous_144)
FNDA:0,(anonymous_145)
FNDA:0,(anonymous_146)
FNDA:0,(anonymous_147)
FNDA:2,(anonymous_148)
FNDA:0,(anonymous_149)
FNDA:1,(anonymous_150)
FNDA:0,(anonymous_151)
FNDA:0,(anonymous_152)
FNDA:0,(anonymous_153)
FNDA:2,(anonymous_154)
FNDA:2,(anonymous_155)
FNDA:1,(anonymous_156)
FNDA:1,(anonymous_157)
FNDA:2,(anonymous_158)
FNDA:0,(anonymous_159)
FNDA:0,(anonymous_160)
FNDA:2,(anonymous_161)
FNDA:0,(anonymous_162)
FNDA:2,(anonymous_163)
FNDA:0,(anonymous_164)
FNDA:2,(anonymous_165)
FNDA:18,(anonymous_166)
FNDA:18,(anonymous_167)
FNDA:18,(anonymous_168)
FNDA:18,(anonymous_169)
FNDA:0,(anonymous_170)
FNDA:0,(anonymous_171)
FNDA:0,(anonymous_172)
FNDA:0,(anonymous_173)
FNDA:0,(anonymous_174)
FNDA:0,(anonymous_175)
FNDA:2,(anonymous_176)
FNDA:0,(anonymous_177)
FNDA:1,(anonymous_178)
FNDA:0,(anonymous_179)
FNDA:0,(anonymous_180)
FNDA:0,(anonymous_181)
FNDA:0,(anonymous_182)
FNDA:0,(anonymous_183)
FNDA:0,(anonymous_184)
FNDA:0,(anonymous_185)
FNDA:1,(anonymous_186)
FNDA:0,(anonymous_187)
FNDA:0,(anonymous_188)
FNDA:0,(anonymous_189)
FNDA:0,(anonymous_190)
FNDA:54,(anonymous_191)
FNDA:0,(anonymous_192)
FNDA:0,(anonymous_193)
FNDA:0,(anonymous_194)
FNDA:0,(anonymous_195)
FNDA:0,(anonymous_196)
FNDA:0,(anonymous_197)
FNDA:0,(anonymous_198)
FNDA:0,(anonymous_199)
FNDA:0,(anonymous_200)
FNDA:0,(anonymous_201)
FNDA:0,(anonymous_202)
FNDA:0,(anonymous_203)
FNDA:0,(anonymous_204)
FNDA:0,(anonymous_205)
FNDA:0,(anonymous_206)
FNDA:4,(anonymous_207)
FNDA:0,(anonymous_208)
FNDA:0,(anonymous_209)
FNDA:0,(anonymous_210)
FNDA:0,(anonymous_211)
FNDA:0,(anonymous_212)
FNDA:0,(anonymous_213)
FNDA:0,(anonymous_214)
FNDA:0,(anonymous_215)
FNDA:0,(anonymous_216)
FNDA:0,(anonymous_217)
FNDA:0,(anonymous_218)
FNDA:0,(anonymous_219)
FNDA:0,(anonymous_220)
FNDA:0,(anonymous_221)
FNDA:0,(anonymous_222)
FNDA:0,(anonymous_223)
FNDA:0,(anonymous_224)
FNDA:0,(anonymous_225)
FNDA:0,(anonymous_226)
FNDA:0,(anonymous_227)
FNDA:0,(anonymous_228)
FNDA:0,(anonymous_229)
FNDA:0,(anonymous_230)
FNDA:0,(anonymous_231)
FNDA:0,(anonymous_232)
FNDA:0,(anonymous_233)
FNDA:0,(anonymous_234)
FNDA:0,(anonymous_235)
FNDA:0,(anonymous_236)
FNDA:0,(anonymous_237)
FNDA:0,(anonymous_238)
FNDA:0,(anonymous_239)
FNDA:0,(anonymous_240)
FNDA:0,(anonymous_241)
FNDA:0,(anonymous_242)
FNDA:0,(anonymous_243)
FNDA:0,(anonymous_244)
FNDA:0,(anonymous_245)
FNDA:0,(anonymous_246)
FNDA:0,(anonymous_247)
FNDA:0,(anonymous_248)
FNDA:0,(anonymous_249)
FNDA:0,(anonymous_250)
FNDA:0,(anonymous_251)
FNDA:0,(anonymous_252)
FNDA:0,(anonymous_253)
FNDA:0,(anonymous_254)
FNDA:0,(anonymous_255)
FNDA:0,(anonymous_256)
FNDA:0,(anonymous_257)
FNDA:0,(anonymous_258)
FNDA:0,(anonymous_259)
FNDA:0,(anonymous_260)
FNDA:0,(anonymous_261)
FNDA:0,(anonymous_262)
FNDA:0,(anonymous_263)
FNDA:0,(anonymous_264)
FNDA:0,(anonymous_265)
FNDA:0,(anonymous_266)
FNDA:0,(anonymous_267)
FNDA:0,(anonymous_268)
FNDA:0,(anonymous_269)
FNDA:0,(anonymous_270)
FNDA:0,(anonymous_271)
FNDA:0,(anonymous_272)
FNDA:0,(anonymous_273)
FNDA:0,(anonymous_274)
FNDA:0,(anonymous_275)
FNDA:0,(anonymous_276)
FNDA:0,(anonymous_277)
FNDA:0,(anonymous_278)
FNDA:0,(anonymous_279)
FNDA:0,(anonymous_280)
FNDA:0,(anonymous_281)
FNDA:0,(anonymous_282)
FNDA:0,(anonymous_283)
FNDA:0,(anonymous_284)
FNDA:0,(anonymous_285)
FNDA:0,(anonymous_286)
FNDA:0,(anonymous_287)
FNDA:0,(anonymous_288)
FNDA:0,(anonymous_289)
FNDA:0,(anonymous_290)
FNDA:0,(anonymous_291)
FNDA:0,(anonymous_292)
FNDA:0,(anonymous_293)
FNDA:0,(anonymous_294)
FNDA:0,(anonymous_295)
FNDA:0,(anonymous_296)
FNDA:0,(anonymous_297)
FNDA:0,(anonymous_298)
FNDA:0,(anonymous_299)
FNDA:0,(anonymous_300)
FNDA:0,(anonymous_301)
FNDA:0,(anonymous_302)
FNDA:0,(anonymous_303)
FNDA:0,(anonymous_304)
FNDA:0,(anonymous_305)
FNDA:0,(anonymous_306)
FNDA:0,(anonymous_307)
FNDA:1,(anonymous_308)
DA:1,16
DA:27,2
DA:30,2
DA:31,0
DA:32,0
DA:33,0
DA:37,2
DA:38,0
DA:39,0
DA:40,0
DA:41,0
DA:42,0
DA:43,0
DA:45,0
DA:49,10
DA:50,10
DA:51,10
DA:52,10
DA:54,10
DA:55,10
DA:56,3
DA:57,0
DA:58,0
DA:63,10
DA:64,2
DA:65,2
DA:66,2
DA:72,10
DA:73,2
DA:74,0
DA:76,0
DA:77,0
DA:78,0
DA:79,0
DA:80,0
DA:82,0
DA:83,0
DA:88,0
DA:89,0
DA:91,0
DA:92,0
DA:93,0
DA:94,0
DA:95,0
DA:96,0
DA:98,0
DA:103,0
DA:105,2
DA:107,2
DA:108,2
DA:109,2
DA:110,2
DA:111,2
DA:112,2
DA:113,0
DA:114,2
DA:115,2
DA:117,0
DA:122,2
DA:124,2
DA:128,10
DA:131,10
DA:132,10
DA:135,10
DA:136,2
DA:137,2
DA:138,2
DA:141,2
DA:144,2
DA:145,0
DA:146,0
DA:150,2
DA:153,2
DA:154,0
DA:157,2
DA:159,2
DA:160,1
DA:161,1
DA:166,10
DA:167,0
DA:168,0
DA:169,0
DA:170,0
DA:173,0
DA:178,10
DA:179,10
DA:180,10
DA:183,10
DA:186,10
DA:187,10
DA:188,10
DA:189,10
DA:190,10
DA:192,10
DA:193,10
DA:194,10
DA:200,10
DA:202,10
DA:205,10
DA:208,10
DA:209,2
DA:210,2
DA:211,2
DA:212,2
DA:215,0
DA:216,0
DA:217,0
DA:218,0
DA:221,0
DA:222,0
DA:224,0
DA:225,0
DA:226,0
DA:227,0
DA:228,0
DA:229,0
DA:231,0
DA:236,10
DA:237,2
DA:238,2
DA:239,2
DA:240,2
DA:241,2
DA:243,0
DA:244,0
DA:245,0
DA:246,0
DA:247,0
DA:249,0
DA:250,0
DA:252,0
DA:253,0
DA:255,0
DA:256,0
DA:257,0
DA:259,0
DA:260,0
DA:265,10
DA:266,10
DA:267,10
DA:273,10
DA:274,10
DA:278,10
DA:279,1
DA:280,1
DA:281,1
DA:282,0
DA:283,0
DA:284,0
DA:287,1
DA:291,10
DA:292,1
DA:293,1
DA:295,1
DA:297,1
DA:299,0
DA:302,0
DA:303,0
DA:307,0
DA:309,0
DA:310,0
DA:312,0
DA:313,0
DA:315,0
DA:318,0
DA:322,0
DA:323,0
DA:324,0
DA:328,0
DA:331,0
DA:332,0
DA:337,1
DA:338,0
DA:339,0
DA:341,0
DA:342,0
DA:343,0
DA:347,0
DA:348,0
DA:349,0
DA:351,0
DA:357,1
DA:360,10
DA:361,10
DA:364,10
DA:365,2
DA:366,0
DA:367,0
DA:369,2
DA:370,0
DA:374,10
DA:386,10
DA:387,10
DA:388,10
DA:389,10
DA:390,10
DA:391,10
[...]
FN:68,(anonymous_8)
FN:70,(anonymous_9)
FN:72,(anonymous_10)
FN:76,(anonymous_11)
FN:82,(anonymous_12)
FN:116,(anonymous_13)
FN:121,(anonymous_14)
FN:127,(anonymous_15)
FN:140,(anonymous_16)
FN:177,(anonymous_17)
FN:181,(anonymous_18)
FN:205,(anonymous_19)
FN:7,(anonymous_20)
FNF:21
FNH:1
FNDA:2,(anonymous_0)
FNDA:0,(anonymous_1)
FNDA:0,(anonymous_2)
FNDA:0,(anonymous_3)
FNDA:0,(anonymous_4)
FNDA:0,(anonymous_5)
FNDA:0,(anonymous_6)
FNDA:0,(anonymous_7)
FNDA:0,(anonymous_8)
FNDA:0,(anonymous_9)
FNDA:0,(anonymous_10)
FNDA:0,(anonymous_11)
FNDA:0,(anonymous_12)
FNDA:0,(anonymous_13)
FNDA:0,(anonymous_14)
FNDA:0,(anonymous_15)
FNDA:0,(anonymous_16)
FNDA:0,(anonymous_17)
FNDA:0,(anonymous_18)
FNDA:0,(anonymous_19)
FNDA:0,(anonymous_20)
DA:1,16
DA:7,2
DA:8,0
DA:9,0
DA:10,0
DA:11,0
DA:20,2
DA:23,0
DA:24,0
DA:25,0
DA:26,0
DA:27,0
DA:29,0
DA:30,0
DA:31,0
DA:32,0
DA:34,0
DA:35,0
DA:36,0
DA:37,0
DA:39,0
DA:40,0
DA:41,0
DA:42,0
DA:43,0
DA:45,0
DA:46,0
DA:47,0
DA:51,0
DA:52,0
DA:53,0
DA:54,0
DA:58,0
DA:59,0
DA:62,0
DA:63,0
DA:68,0
DA:69,0
DA:70,0
DA:71,0
DA:72,0
DA:76,0
DA:77,0
DA:78,0
DA:82,0
DA:84,0
DA:85,0
DA:87,0
DA:91,0
DA:92,0
DA:95,0
DA:96,0
DA:98,0
DA:99,0
DA:101,0
DA:102,0
DA:104,0
DA:105,0
DA:106,0
DA:107,0
DA:108,0
DA:109,0
DA:113,0
DA:116,0
DA:117,0
DA:118,0
DA:121,0
DA:122,0
DA:123,0
DA:124,0
DA:127,0
DA:128,0
DA:137,0
DA:140,0
DA:141,0
DA:144,0
DA:146,0
DA:178,0
DA:181,0
DA:205,0
DA:225,2
DA:227,2
LF:82
LH:5
BRDA:1,0,0,2
BRDA:1,0,1,0
BRDA:1,1,0,2
BRDA:1,2,0,2
BRDA:1,2,1,2
BRDA:24,3,0,0
BRDA:31,4,0,0
BRDA:39,5,0,0
BRDA:40,6,0,0
BRDA:53,7,0,0
BRDA:53,8,0,0
BRDA:53,8,1,0
BRDA:58,9,0,0
BRDA:69,10,0,0
BRDA:77,11,0,0
BRDA:77,12,0,0
BRDA:77,12,1,0
BRDA:84,13,0,0
BRDA:87,14,0,0
BRDA:92,15,0,0
BRDA:92,15,1,0
BRDA:95,16,0,0
BRDA:95,16,1,0
BRDA:98,17,0,0
BRDA:98,17,1,0
BRDA:98,18,0,0
BRDA:98,18,1,0
BRDA:101,19,0,0
BRDA:101,19,1,0
BRDA:101,20,0,0
BRDA:101,20,1,0
BRDA:104,21,0,0
BRDA:104,21,1,0
BRDA:104,22,0,0
BRDA:104,22,1,0
BRDA:106,23,0,0
BRDA:106,23,1,0
BRDA:108,24,0,0
BRDA:113,25,0,0
BRDA:113,25,1,0
BRDA:118,26,0,0
BRDA:124,27,0,0
BRDA:137,28,0,0
BRDA:137,28,1,0
BRDA:144,29,0,0
BRDA:144,30,0,0
BRDA:144,30,1,0
BRDA:144,30,2,0
BRDA:150,31,0,0
BRDA:150,31,1,0
BRDA:154,32,0,0
BRDA:154,32,1,0
BRDA:166,33,0,0
BRDA:166,33,1,0
BRDA:171,34,0,0
BRDA:171,34,1,0
BRDA:180,35,0,0
BRDA:180,35,1,0
BRDA:200,36,0,0
BRDA:200,36,1,0
BRDA:216,37,0,0
BRDA:216,37,1,0
BRF:62
BRH:4
end_of_record
TN:
SF:src\components\Pagination.jsx
FN:1,(anonymous_0)
FN:4,(anonymous_1)
FN:23,(anonymous_2)
FN:32,(anonymous_3)
FN:40,(anonymous_4)
FN:53,(anonymous_5)
FN:61,(anonymous_6)
FNF:7
FNH:1
FNDA:4,(anonymous_0)
FNDA:0,(anonymous_1)
FNDA:0,(anonymous_2)
FNDA:0,(anonymous_3)
FNDA:0,(anonymous_4)
FNDA:0,(anonymous_5)
FNDA:0,(anonymous_6)
DA:1,18
DA:4,2
DA:5,0
DA:21,2
DA:23,2
DA:30,0
DA:32,0
DA:33,0
DA:36,0
DA:40,0
DA:54,0
DA:61,0
DA:69,2
DA:71,4
LF:14
LH:6
BRDA:1,0,0,4
BRDA:1,0,1,2
BRDA:1,1,0,2
BRDA:4,2,0,0
BRDA:4,3,0,0
BRDA:11,4,0,0
BRDA:11,4,1,0
BRDA:30,5,0,0
BRDA:44,6,0,0
BRDA:44,6,1,0
BRDA:65,7,0,0
BRDA:65,7,1,0
BRF:12
BRH:3
end_of_record
TN:
SF:src\components\PerfilDetallesBox.jsx
FN:1,(anonymous_0)
FN:11,(anonymous_1)
FNF:2
FNH:2
FNDA:2,(anonymous_0)
FNDA:10,(anonymous_1)
DA:1,16
DA:11,2
DA:12,10
DA:54,2
DA:56,2
LF:5
LH:5
BRDA:1,0,0,4
BRDA:1,0,1,2
BRDA:1,1,0,2
BRDA:11,2,0,0
BRDA:11,3,0,10
BRDA:21,4,0,10
BRDA:21,4,1,0
BRDA:24,5,0,10
BRDA:24,5,1,0
BRDA:32,6,0,10
BRDA:32,6,1,6
BRDA:47,7,0,10
BRDA:47,7,1,0
BRF:13
BRH:9
end_of_record
TN:
SF:src\components\ProductCard.jsx
FN:1,(anonymous_0)
FN:6,(anonymous_1)
FN:29,(anonymous_2)
FN:31,(anonymous_3)
FN:34,(anonymous_4)
FN:42,(anonymous_5)
FN:65,(anonymous_6)
FN:81,(anonymous_7)
FN:102,(anonymous_8)
FN:155,(anonymous_9)
FN:6,(anonymous_10)
FNF:11
FNH:1
FNDA:2,(anonymous_0)
FNDA:0,(anonymous_1)
FNDA:0,(anonymous_2)
FNDA:0,(anonymous_3)
FNDA:0,(anonymous_4)
FNDA:0,(anonymous_5)
FNDA:0,(anonymous_6)
FNDA:0,(anonymous_7)
FNDA:0,(anonymous_8)
FNDA:0,(anonymous_9)
FNDA:0,(anonymous_10)
DA:1,16
DA:6,2
DA:24,0
DA:25,2
DA:26,0
DA:29,0
DA:30,0
DA:31,0
DA:34,0
DA:35,0
DA:36,0
DA:37,0
DA:38,0
DA:42,0
DA:43,0
DA:44,0
DA:46,0
DA:47,0
DA:63,0
DA:65,0
DA:66,0
DA:67,0
DA:70,0
DA:71,0
DA:72,0
DA:76,0
DA:81,0
DA:82,0
DA:83,0
DA:85,0
DA:86,0
DA:90,0
DA:95,0
DA:104,0
DA:105,0
DA:155,0
DA:164,2
DA:166,2
LF:38
LH:5
BRDA:1,0,0,2
BRDA:1,0,1,0
BRDA:1,1,0,2
BRDA:1,2,0,2
BRDA:1,2,1,2
BRDA:30,3,0,0
BRDA:30,3,1,0
BRDA:37,4,0,0
BRDA:46,5,0,0
BRDA:46,5,1,0
BRDA:63,6,0,0
BRDA:63,6,1,0
BRDA:82,7,0,0
BRDA:82,8,0,0
BRDA:82,8,1,0
BRDA:82,8,2,0
BRDA:85,9,0,0
BRDA:110,10,0,0
BRDA:110,10,1,0
BRDA:112,11,0,0
BRDA:112,11,1,0
BRDA:114,12,0,0
BRDA:114,12,1,0
BRDA:123,13,0,0
BRDA:123,13,1,0
BRDA:139,14,0,0
BRDA:139,14,1,0
BRDA:142,15,0,0
BRDA:142,15,1,0
BRDA:146,16,0,0
BRDA:146,16,1,0
BRDA:152,17,0,0
BRDA:152,17,1,0
BRDA:155,18,0,0
BRDA:155,18,1,0
BRF:35
BRH:4
end_of_record
TN:
SF:src\components\ProductsPerPage.jsx
FN:1,(anonymous_0)
FN:4,(anonymous_1)
FN:24,(anonymous_2)
FN:26,(anonymous_3)
FNF:4
FNH:1
FNDA:2,(anonymous_0)
FNDA:0,(anonymous_1)
FNDA:0,(anonymous_2)
FNDA:0,(anonymous_3)
DA:1,16
DA:4,2
DA:5,0
DA:24,0
DA:27,0
DA:34,2
DA:36,2
LF:7
LH:4
BRDA:1,0,0,4
BRDA:1,0,1,2
BRDA:1,1,0,2
BRDA:4,2,0,0
BRF:4
BRH:3
end_of_record
TN:
SF:src\components\ProtectedRoute.jsx
FN:1,(anonymous_0)
FN:3,ProtectedRoute
FNF:2
FNH:2
FNDA:2,(anonymous_0)
FNDA:4,ProtectedRoute
DA:1,16
DA:3,2
DA:4,4
DA:5,4
DA:6,4
DA:7,0
DA:9,4
DA:10,2
LF:8
LH:7
BRDA:1,0,0,4
BRDA:1,0,1,2
BRDA:1,1,0,2
BRDA:6,2,0,0
BRDA:6,3,0,4
BRDA:6,3,1,4
BRF:6
BRH:5
end_of_record
TN:
SF:src\components\QuienesSomos.jsx
FN:1,(anonymous_0)
FN:5,(anonymous_1)
FNF:2
FNH:2
FNDA:2,(anonymous_0)
FNDA:2,(anonymous_1)
DA:1,16
DA:5,2
DA:6,2
DA:123,2
DA:125,2
LF:5
LH:5
BRDA:1,0,0,4
BRDA:1,0,1,2
BRDA:1,1,0,2
BRF:3
BRH:3
end_of_record
TN:
SF:src\components\RatingModal.jsx
FN:1,(anonymous_0)
FN:5,(anonymous_1)
FN:12,(anonymous_2)
FN:16,(anonymous_3)
FN:21,(anonymous_4)
FN:25,(anonymous_5)
FN:45,(anonymous_6)
FN:58,(anonymous_7)
FN:77,(anonymous_8)
FN:81,(anonymous_9)
FN:98,(anonymous_10)
FNF:11
FNH:1
FNDA:2,(anonymous_0)
FNDA:0,(anonymous_1)
FNDA:0,(anonymous_2)
FNDA:0,(anonymous_3)
FNDA:0,(anonymous_4)
FNDA:0,(anonymous_5)
FNDA:0,(anonymous_6)
FNDA:0,(anonymous_7)
FNDA:0,(anonymous_8)
FNDA:0,(anonymous_9)
FNDA:0,(anonymous_10)
DA:1,16
DA:5,2
DA:6,0
DA:7,0
DA:8,0
DA:9,0
DA:12,0
DA:13,0
DA:14,0
DA:15,0
DA:16,0
DA:19,0
DA:21,0
DA:22,0
DA:25,0
DA:26,0
DA:27,0
DA:28,0
DA:29,0
DA:31,0
DA:32,0
DA:33,0
DA:34,0
DA:35,0
DA:36,0
DA:37,0
DA:39,0
DA:41,0
DA:45,0
DA:46,0
DA:47,0
DA:48,0
DA:49,0
DA:50,0
DA:51,0
DA:52,0
DA:57,0
DA:58,0
DA:78,0
DA:81,0
DA:98,0
DA:133,0
DA:134,2
DA:136,2
LF:44
LH:4
BRDA:1,0,0,2
BRDA:1,0,1,0
BRDA:1,1,0,2
BRDA:1,2,0,2
BRDA:1,2,1,2
BRDA:13,3,0,0
BRDA:19,4,0,0
BRDA:27,5,0,0
BRDA:46,6,0,0
BRDA:46,6,1,0
BRDA:46,6,2,0
BRDA:46,6,3,0
BRDA:46,6,4,0
BRDA:46,6,5,0
BRDA:80,7,0,0
BRDA:80,7,1,0
BRDA:83,8,0,0
BRDA:83,8,1,0
BRDA:103,9,0,0
BRDA:103,9,1,0
BRDA:117,10,0,0
BRDA:117,10,1,0
BRDA:119,11,0,0
BRDA:119,11,1,0
BRF:24
BRH:4
end_of_record
TN:
SF:src\components\StepperIntercambio.jsx
FN:1,(anonymous_0)
FN:12,StepperIntercambio
FN:16,(anonymous_2)
FN:25,(anonymous_3)
FNF:4
FNH:1
FNDA:2,(anonymous_0)
FNDA:0,StepperIntercambio
FNDA:0,(anonymous_2)
FNDA:0,(anonymous_3)
DA:1,16
DA:12,2
DA:13,0
DA:17,0
DA:27,0
DA:28,0
DA:29,0
DA:30,0
DA:39,0
DA:40,0
DA:41,0
DA:81,2
LF:12
LH:3
BRDA:1,0,0,4
BRDA:1,0,1,2
BRDA:1,1,0,2
BRDA:17,2,0,0
BRDA:17,2,1,0
BRDA:17,3,0,0
BRDA:17,3,1,0
BRDA:19,4,0,0
BRDA:19,4,1,0
BRDA:23,5,0,0
BRDA:23,5,1,0
BRDA:39,6,0,0
BRDA:39,6,1,0
BRDA:45,7,0,0
BRDA:45,7,1,0
BRDA:66,8,0,0
BRDA:66,8,1,0
BRDA:71,9,0,0
BRDA:71,9,1,0
BRDA:73,10,0,0
BRDA:73,10,1,0
BRF:21
BRH:3
end_of_record
TN:
SF:src\components\ThanksModal.jsx
FN:1,(anonymous_0)
FN:4,(anonymous_1)
FN:11,(anonymous_2)
FN:13,(anonymous_3)
FN:16,(anonymous_4)
FNF:5
FNH:5
FNDA:2,(anonymous_0)
FNDA:142,(anonymous_1)
FNDA:72,(anonymous_2)
FNDA:1,(anonymous_3)
FNDA:4,(anonymous_4)
DA:1,18
DA:4,2
DA:10,142
DA:11,142
DA:12,72
DA:13,4
DA:14,1
DA:16,4
DA:19,142
DA:21,8
DA:33,2
DA:35,2
LF:12
LH:12
BRDA:1,0,0,4
BRDA:1,0,1,2
BRDA:1,1,0,2
BRDA:7,2,0,0
BRDA:8,3,0,0
BRDA:9,4,0,142
BRDA:12,5,0,68
BRDA:19,6,0,134
BRF:8
BRH:6
end_of_record
TN:
SF:src\components\ToastProvider.jsx
FN:1,(anonymous_0)
FN:8,(anonymous_1)
FN:11,(anonymous_2)
FN:12,(anonymous_3)
FN:12,(anonymous_4)
FN:15,(anonymous_5)
FN:19,(anonymous_6)
FN:21,(anonymous_7)
FN:26,(anonymous_8)
FN:27,(anonymous_9)
FN:28,(anonymous_10)
FN:29,(anonymous_11)
FN:37,(anonymous_12)
FN:40,(anonymous_13)
FN:48,(anonymous_14)
FNF:15
FNH:4
FNDA:2,(anonymous_0)
FNDA:4,(anonymous_1)
FNDA:0,(anonymous_2)
FNDA:0,(anonymous_3)
FNDA:0,(anonymous_4)
FNDA:0,(anonymous_5)
FNDA:0,(anonymous_6)
FNDA:0,(anonymous_7)
FNDA:4,(anonymous_8)
FNDA:0,(anonymous_9)
FNDA:0,(anonymous_10)
FNDA:0,(anonymous_11)
FNDA:0,(anonymous_12)
FNDA:0,(anonymous_13)
FNDA:10,(anonymous_14)
DA:1,18
DA:4,2
DA:6,2
DA:8,4
DA:9,4
DA:11,4
DA:12,0
DA:15,4
DA:16,0
DA:17,0
DA:18,0
DA:19,0
DA:20,0
DA:21,0
DA:23,0
DA:26,4
DA:27,0
DA:28,0
DA:29,0
DA:33,4
DA:38,0
DA:40,0
DA:46,2
DA:48,10
DA:49,10
DA:50,10
DA:51,10
DA:52,2
LF:28
LH:15
BRDA:1,0,0,2
BRDA:1,0,1,0
BRDA:1,1,0,2
BRDA:1,2,0,2
BRDA:1,2,1,2
BRDA:15,3,0,0
BRDA:17,4,0,0
BRDA:17,4,1,0
BRDA:20,5,0,0
BRDA:50,6,0,0
BRF:10
BRH:4
end_of_record
TN:
SF:src\components\TransactionCard.jsx
FN:1,(anonymous_0)
FN:4,(anonymous_1)
FN:48,(anonymous_2)
FN:76,(anonymous_3)
FN:81,(anonymous_4)
FN:372,(anonymous_5)
FN:453,(anonymous_6)
FN:458,(anonymous_7)
FNF:8
FNH:1
FNDA:2,(anonymous_0)
FNDA:0,(anonymous_1)
FNDA:0,(anonymous_2)
FNDA:0,(anonymous_3)
FNDA:0,(anonymous_4)
FNDA:0,(anonymous_5)
FNDA:0,(anonymous_6)
FNDA:0,(anonymous_7)
DA:1,16
DA:4,2
DA:6,0
DA:7,0
DA:8,0
DA:21,0
DA:23,0
DA:26,0
DA:27,0
DA:30,0
DA:31,0
DA:33,0
DA:34,0
DA:35,0
DA:38,0
DA:39,0
DA:40,0
DA:41,0
DA:42,0
DA:43,0
DA:46,0
DA:48,0
DA:49,0
DA:50,0
DA:57,0
DA:77,0
DA:78,0
DA:79,0
DA:82,0
DA:83,0
DA:84,0
DA:372,0
DA:454,0
DA:455,0
DA:456,0
DA:459,0
DA:460,0
DA:461,0
DA:479,2
DA:481,2
LF:40
LH:4
BRDA:1,0,0,4
BRDA:1,0,1,2
BRDA:1,1,0,2
BRDA:4,2,0,0
BRDA:4,3,0,0
BRDA:23,4,0,0
BRDA:23,4,1,0
BRDA:24,5,0,0
BRDA:24,5,1,0
BRDA:25,6,0,0
BRDA:25,6,1,0
BRDA:26,7,0,0
BRDA:26,7,1,0
BRDA:27,8,0,0
BRDA:27,8,1,0
BRDA:30,9,0,0
BRDA:30,10,0,0
BRDA:30,10,1,0
BRDA:33,11,0,0
BRDA:33,11,1,0
BRDA:38,12,0,0
BRDA:38,12,1,0
BRDA:38,13,0,0
BRDA:38,13,1,0
BRDA:39,14,0,0
BRDA:39,14,1,0
BRDA:41,15,0,0
BRDA:41,15,1,0
BRDA:42,16,0,0
BRDA:42,16,1,0
BRDA:43,17,0,0
BRDA:43,17,1,0
BRDA:46,18,0,0
BRDA:46,18,1,0
BRDA:49,19,0,0
BRDA:49,20,0,0
BRDA:49,20,1,0
BRDA:104,21,0,0
BRDA:104,21,1,0
BRDA:105,22,0,0
BRDA:105,22,1,0
BRDA:110,23,0,0
BRDA:110,23,1,0
BRDA:113,24,0,0
BRDA:113,24,1,0
BRDA:114,25,0,0
BRDA:114,25,1,0
BRDA:142,26,0,0
BRDA:142,26,1,0
BRDA:142,27,0,0
BRDA:142,27,1,0
BRDA:149,28,0,0
BRDA:149,28,1,0
BRDA:150,29,0,0
BRDA:150,29,1,0
BRDA:151,30,0,0
BRDA:151,30,1,0
BRDA:187,31,0,0
BRDA:187,31,1,0
BRDA:195,32,0,0
BRDA:195,32,1,0
BRDA:197,33,0,0
BRDA:197,33,1,0
BRDA:200,34,0,0
BRDA:200,34,1,0
BRDA:229,35,0,0
BRDA:229,35,1,0
BRDA:233,36,0,0
BRDA:233,36,1,0
BRDA:267,37,0,0
BRDA:267,37,1,0
BRDA:280,38,0,0
BRDA:280,38,1,0
BRDA:305,39,0,0
BRDA:305,39,1,0
BRDA:325,40,0,0
BRDA:325,40,1,0
BRDA:330,41,0,0
BRDA:330,41,1,0
BRDA:351,42,0,0
BRDA:351,42,1,0
BRDA:351,42,2,0
BRDA:370,43,0,0
BRDA:370,43,1,0
BRDA:370,43,2,0
BRDA:422,44,0,0
BRDA:422,44,1,0
BRDA:428,45,0,0
BRDA:428,45,1,0
BRDA:463,46,0,0
BRDA:463,46,1,0
BRF:91
BRH:3
end_of_record
TN:
SF:src\hooks\useDarkMode.js
FN:3,(anonymous_0)
FN:5,(anonymous_1)
FN:11,(anonymous_2)
FN:23,(anonymous_3)
FN:24,(anonymous_4)
FNF:5
FNH:3
FNDA:224,(anonymous_0)
FNDA:10,(anonymous_1)
FNDA:8,(anonymous_2)
FNDA:0,(anonymous_3)
FNDA:0,(anonymous_4)
DA:3,2
DA:5,224
DA:6,10
DA:7,10
DA:11,224
DA:12,8
DA:15,8
DA:16,0
DA:18,8
DA:23,224
DA:24,0
DA:27,224
LF:12
LH:10
BRDA:7,0,0,8
BRDA:7,0,1,2
BRDA:15,1,0,0
BRDA:15,1,1,8
BRF:4
BRH:3
end_of_record
TN:
SF:src\hooks\useNotifications.js
FN:4,(anonymous_0)
FN:11,(anonymous_1)
FN:20,(anonymous_2)
FN:34,(anonymous_3)
FN:46,(anonymous_4)
FN:51,(anonymous_5)
FN:52,(anonymous_6)
FN:60,(anonymous_7)
FN:69,(anonymous_8)
FN:76,(anonymous_9)
FN:77,(anonymous_10)
FN:88,(anonymous_11)
FN:93,(anonymous_12)
FN:94,(anonymous_13)
FN:94,(anonymous_14)
FN:98,(anonymous_15)
FN:108,(anonymous_16)
FN:115,(anonymous_17)
FN:118,(anonymous_18)
FN:122,(anonymous_19)
FNF:20
FNH:5
FNDA:170,(anonymous_0)
FNDA:4,(anonymous_1)
FNDA:0,(anonymous_2)
FNDA:0,(anonymous_3)
FNDA:0,(anonymous_4)
FNDA:0,(anonymous_5)
FNDA:0,(anonymous_6)
FNDA:0,(anonymous_7)
FNDA:0,(anonymous_8)
FNDA:0,(anonymous_9)
FNDA:0,(anonymous_10)
FNDA:0,(anonymous_11)
FNDA:0,(anonymous_12)
FNDA:0,(anonymous_13)
FNDA:0,(anonymous_14)
FNDA:0,(anonymous_15)
FNDA:4,(anonymous_16)
FNDA:4,(anonymous_17)
FNDA:0,(anonymous_18)
FNDA:3,(anonymous_19)
DA:4,2
DA:5,170
DA:6,170
DA:7,170
DA:8,170
DA:11,170
DA:12,4
DA:14,4
DA:15,4
DA:17,4
DA:18,4
DA:19,4
DA:20,0
DA:23,4
DA:24,4
DA:26,0
DA:27,0
DA:29,4
DA:34,170
DA:35,0
DA:37,0
DA:38,0
DA:39,0
DA:41,0
DA:46,170
DA:47,0
DA:48,0
DA:51,0
DA:52,0
DA:53,0
DA:60,0
DA:63,0
DA:64,0
DA:69,170
DA:70,0
DA:72,0
DA:73,0
DA:76,0
DA:77,0
DA:79,0
DA:82,0
DA:83,0
DA:88,170
DA:89,0
DA:90,0
DA:93,0
DA:94,0
DA:97,0
DA:98,0
DA:102,0
DA:103,0
DA:108,170
DA:109,4
DA:110,4
DA:115,170
DA:116,4
DA:118,4
DA:119,0
DA:122,4
DA:125,170
LF:60
LH:27
BRDA:11,0,0,4
BRDA:12,1,0,0
BRDA:35,2,0,0
BRDA:53,3,0,0
BRDA:53,3,1,0
BRDA:70,4,0,0
BRDA:97,5,0,0
BRDA:97,6,0,0
BRDA:97,6,1,0
BRDA:109,7,0,4
BRDA:116,8,0,0
BRF:11
BRH:2
end_of_record
TN:
SF:src\hooks\useProducts.js
FN:7,(anonymous_0)
FN:14,(anonymous_1)
FN:15,(anonymous_2)
FN:16,(anonymous_3)
FN:25,(anonymous_4)
FN:26,(anonymous_5)
FN:27,(anonymous_6)
FN:34,(anonymous_7)
FN:35,(anonymous_8)
FN:39,(anonymous_9)
FN:40,(anonymous_10)
FN:45,(anonymous_11)
FN:50,(anonymous_12)
FN:55,(anonymous_13)
FN:61,(anonymous_14)
FN:70,(anonymous_15)
FN:98,(anonymous_16)
FN:144,(anonymous_17)
FNF:18
FNH:1
FNDA:2,(anonymous_0)
FNDA:0,(anonymous_1)
FNDA:0,(anonymous_2)
FNDA:0,(anonymous_3)
FNDA:0,(anonymous_4)
FNDA:0,(anonymous_5)
FNDA:0,(anonymous_6)
FNDA:0,(anonymous_7)
FNDA:0,(anonymous_8)
FNDA:0,(anonymous_9)
FNDA:0,(anonymous_10)
FNDA:0,(anonymous_11)
FNDA:0,(anonymous_12)
FNDA:0,(anonymous_13)
FNDA:0,(anonymous_14)
FNDA:0,(anonymous_15)
FNDA:0,(anonymous_16)
FNDA:0,(anonymous_17)
DA:4,2
DA:7,2
DA:8,2
DA:9,2
DA:10,2
DA:11,2
DA:14,2
DA:15,0
DA:16,0
DA:17,0
DA:25,2
DA:26,0
DA:27,0
DA:28,0
DA:34,2
DA:35,0
DA:39,2
DA:40,0
DA:41,0
DA:42,0
DA:45,0
DA:46,0
DA:47,0
DA:50,0
DA:51,0
DA:52,0
DA:55,0
DA:56,0
DA:57,0
DA:61,0
DA:62,0
DA:63,0
DA:64,0
DA:65,0
DA:70,2
DA:71,0
DA:72,0
DA:74,0
DA:75,0
DA:76,0
DA:78,0
DA:80,0
DA:82,0
DA:83,0
DA:86,0
DA:87,0
DA:90,0
DA:91,0
DA:92,0
DA:95,0
DA:98,0
DA:99,0
DA:100,0
DA:101,0
DA:102,0
DA:105,0
DA:106,0
DA:107,0
DA:108,0
DA:109,0
DA:111,0
DA:113,0
DA:114,0
DA:115,0
DA:118,0
DA:132,0
DA:133,0
DA:135,0
DA:136,0
DA:137,0
DA:139,0
DA:144,2
DA:145,0
DA:148,2
LF:74
LH:13
BRDA:7,0,0,0
BRDA:17,1,0,0
BRDA:17,1,1,0
BRDA:17,2,0,0
BRDA:17,2,1,0
BRDA:28,3,0,0
BRDA:28,3,1,0
BRDA:70,4,0,0
BRDA:78,5,0,0
BRDA:82,6,0,0
BRDA:86,7,0,0
BRDA:91,8,0,0
BRDA:98,9,0,0
BRDA:98,9,1,0
BRDA:99,10,0,0
BRDA:99,10,1,0
BRDA:100,11,0,0
BRDA:100,11,1,0
BRDA:100,11,2,0
BRDA:100,11,3,0
BRDA:101,12,0,0
BRDA:101,12,1,0
BRDA:101,12,2,0
BRDA:101,12,3,0
BRDA:102,13,0,0
BRDA:102,13,1,0
BRDA:102,13,2,0
BRDA:106,14,0,0
BRDA:107,15,0,0
BRDA:107,16,0,0
BRDA:107,16,1,0
BRDA:108,17,0,0
BRDA:108,18,0,0
BRDA:108,18,1,0
BRDA:109,19,0,0
BRDA:109,20,0,0
BRDA:109,20,1,0
BRDA:111,21,0,0
BRDA:111,21,1,0
BRDA:113,22,0,0
BRDA:113,22,1,0
BRDA:113,22,2,0
BRDA:113,22,3,0
BRDA:114,23,0,0
BRDA:114,23,1,0
BRDA:114,23,2,0
BRDA:114,23,3,0
BRDA:115,24,0,0
BRDA:115,24,1,0
BRDA:115,24,2,0
BRDA:115,24,3,0
BRDA:115,24,4,0
BRF:52
BRH:0
end_of_record
TN:
SF:src\services\api.js
FN:3,(anonymous_0)
FN:10,(anonymous_1)
FN:17,(anonymous_2)
FN:30,(anonymous_3)
FN:43,(anonymous_4)
FNF:5
FNH:0
FNDA:0,(anonymous_0)
FNDA:0,(anonymous_1)
FNDA:0,(anonymous_2)
FNDA:0,(anonymous_3)
FNDA:0,(anonymous_4)
DA:1,2
DA:3,2
DA:4,0
DA:5,0
DA:6,0
DA:7,0
DA:9,0
DA:10,0
DA:12,0
DA:13,0
DA:17,2
DA:18,0
DA:19,0
DA:20,0
DA:21,0
DA:23,0
DA:25,0
DA:26,0
DA:30,2
DA:31,0
DA:32,0
DA:33,0
DA:34,0
DA:36,0
DA:38,0
DA:39,0
DA:43,2
DA:44,0
DA:45,0
DA:46,0
DA:47,0
DA:49,0
DA:51,0
DA:52,0
LF:34
LH:5
BRDA:6,0,0,0
BRDA:20,1,0,0
BRDA:33,2,0,0
BRDA:46,3,0,0
BRF:4
BRH:0
end_of_record
TN:
SF:src\services\notificationService.js
FN:6,(anonymous_0)
FN:28,(anonymous_1)
FN:44,(anonymous_2)
FN:65,(anonymous_3)
FN:86,(anonymous_4)
FN:104,(anonymous_5)
FN:126,(anonymous_6)
FN:138,(anonymous_7)
FN:152,(anonymous_8)
FN:162,(anonymous_9)
FNF:10
FNH:1
FNDA:4,(anonymous_0)
FNDA:0,(anonymous_1)
FNDA:0,(anonymous_2)
FNDA:0,(anonymous_3)
FNDA:0,(anonymous_4)
FNDA:0,(anonymous_5)
FNDA:0,(anonymous_6)
FNDA:0,(anonymous_7)
FNDA:0,(anonymous_8)
FNDA:0,(anonymous_9)
DA:1,2
DA:7,4
DA:8,4
DA:9,4
DA:15,4
DA:16,4
DA:17,0
DA:20,4
DA:22,0
DA:23,0
DA:29,0
DA:30,0
DA:31,0
DA:32,0
DA:35,0
DA:36,0
DA:38,0
DA:39,0
DA:45,0
DA:46,0
DA:53,0
DA:54,0
DA:57,0
DA:59,0
DA:60,0
DA:66,0
DA:67,0
DA:74,0
DA:75,0
DA:78,0
DA:80,0
DA:81,0
DA:87,0
DA:88,0
DA:92,0
DA:93,0
DA:96,0
DA:98,0
DA:99,0
DA:105,0
DA:106,0
DA:114,0
DA:115,0
DA:118,0
DA:120,0
DA:121,0
DA:127,0
DA:129,0
DA:139,0
DA:148,0
DA:153,0
DA:158,0
DA:163,0
DA:164,0
DA:166,0
DA:167,0
DA:168,0
DA:169,0
DA:170,0
DA:171,0
DA:172,0
DA:173,0
DA:174,0
DA:175,0
DA:176,0
DA:178,0
LF:66
LH:7
BRDA:1,0,0,2
BRDA:1,0,1,2
BRDA:6,1,0,0
BRDA:8,2,0,4
BRDA:8,3,0,4
BRDA:8,4,0,4
BRDA:16,5,0,0
BRDA:31,6,0,0
BRDA:36,7,0,0
BRDA:36,7,1,0
BRDA:53,8,0,0
BRDA:74,9,0,0
BRDA:92,10,0,0
BRDA:114,11,0,0
BRDA:148,12,0,0
BRDA:148,12,1,0
BRDA:158,13,0,0
BRDA:158,13,1,0
BRDA:166,14,0,0
BRDA:166,14,1,0
BRDA:168,15,0,0
BRDA:168,15,1,0
BRDA:170,16,0,0
BRDA:170,16,1,0
BRDA:171,17,0,0
BRDA:171,17,1,0
BRDA:173,18,0,0
BRDA:173,18,1,0
BRDA:174,19,0,0
BRDA:174,19,1,0
BRDA:176,20,0,0
BRDA:176,20,1,0
BRF:32
BRH:5
end_of_record
TN:
SF:src\utils\darkModeDetector.js
FN:4,initDarkModeDetector
FN:6,updateDarkMode
FN:22,(anonymous_2)
FNF:3
FNH:2
FNDA:2,initDarkModeDetector
FNDA:2,updateDarkMode
FNDA:0,(anonymous_2)
DA:7,2
DA:8,2
DA:9,0
DA:10,0
DA:12,0
DA:18,2
DA:19,2
DA:22,2
DA:23,0
DA:28,2
DA:29,0
DA:31,2
LF:12
LH:7
BRDA:8,0,0,0
BRDA:9,1,0,0
BRDA:9,1,1,0
BRDA:28,2,0,0
BRDA:28,2,1,2
BRF:5
BRH:1
end_of_record
TN:
SF:src\utils\getProductImageUrl.js
FN:7,getProductImageUrl
FNF:1
FNH:1
FNDA:4,getProductImageUrl
DA:3,2
DA:8,4
DA:11,4
DA:14,4
DA:15,0
DA:16,0
DA:20,4
DA:21,0
DA:22,0
DA:26,4
DA:28,4
DA:29,4
DA:32,4
DA:33,0
DA:37,4
DA:38,0
DA:41,4
DA:42,4
DA:47,0
DA:48,0
DA:51,0
DA:52,0
DA:55,0
DA:56,0
DA:61,0
DA:62,0
DA:63,0
DA:65,0
LF:28
LH:12
BRDA:11,0,0,0
BRDA:14,1,0,0
BRDA:20,2,0,0
BRDA:21,3,0,0
BRDA:21,3,1,0
BRDA:21,3,2,0
BRDA:21,3,3,0
BRDA:22,4,0,0
BRDA:22,4,1,0
BRDA:26,5,0,0
BRDA:29,6,0,0
BRDA:32,7,0,0
BRDA:32,8,0,4
BRDA:32,8,1,4
BRDA:37,9,0,0
BRDA:41,10,0,4
BRDA:47,11,0,0
BRDA:51,12,0,0
BRDA:55,13,0,0
BRDA:61,14,0,0
BRDA:62,15,0,0
BRDA:62,16,0,0
BRDA:62,16,1,0
BRF:23
BRH:3
end_of_record
TN:
SF:src\utils\normalizeImageUrl.js
FN:10,normalizeImageUrl
FNF:1
FNH:0
FNDA:0,normalizeImageUrl
DA:7,2
DA:8,2
DA:11,0
DA:12,0
DA:13,0
DA:14,0
DA:16,0
LF:7
LH:2
BRDA:11,0,0,0
BRDA:11,1,0,0
BRDA:11,1,1,0
BRDA:13,2,0,0
BRDA:14,3,0,0
BRDA:14,4,0,0
BRDA:14,4,1,0
BRDA:16,5,0,0
BRDA:16,5,1,0
BRF:9
BRH:0
end_of_record
TN:
SF:src\utils\productEvents.js
FN:4,(anonymous_0)
FN:9,(anonymous_1)
FN:16,(anonymous_2)
FN:28,(anonymous_3)
FN:31,(anonymous_4)
FN:42,(anonymous_5)
FN:59,(anonymous_6)
FN:63,(anonymous_7)
FN:67,(anonymous_8)
FN:71,(anonymous_9)
FN:76,(anonymous_10)
FNF:11
FNH:2
FNDA:2,(anonymous_0)
FNDA:0,(anonymous_1)
FNDA:0,(anonymous_2)
FNDA:0,(anonymous_3)
FNDA:0,(anonymous_4)
FNDA:0,(anonymous_5)
FNDA:0,(anonymous_6)
FNDA:0,(anonymous_7)
FNDA:0,(anonymous_8)
FNDA:0,(anonymous_9)
FNDA:2,(anonymous_10)
DA:5,2
DA:10,0
DA:11,0
DA:13,0
DA:16,0
DA:17,0
DA:18,0
DA:19,0
DA:20,0
DA:21,0
DA:29,0
DA:30,0
DA:31,0
DA:32,0
DA:33,0
DA:35,0
DA:43,0
DA:48,2
DA:51,2
DA:59,2
DA:60,0
DA:63,2
DA:64,0
DA:67,2
DA:68,0
DA:71,2
DA:72,0
DA:76,2
DA:77,2
LF:29
LH:9
BRDA:10,0,0,0
BRDA:18,1,0,0
BRDA:20,2,0,0
BRDA:30,3,0,0
BRF:4
BRH:0
end_of_record
